2021-10-16 11:47:50,603 - mmdet - INFO - Environment info:
------------------------------------------------------------
sys.platform: linux
Python: 3.7.10 (default, Feb 26 2021, 18:47:35) [GCC 7.3.0]
CUDA available: True
GPU 0: Tesla V100-PCIE-16GB
CUDA_HOME: /usr/local/cuda/10.1/
NVCC: Cuda compilation tools, release 10.1, V10.1.105
GCC: gcc (GCC) 5.4.0
PyTorch: 1.6.0+cu101
PyTorch compiling details: PyTorch built with:
  - GCC 7.3
  - C++ Version: 201402
  - Intel(R) Math Kernel Library Version 2019.0.5 Product Build 20190808 for Intel(R) 64 architecture applications
  - Intel(R) MKL-DNN v1.5.0 (Git Hash e2ac1fac44c5078ca927cb9b90e1b3066a0b2ed0)
  - OpenMP 201511 (a.k.a. OpenMP 4.5)
  - NNPACK is enabled
  - CPU capability usage: AVX2
  - CUDA Runtime 10.1
  - NVCC architecture flags: -gencode;arch=compute_37,code=sm_37;-gencode;arch=compute_50,code=sm_50;-gencode;arch=compute_60,code=sm_60;-gencode;arch=compute_70,code=sm_70;-gencode;arch=compute_75,code=sm_75
  - CuDNN 7.6.3
  - Magma 2.5.2
  - Build settings: BLAS=MKL, BUILD_TYPE=Release, CXX_FLAGS= -Wno-deprecated -fvisibility-inlines-hidden -DUSE_PTHREADPOOL -fopenmp -DNDEBUG -DUSE_FBGEMM -DUSE_QNNPACK -DUSE_PYTORCH_QNNPACK -DUSE_XNNPACK -DUSE_VULKAN_WRAPPER -O2 -fPIC -Wno-narrowing -Wall -Wextra -Werror=return-type -Wno-missing-field-initializers -Wno-type-limits -Wno-array-bounds -Wno-unknown-pragmas -Wno-sign-compare -Wno-unused-parameter -Wno-unused-variable -Wno-unused-function -Wno-unused-result -Wno-unused-local-typedefs -Wno-strict-overflow -Wno-strict-aliasing -Wno-error=deprecated-declarations -Wno-stringop-overflow -Wno-error=pedantic -Wno-error=redundant-decls -Wno-error=old-style-cast -fdiagnostics-color=always -faligned-new -Wno-unused-but-set-variable -Wno-maybe-uninitialized -fno-math-errno -fno-trapping-math -Werror=format -Wno-stringop-overflow, PERF_WITH_AVX=1, PERF_WITH_AVX2=1, PERF_WITH_AVX512=1, USE_CUDA=ON, USE_EXCEPTION_PTR=1, USE_GFLAGS=OFF, USE_GLOG=OFF, USE_MKL=ON, USE_MKLDNN=ON, USE_MPI=OFF, USE_NCCL=ON, USE_NNPACK=ON, USE_OPENMP=ON, USE_STATIC_DISPATCH=OFF, 

TorchVision: 0.7.0+cu101
OpenCV: 4.5.2
MMCV: 1.2.7
MMCV Compiler: GCC 7.3
MMCV CUDA Compiler: 10.1
MMDetection: 2.11.0+9d823e6
------------------------------------------------------------

2021-10-16 11:47:51,022 - mmdet - INFO - Distributed training: False
2021-10-16 11:47:51,417 - mmdet - INFO - Config:
model = dict(
    type='CascadeRCNN',
    pretrained='open-mmlab://resnext101_64x4d',
    backbone=dict(
        type='ResNeXt',
        depth=101,
        num_stages=4,
        out_indices=(0, 1, 2, 3),
        frozen_stages=1,
        norm_cfg=dict(type='BN', requires_grad=True),
        norm_eval=True,
        style='pytorch',
        groups=64,
        base_width=4),
    neck=dict(
        type='FPN',
        in_channels=[256, 512, 1024, 2048],
        out_channels=256,
        num_outs=5),
    rpn_head=dict(
        type='RPNHead',
        in_channels=256,
        feat_channels=256,
        anchor_generator=dict(
            type='AnchorGenerator',
            scales=[8],
            ratios=[0.5, 1.0, 2.0],
            strides=[4, 8, 16, 32, 64]),
        bbox_coder=dict(
            type='DeltaXYWHBBoxCoder',
            target_means=[0.0, 0.0, 0.0, 0.0],
            target_stds=[1.0, 1.0, 1.0, 1.0]),
        loss_cls=dict(
            type='CrossEntropyLoss', use_sigmoid=True, loss_weight=1.0),
        loss_bbox=dict(
            type='SmoothL1Loss', beta=0.1111111111111111, loss_weight=1.0)),
    roi_head=dict(
        type='CascadeRoIHead',
        num_stages=3,
        stage_loss_weights=[1, 0.5, 0.25],
        bbox_roi_extractor=dict(
            type='SingleRoIExtractor',
            roi_layer=dict(type='RoIAlign', output_size=7, sampling_ratio=0),
            out_channels=256,
            featmap_strides=[4, 8, 16, 32]),
        bbox_head=[
            dict(
                type='Shared2FCBBoxHead',
                in_channels=256,
                fc_out_channels=1024,
                roi_feat_size=7,
                num_classes=1,
                bbox_coder=dict(
                    type='DeltaXYWHBBoxCoder',
                    target_means=[0.0, 0.0, 0.0, 0.0],
                    target_stds=[0.1, 0.1, 0.2, 0.2]),
                reg_class_agnostic=True,
                loss_cls=dict(
                    type='CrossEntropyLoss',
                    use_sigmoid=False,
                    loss_weight=1.0),
                loss_bbox=dict(type='SmoothL1Loss', beta=1.0,
                               loss_weight=1.0)),
            dict(
                type='Shared2FCBBoxHead',
                in_channels=256,
                fc_out_channels=1024,
                roi_feat_size=7,
                num_classes=1,
                bbox_coder=dict(
                    type='DeltaXYWHBBoxCoder',
                    target_means=[0.0, 0.0, 0.0, 0.0],
                    target_stds=[0.05, 0.05, 0.1, 0.1]),
                reg_class_agnostic=True,
                loss_cls=dict(
                    type='CrossEntropyLoss',
                    use_sigmoid=False,
                    loss_weight=1.0),
                loss_bbox=dict(type='SmoothL1Loss', beta=1.0,
                               loss_weight=1.0)),
            dict(
                type='Shared2FCBBoxHead',
                in_channels=256,
                fc_out_channels=1024,
                roi_feat_size=7,
                num_classes=1,
                bbox_coder=dict(
                    type='DeltaXYWHBBoxCoder',
                    target_means=[0.0, 0.0, 0.0, 0.0],
                    target_stds=[0.033, 0.033, 0.067, 0.067]),
                reg_class_agnostic=True,
                loss_cls=dict(
                    type='CrossEntropyLoss',
                    use_sigmoid=False,
                    loss_weight=1.0),
                loss_bbox=dict(type='SmoothL1Loss', beta=1.0, loss_weight=1.0))
        ],
        mask_roi_extractor=dict(
            type='SingleRoIExtractor',
            roi_layer=dict(type='RoIAlign', output_size=14, sampling_ratio=0),
            out_channels=256,
            featmap_strides=[4, 8, 16, 32]),
        mask_head=dict(
            type='FCNMaskHead',
            num_convs=4,
            in_channels=256,
            conv_out_channels=256,
            num_classes=1,
            loss_mask=dict(
                type='CrossEntropyLoss', use_mask=True, loss_weight=1.0))),
    train_cfg=dict(
        rpn=dict(
            assigner=dict(
                type='MaxIoUAssigner',
                pos_iou_thr=0.7,
                neg_iou_thr=0.3,
                min_pos_iou=0.3,
                match_low_quality=True,
                ignore_iof_thr=-1),
            sampler=dict(
                type='RandomSampler',
                num=256,
                pos_fraction=0.5,
                neg_pos_ub=-1,
                add_gt_as_proposals=False),
            allowed_border=0,
            pos_weight=-1,
            debug=False),
        rpn_proposal=dict(
            nms_pre=2000,
            max_per_img=2000,
            nms=dict(type='nms', iou_threshold=0.7),
            min_bbox_size=0),
        rcnn=[
            dict(
                assigner=dict(
                    type='MaxIoUAssigner',
                    pos_iou_thr=0.5,
                    neg_iou_thr=0.5,
                    min_pos_iou=0.5,
                    match_low_quality=False,
                    ignore_iof_thr=-1),
                sampler=dict(
                    type='RandomSampler',
                    num=512,
                    pos_fraction=0.25,
                    neg_pos_ub=-1,
                    add_gt_as_proposals=True),
                mask_size=28,
                pos_weight=-1,
                debug=False),
            dict(
                assigner=dict(
                    type='MaxIoUAssigner',
                    pos_iou_thr=0.6,
                    neg_iou_thr=0.6,
                    min_pos_iou=0.6,
                    match_low_quality=False,
                    ignore_iof_thr=-1),
                sampler=dict(
                    type='RandomSampler',
                    num=512,
                    pos_fraction=0.25,
                    neg_pos_ub=-1,
                    add_gt_as_proposals=True),
                mask_size=28,
                pos_weight=-1,
                debug=False),
            dict(
                assigner=dict(
                    type='MaxIoUAssigner',
                    pos_iou_thr=0.7,
                    neg_iou_thr=0.7,
                    min_pos_iou=0.7,
                    match_low_quality=False,
                    ignore_iof_thr=-1),
                sampler=dict(
                    type='RandomSampler',
                    num=512,
                    pos_fraction=0.25,
                    neg_pos_ub=-1,
                    add_gt_as_proposals=True),
                mask_size=28,
                pos_weight=-1,
                debug=False)
        ]),
    test_cfg=dict(
        rpn=dict(
            nms_pre=1000,
            max_per_img=1000,
            nms=dict(type='nms', iou_threshold=0.7),
            min_bbox_size=0),
        rcnn=dict(
            score_thr=0.05,
            nms=dict(type='nms', iou_threshold=0.5),
            max_per_img=100,
            mask_thr_binary=0.5)))
dataset_type = 'CocoDataset'
classes = ('beading', 'nebulizer')
data_root = 'data/'
img_norm_cfg = dict(
    mean=[123.675, 116.28, 103.53], std=[58.395, 57.12, 57.375], to_rgb=True)
train_pipeline = [
    dict(type='LoadImageFromFile'),
    dict(
        type='LoadAnnotations', with_bbox=True, with_mask=True,
        poly2mask=True),
    dict(type='Resize', img_scale=(1333, 800), keep_ratio=True),
    dict(type='RandomFlip', flip_ratio=0.5),
    dict(
        type='Normalize',
        mean=[123.675, 116.28, 103.53],
        std=[58.395, 57.12, 57.375],
        to_rgb=True),
    dict(type='Pad', size_divisor=32),
    dict(type='DefaultFormatBundle'),
    dict(type='Collect', keys=['img', 'gt_bboxes', 'gt_labels', 'gt_masks'])
]
test_pipeline = [
    dict(type='LoadImageFromFile'),
    dict(
        type='MultiScaleFlipAug',
        img_scale=(1333, 800),
        flip=False,
        transforms=[
            dict(type='Resize', keep_ratio=True),
            dict(type='RandomFlip'),
            dict(
                type='Normalize',
                mean=[123.675, 116.28, 103.53],
                std=[58.395, 57.12, 57.375],
                to_rgb=True),
            dict(type='Pad', size_divisor=32),
            dict(type='ImageToTensor', keys=['img']),
            dict(type='Collect', keys=['img'])
        ])
]
data = dict(
    samples_per_gpu=2,
    workers_per_gpu=2,
    train=dict(
        type='CocoDataset',
        classes=('beading', 'nebulizer'),
        ann_file='data/w_nebulizer_train_iter1.json',
        img_prefix='data/w_nebulizer_save_4/',
        pipeline=[
            dict(type='LoadImageFromFile'),
            dict(
                type='LoadAnnotations',
                with_bbox=True,
                with_mask=True,
                poly2mask=True),
            dict(type='Resize', img_scale=(1333, 800), keep_ratio=True),
            dict(type='RandomFlip', flip_ratio=0.5),
            dict(
                type='Normalize',
                mean=[123.675, 116.28, 103.53],
                std=[58.395, 57.12, 57.375],
                to_rgb=True),
            dict(type='Pad', size_divisor=32),
            dict(type='DefaultFormatBundle'),
            dict(
                type='Collect',
                keys=['img', 'gt_bboxes', 'gt_labels', 'gt_masks'])
        ]),
    val=dict(
        type='CocoDataset',
        classes=('beading', 'nebulizer'),
        ann_file='data/w_nebulizer_test_iter1_no_neb.json',
        img_prefix='data/w_nebulizer_save_4/',
        pipeline=[
            dict(type='LoadImageFromFile'),
            dict(
                type='MultiScaleFlipAug',
                img_scale=(1333, 800),
                flip=False,
                transforms=[
                    dict(type='Resize', keep_ratio=True),
                    dict(type='RandomFlip'),
                    dict(
                        type='Normalize',
                        mean=[123.675, 116.28, 103.53],
                        std=[58.395, 57.12, 57.375],
                        to_rgb=True),
                    dict(type='Pad', size_divisor=32),
                    dict(type='ImageToTensor', keys=['img']),
                    dict(type='Collect', keys=['img'])
                ])
        ]),
    test=dict(
        type='CocoDataset',
        classes=('beading', 'nebulizer'),
        ann_file='data/w_nebulizer_test_iter1_no_neb.json',
        img_prefix='data/w_nebulizer_save_4/',
        pipeline=[
            dict(type='LoadImageFromFile'),
            dict(
                type='MultiScaleFlipAug',
                img_scale=(1333, 800),
                flip=False,
                transforms=[
                    dict(type='Resize', keep_ratio=True),
                    dict(type='RandomFlip'),
                    dict(
                        type='Normalize',
                        mean=[123.675, 116.28, 103.53],
                        std=[58.395, 57.12, 57.375],
                        to_rgb=True),
                    dict(type='Pad', size_divisor=32),
                    dict(type='ImageToTensor', keys=['img']),
                    dict(type='Collect', keys=['img'])
                ])
        ]))
evaluation = dict(interval=1, metric=['bbox', 'segm'])
optimizer = dict(type='SGD', lr=0.0025, momentum=0.9, weight_decay=0.0001)
optimizer_config = dict(grad_clip=dict(max_norm=35, norm_type=2))
lr_config = dict(
    policy='step',
    warmup='linear',
    warmup_iters=500,
    warmup_ratio=0.001,
    step=[8, 11])
runner = dict(type='EpochBasedRunner', max_epochs=56)
checkpoint_config = dict(interval=1, max_keep_ckpts=1)
log_config = dict(
    interval=2,
    hooks=[dict(type='TextLoggerHook'),
           dict(type='TensorboardLoggerHook')])
dist_params = dict(backend='nccl')
log_level = 'INFO'
load_from = None
resume_from = None
workflow = [('train', 1)]
work_dir = 'freeze/type_6_x101_64d'
gpu_ids = range(0, 1)

2021-10-16 11:47:52,744 - mmdet - INFO - load model from: open-mmlab://resnext101_64x4d
2021-10-16 11:47:52,744 - mmdet - INFO - Use load_from_openmmlab loader
2021-10-16 11:48:04,676 - mmdet - INFO - Start running, host: anley1@m3g015, work_dir: /projects/bw83/anley1/Swin-Transformer-Object-Detection/freeze/type_6_x101_64d
2021-10-16 11:48:04,676 - mmdet - INFO - workflow: [('train', 1)], max: 56 epochs
apex is not installed
apex is not installed
apex is not installed
apex is not installed
loading annotations into memory...
Done (t=0.05s)
creating index...
index created!
loading annotations into memory...
Done (t=0.02s)
creating index...
index created!
/pytorch/aten/src/ATen/native/cuda/IndexKernel.cu:84: operator(): block: [111,0,0], thread: [16,0,0] Assertion `index >= -sizes[i] && index < sizes[i] && "index out of bounds"` failed.
/pytorch/aten/src/ATen/native/cuda/IndexKernel.cu:84: operator(): block: [111,0,0], thread: [17,0,0] Assertion `index >= -sizes[i] && index < sizes[i] && "index out of bounds"` failed.
/pytorch/aten/src/ATen/native/cuda/IndexKernel.cu:84: operator(): block: [111,0,0], thread: [18,0,0] Assertion `index >= -sizes[i] && index < sizes[i] && "index out of bounds"` failed.
/pytorch/aten/src/ATen/native/cuda/IndexKernel.cu:84: operator(): block: [111,0,0], thread: [19,0,0] Assertion `index >= -sizes[i] && index < sizes[i] && "index out of bounds"` failed.
/pytorch/aten/src/ATen/native/cuda/IndexKernel.cu:84: operator(): block: [111,0,0], thread: [20,0,0] Assertion `index >= -sizes[i] && index < sizes[i] && "index out of bounds"` failed.
/pytorch/aten/src/ATen/native/cuda/IndexKernel.cu:84: operator(): block: [111,0,0], thread: [21,0,0] Assertion `index >= -sizes[i] && index < sizes[i] && "index out of bounds"` failed.
/pytorch/aten/src/ATen/native/cuda/IndexKernel.cu:84: operator(): block: [111,0,0], thread: [22,0,0] Assertion `index >= -sizes[i] && index < sizes[i] && "index out of bounds"` failed.
/pytorch/aten/src/ATen/native/cuda/IndexKernel.cu:84: operator(): block: [111,0,0], thread: [23,0,0] Assertion `index >= -sizes[i] && index < sizes[i] && "index out of bounds"` failed.
/pytorch/aten/src/ATen/native/cuda/IndexKernel.cu:84: operator(): block: [111,0,0], thread: [24,0,0] Assertion `index >= -sizes[i] && index < sizes[i] && "index out of bounds"` failed.
/pytorch/aten/src/ATen/native/cuda/IndexKernel.cu:84: operator(): block: [111,0,0], thread: [25,0,0] Assertion `index >= -sizes[i] && index < sizes[i] && "index out of bounds"` failed.
/pytorch/aten/src/ATen/native/cuda/IndexKernel.cu:84: operator(): block: [111,0,0], thread: [26,0,0] Assertion `index >= -sizes[i] && index < sizes[i] && "index out of bounds"` failed.
/pytorch/aten/src/ATen/native/cuda/IndexKernel.cu:84: operator(): block: [111,0,0], thread: [27,0,0] Assertion `index >= -sizes[i] && index < sizes[i] && "index out of bounds"` failed.
/pytorch/aten/src/ATen/native/cuda/IndexKernel.cu:84: operator(): block: [111,0,0], thread: [28,0,0] Assertion `index >= -sizes[i] && index < sizes[i] && "index out of bounds"` failed.
/pytorch/aten/src/ATen/native/cuda/IndexKernel.cu:84: operator(): block: [111,0,0], thread: [29,0,0] Assertion `index >= -sizes[i] && index < sizes[i] && "index out of bounds"` failed.
/pytorch/aten/src/ATen/native/cuda/IndexKernel.cu:84: operator(): block: [111,0,0], thread: [30,0,0] Assertion `index >= -sizes[i] && index < sizes[i] && "index out of bounds"` failed.
/pytorch/aten/src/ATen/native/cuda/IndexKernel.cu:84: operator(): block: [111,0,0], thread: [31,0,0] Assertion `index >= -sizes[i] && index < sizes[i] && "index out of bounds"` failed.
/pytorch/aten/src/ATen/native/cuda/IndexKernel.cu:84: operator(): block: [111,0,0], thread: [32,0,0] Assertion `index >= -sizes[i] && index < sizes[i] && "index out of bounds"` failed.
/pytorch/aten/src/ATen/native/cuda/IndexKernel.cu:84: operator(): block: [111,0,0], thread: [33,0,0] Assertion `index >= -sizes[i] && index < sizes[i] && "index out of bounds"` failed.
/pytorch/aten/src/ATen/native/cuda/IndexKernel.cu:84: operator(): block: [111,0,0], thread: [34,0,0] Assertion `index >= -sizes[i] && index < sizes[i] && "index out of bounds"` failed.
/pytorch/aten/src/ATen/native/cuda/IndexKernel.cu:84: operator(): block: [111,0,0], thread: [35,0,0] Assertion `index >= -sizes[i] && index < sizes[i] && "index out of bounds"` failed.
/pytorch/aten/src/ATen/native/cuda/IndexKernel.cu:84: operator(): block: [111,0,0], thread: [36,0,0] Assertion `index >= -sizes[i] && index < sizes[i] && "index out of bounds"` failed.
/pytorch/aten/src/ATen/native/cuda/IndexKernel.cu:84: operator(): block: [111,0,0], thread: [37,0,0] Assertion `index >= -sizes[i] && index < sizes[i] && "index out of bounds"` failed.
/pytorch/aten/src/ATen/native/cuda/IndexKernel.cu:84: operator(): block: [111,0,0], thread: [38,0,0] Assertion `index >= -sizes[i] && index < sizes[i] && "index out of bounds"` failed.
/pytorch/aten/src/ATen/native/cuda/IndexKernel.cu:84: operator(): block: [111,0,0], thread: [39,0,0] Assertion `index >= -sizes[i] && index < sizes[i] && "index out of bounds"` failed.
/pytorch/aten/src/ATen/native/cuda/IndexKernel.cu:84: operator(): block: [111,0,0], thread: [40,0,0] Assertion `index >= -sizes[i] && index < sizes[i] && "index out of bounds"` failed.
/pytorch/aten/src/ATen/native/cuda/IndexKernel.cu:84: operator(): block: [111,0,0], thread: [41,0,0] Assertion `index >= -sizes[i] && index < sizes[i] && "index out of bounds"` failed.
/pytorch/aten/src/ATen/native/cuda/IndexKernel.cu:84: operator(): block: [111,0,0], thread: [42,0,0] Assertion `index >= -sizes[i] && index < sizes[i] && "index out of bounds"` failed.
/pytorch/aten/src/ATen/native/cuda/IndexKernel.cu:84: operator(): block: [111,0,0], thread: [43,0,0] Assertion `index >= -sizes[i] && index < sizes[i] && "index out of bounds"` failed.
/pytorch/aten/src/ATen/native/cuda/IndexKernel.cu:84: operator(): block: [111,0,0], thread: [44,0,0] Assertion `index >= -sizes[i] && index < sizes[i] && "index out of bounds"` failed.
/pytorch/aten/src/ATen/native/cuda/IndexKernel.cu:84: operator(): block: [111,0,0], thread: [45,0,0] Assertion `index >= -sizes[i] && index < sizes[i] && "index out of bounds"` failed.
/pytorch/aten/src/ATen/native/cuda/IndexKernel.cu:84: operator(): block: [111,0,0], thread: [46,0,0] Assertion `index >= -sizes[i] && index < sizes[i] && "index out of bounds"` failed.
/pytorch/aten/src/ATen/native/cuda/IndexKernel.cu:84: operator(): block: [111,0,0], thread: [47,0,0] Assertion `index >= -sizes[i] && index < sizes[i] && "index out of bounds"` failed.
/pytorch/aten/src/ATen/native/cuda/IndexKernel.cu:84: operator(): block: [111,0,0], thread: [48,0,0] Assertion `index >= -sizes[i] && index < sizes[i] && "index out of bounds"` failed.
/pytorch/aten/src/ATen/native/cuda/IndexKernel.cu:84: operator(): block: [111,0,0], thread: [49,0,0] Assertion `index >= -sizes[i] && index < sizes[i] && "index out of bounds"` failed.
/pytorch/aten/src/ATen/native/cuda/IndexKernel.cu:84: operator(): block: [111,0,0], thread: [50,0,0] Assertion `index >= -sizes[i] && index < sizes[i] && "index out of bounds"` failed.
/pytorch/aten/src/ATen/native/cuda/IndexKernel.cu:84: operator(): block: [111,0,0], thread: [51,0,0] Assertion `index >= -sizes[i] && index < sizes[i] && "index out of bounds"` failed.
/pytorch/aten/src/ATen/native/cuda/IndexKernel.cu:84: operator(): block: [111,0,0], thread: [52,0,0] Assertion `index >= -sizes[i] && index < sizes[i] && "index out of bounds"` failed.
/pytorch/aten/src/ATen/native/cuda/IndexKernel.cu:84: operator(): block: [111,0,0], thread: [53,0,0] Assertion `index >= -sizes[i] && index < sizes[i] && "index out of bounds"` failed.
/pytorch/aten/src/ATen/native/cuda/IndexKernel.cu:84: operator(): block: [111,0,0], thread: [54,0,0] Assertion `index >= -sizes[i] && index < sizes[i] && "index out of bounds"` failed.
/pytorch/aten/src/ATen/native/cuda/IndexKernel.cu:84: operator(): block: [111,0,0], thread: [55,0,0] Assertion `index >= -sizes[i] && index < sizes[i] && "index out of bounds"` failed.
/pytorch/aten/src/ATen/native/cuda/IndexKernel.cu:84: operator(): block: [111,0,0], thread: [56,0,0] Assertion `index >= -sizes[i] && index < sizes[i] && "index out of bounds"` failed.
/pytorch/aten/src/ATen/native/cuda/IndexKernel.cu:84: operator(): block: [111,0,0], thread: [57,0,0] Assertion `index >= -sizes[i] && index < sizes[i] && "index out of bounds"` failed.
/pytorch/aten/src/ATen/native/cuda/IndexKernel.cu:84: operator(): block: [111,0,0], thread: [58,0,0] Assertion `index >= -sizes[i] && index < sizes[i] && "index out of bounds"` failed.
/pytorch/aten/src/ATen/native/cuda/IndexKernel.cu:84: operator(): block: [111,0,0], thread: [59,0,0] Assertion `index >= -sizes[i] && index < sizes[i] && "index out of bounds"` failed.
/pytorch/aten/src/ATen/native/cuda/IndexKernel.cu:84: operator(): block: [111,0,0], thread: [60,0,0] Assertion `index >= -sizes[i] && index < sizes[i] && "index out of bounds"` failed.
/pytorch/aten/src/ATen/native/cuda/IndexKernel.cu:84: operator(): block: [111,0,0], thread: [61,0,0] Assertion `index >= -sizes[i] && index < sizes[i] && "index out of bounds"` failed.
/pytorch/aten/src/ATen/native/cuda/IndexKernel.cu:84: operator(): block: [111,0,0], thread: [62,0,0] Assertion `index >= -sizes[i] && index < sizes[i] && "index out of bounds"` failed.
/pytorch/aten/src/ATen/native/cuda/IndexKernel.cu:84: operator(): block: [111,0,0], thread: [63,0,0] Assertion `index >= -sizes[i] && index < sizes[i] && "index out of bounds"` failed.
/pytorch/aten/src/ATen/native/cuda/IndexKernel.cu:84: operator(): block: [111,0,0], thread: [64,0,0] Assertion `index >= -sizes[i] && index < sizes[i] && "index out of bounds"` failed.
/pytorch/aten/src/ATen/native/cuda/IndexKernel.cu:84: operator(): block: [111,0,0], thread: [65,0,0] Assertion `index >= -sizes[i] && index < sizes[i] && "index out of bounds"` failed.
/pytorch/aten/src/ATen/native/cuda/IndexKernel.cu:84: operator(): block: [111,0,0], thread: [66,0,0] Assertion `index >= -sizes[i] && index < sizes[i] && "index out of bounds"` failed.
/pytorch/aten/src/ATen/native/cuda/IndexKernel.cu:84: operator(): block: [111,0,0], thread: [67,0,0] Assertion `index >= -sizes[i] && index < sizes[i] && "index out of bounds"` failed.
/pytorch/aten/src/ATen/native/cuda/IndexKernel.cu:84: operator(): block: [111,0,0], thread: [68,0,0] Assertion `index >= -sizes[i] && index < sizes[i] && "index out of bounds"` failed.
/pytorch/aten/src/ATen/native/cuda/IndexKernel.cu:84: operator(): block: [111,0,0], thread: [69,0,0] Assertion `index >= -sizes[i] && index < sizes[i] && "index out of bounds"` failed.
/pytorch/aten/src/ATen/native/cuda/IndexKernel.cu:84: operator(): block: [111,0,0], thread: [70,0,0] Assertion `index >= -sizes[i] && index < sizes[i] && "index out of bounds"` failed.
/pytorch/aten/src/ATen/native/cuda/IndexKernel.cu:84: operator(): block: [111,0,0], thread: [71,0,0] Assertion `index >= -sizes[i] && index < sizes[i] && "index out of bounds"` failed.
/pytorch/aten/src/ATen/native/cuda/IndexKernel.cu:84: operator(): block: [111,0,0], thread: [72,0,0] Assertion `index >= -sizes[i] && index < sizes[i] && "index out of bounds"` failed.
/pytorch/aten/src/ATen/native/cuda/IndexKernel.cu:84: operator(): block: [111,0,0], thread: [73,0,0] Assertion `index >= -sizes[i] && index < sizes[i] && "index out of bounds"` failed.
/pytorch/aten/src/ATen/native/cuda/IndexKernel.cu:84: operator(): block: [111,0,0], thread: [74,0,0] Assertion `index >= -sizes[i] && index < sizes[i] && "index out of bounds"` failed.
/pytorch/aten/src/ATen/native/cuda/IndexKernel.cu:84: operator(): block: [111,0,0], thread: [75,0,0] Assertion `index >= -sizes[i] && index < sizes[i] && "index out of bounds"` failed.
/pytorch/aten/src/ATen/native/cuda/IndexKernel.cu:84: operator(): block: [111,0,0], thread: [76,0,0] Assertion `index >= -sizes[i] && index < sizes[i] && "index out of bounds"` failed.
/pytorch/aten/src/ATen/native/cuda/IndexKernel.cu:84: operator(): block: [111,0,0], thread: [77,0,0] Assertion `index >= -sizes[i] && index < sizes[i] && "index out of bounds"` failed.
/pytorch/aten/src/ATen/native/cuda/IndexKernel.cu:84: operator(): block: [111,0,0], thread: [78,0,0] Assertion `index >= -sizes[i] && index < sizes[i] && "index out of bounds"` failed.
/pytorch/aten/src/ATen/native/cuda/IndexKernel.cu:84: operator(): block: [111,0,0], thread: [79,0,0] Assertion `index >= -sizes[i] && index < sizes[i] && "index out of bounds"` failed.
/pytorch/aten/src/ATen/native/cuda/IndexKernel.cu:84: operator(): block: [111,0,0], thread: [80,0,0] Assertion `index >= -sizes[i] && index < sizes[i] && "index out of bounds"` failed.
/pytorch/aten/src/ATen/native/cuda/IndexKernel.cu:84: operator(): block: [111,0,0], thread: [81,0,0] Assertion `index >= -sizes[i] && index < sizes[i] && "index out of bounds"` failed.
/pytorch/aten/src/ATen/native/cuda/IndexKernel.cu:84: operator(): block: [111,0,0], thread: [82,0,0] Assertion `index >= -sizes[i] && index < sizes[i] && "index out of bounds"` failed.
/pytorch/aten/src/ATen/native/cuda/IndexKernel.cu:84: operator(): block: [111,0,0], thread: [83,0,0] Assertion `index >= -sizes[i] && index < sizes[i] && "index out of bounds"` failed.
/pytorch/aten/src/ATen/native/cuda/IndexKernel.cu:84: operator(): block: [111,0,0], thread: [84,0,0] Assertion `index >= -sizes[i] && index < sizes[i] && "index out of bounds"` failed.
/pytorch/aten/src/ATen/native/cuda/IndexKernel.cu:84: operator(): block: [111,0,0], thread: [85,0,0] Assertion `index >= -sizes[i] && index < sizes[i] && "index out of bounds"` failed.
/pytorch/aten/src/ATen/native/cuda/IndexKernel.cu:84: operator(): block: [111,0,0], thread: [86,0,0] Assertion `index >= -sizes[i] && index < sizes[i] && "index out of bounds"` failed.
/pytorch/aten/src/ATen/native/cuda/IndexKernel.cu:84: operator(): block: [111,0,0], thread: [87,0,0] Assertion `index >= -sizes[i] && index < sizes[i] && "index out of bounds"` failed.
/pytorch/aten/src/ATen/native/cuda/IndexKernel.cu:84: operator(): block: [111,0,0], thread: [88,0,0] Assertion `index >= -sizes[i] && index < sizes[i] && "index out of bounds"` failed.
/pytorch/aten/src/ATen/native/cuda/IndexKernel.cu:84: operator(): block: [111,0,0], thread: [89,0,0] Assertion `index >= -sizes[i] && index < sizes[i] && "index out of bounds"` failed.
/pytorch/aten/src/ATen/native/cuda/IndexKernel.cu:84: operator(): block: [111,0,0], thread: [90,0,0] Assertion `index >= -sizes[i] && index < sizes[i] && "index out of bounds"` failed.
/pytorch/aten/src/ATen/native/cuda/IndexKernel.cu:84: operator(): block: [111,0,0], thread: [91,0,0] Assertion `index >= -sizes[i] && index < sizes[i] && "index out of bounds"` failed.
/pytorch/aten/src/ATen/native/cuda/IndexKernel.cu:84: operator(): block: [111,0,0], thread: [92,0,0] Assertion `index >= -sizes[i] && index < sizes[i] && "index out of bounds"` failed.
/pytorch/aten/src/ATen/native/cuda/IndexKernel.cu:84: operator(): block: [111,0,0], thread: [93,0,0] Assertion `index >= -sizes[i] && index < sizes[i] && "index out of bounds"` failed.
/pytorch/aten/src/ATen/native/cuda/IndexKernel.cu:84: operator(): block: [111,0,0], thread: [94,0,0] Assertion `index >= -sizes[i] && index < sizes[i] && "index out of bounds"` failed.
/pytorch/aten/src/ATen/native/cuda/IndexKernel.cu:84: operator(): block: [111,0,0], thread: [95,0,0] Assertion `index >= -sizes[i] && index < sizes[i] && "index out of bounds"` failed.
/pytorch/aten/src/ATen/native/cuda/IndexKernel.cu:84: operator(): block: [111,0,0], thread: [96,0,0] Assertion `index >= -sizes[i] && index < sizes[i] && "index out of bounds"` failed.
/pytorch/aten/src/ATen/native/cuda/IndexKernel.cu:84: operator(): block: [111,0,0], thread: [97,0,0] Assertion `index >= -sizes[i] && index < sizes[i] && "index out of bounds"` failed.
/pytorch/aten/src/ATen/native/cuda/IndexKernel.cu:84: operator(): block: [111,0,0], thread: [98,0,0] Assertion `index >= -sizes[i] && index < sizes[i] && "index out of bounds"` failed.
/pytorch/aten/src/ATen/native/cuda/IndexKernel.cu:84: operator(): block: [111,0,0], thread: [99,0,0] Assertion `index >= -sizes[i] && index < sizes[i] && "index out of bounds"` failed.
/pytorch/aten/src/ATen/native/cuda/IndexKernel.cu:84: operator(): block: [111,0,0], thread: [100,0,0] Assertion `index >= -sizes[i] && index < sizes[i] && "index out of bounds"` failed.
/pytorch/aten/src/ATen/native/cuda/IndexKernel.cu:84: operator(): block: [111,0,0], thread: [101,0,0] Assertion `index >= -sizes[i] && index < sizes[i] && "index out of bounds"` failed.
/pytorch/aten/src/ATen/native/cuda/IndexKernel.cu:84: operator(): block: [111,0,0], thread: [102,0,0] Assertion `index >= -sizes[i] && index < sizes[i] && "index out of bounds"` failed.
/pytorch/aten/src/ATen/native/cuda/IndexKernel.cu:84: operator(): block: [111,0,0], thread: [103,0,0] Assertion `index >= -sizes[i] && index < sizes[i] && "index out of bounds"` failed.
/pytorch/aten/src/ATen/native/cuda/IndexKernel.cu:84: operator(): block: [111,0,0], thread: [104,0,0] Assertion `index >= -sizes[i] && index < sizes[i] && "index out of bounds"` failed.
/pytorch/aten/src/ATen/native/cuda/IndexKernel.cu:84: operator(): block: [111,0,0], thread: [105,0,0] Assertion `index >= -sizes[i] && index < sizes[i] && "index out of bounds"` failed.
/pytorch/aten/src/ATen/native/cuda/IndexKernel.cu:84: operator(): block: [111,0,0], thread: [106,0,0] Assertion `index >= -sizes[i] && index < sizes[i] && "index out of bounds"` failed.
/pytorch/aten/src/ATen/native/cuda/IndexKernel.cu:84: operator(): block: [111,0,0], thread: [107,0,0] Assertion `index >= -sizes[i] && index < sizes[i] && "index out of bounds"` failed.
/pytorch/aten/src/ATen/native/cuda/IndexKernel.cu:84: operator(): block: [111,0,0], thread: [108,0,0] Assertion `index >= -sizes[i] && index < sizes[i] && "index out of bounds"` failed.
/pytorch/aten/src/ATen/native/cuda/IndexKernel.cu:84: operator(): block: [111,0,0], thread: [109,0,0] Assertion `index >= -sizes[i] && index < sizes[i] && "index out of bounds"` failed.
/pytorch/aten/src/ATen/native/cuda/IndexKernel.cu:84: operator(): block: [111,0,0], thread: [110,0,0] Assertion `index >= -sizes[i] && index < sizes[i] && "index out of bounds"` failed.
/pytorch/aten/src/ATen/native/cuda/IndexKernel.cu:84: operator(): block: [111,0,0], thread: [111,0,0] Assertion `index >= -sizes[i] && index < sizes[i] && "index out of bounds"` failed.
/pytorch/aten/src/ATen/native/cuda/IndexKernel.cu:84: operator(): block: [111,0,0], thread: [112,0,0] Assertion `index >= -sizes[i] && index < sizes[i] && "index out of bounds"` failed.
/pytorch/aten/src/ATen/native/cuda/IndexKernel.cu:84: operator(): block: [111,0,0], thread: [113,0,0] Assertion `index >= -sizes[i] && index < sizes[i] && "index out of bounds"` failed.
/pytorch/aten/src/ATen/native/cuda/IndexKernel.cu:84: operator(): block: [111,0,0], thread: [114,0,0] Assertion `index >= -sizes[i] && index < sizes[i] && "index out of bounds"` failed.
/pytorch/aten/src/ATen/native/cuda/IndexKernel.cu:84: operator(): block: [111,0,0], thread: [115,0,0] Assertion `index >= -sizes[i] && index < sizes[i] && "index out of bounds"` failed.
/pytorch/aten/src/ATen/native/cuda/IndexKernel.cu:84: operator(): block: [111,0,0], thread: [116,0,0] Assertion `index >= -sizes[i] && index < sizes[i] && "index out of bounds"` failed.
/pytorch/aten/src/ATen/native/cuda/IndexKernel.cu:84: operator(): block: [111,0,0], thread: [117,0,0] Assertion `index >= -sizes[i] && index < sizes[i] && "index out of bounds"` failed.
/pytorch/aten/src/ATen/native/cuda/IndexKernel.cu:84: operator(): block: [111,0,0], thread: [118,0,0] Assertion `index >= -sizes[i] && index < sizes[i] && "index out of bounds"` failed.
/pytorch/aten/src/ATen/native/cuda/IndexKernel.cu:84: operator(): block: [111,0,0], thread: [119,0,0] Assertion `index >= -sizes[i] && index < sizes[i] && "index out of bounds"` failed.
/pytorch/aten/src/ATen/native/cuda/IndexKernel.cu:84: operator(): block: [111,0,0], thread: [120,0,0] Assertion `index >= -sizes[i] && index < sizes[i] && "index out of bounds"` failed.
/pytorch/aten/src/ATen/native/cuda/IndexKernel.cu:84: operator(): block: [111,0,0], thread: [121,0,0] Assertion `index >= -sizes[i] && index < sizes[i] && "index out of bounds"` failed.
/pytorch/aten/src/ATen/native/cuda/IndexKernel.cu:84: operator(): block: [111,0,0], thread: [122,0,0] Assertion `index >= -sizes[i] && index < sizes[i] && "index out of bounds"` failed.
/pytorch/aten/src/ATen/native/cuda/IndexKernel.cu:84: operator(): block: [111,0,0], thread: [123,0,0] Assertion `index >= -sizes[i] && index < sizes[i] && "index out of bounds"` failed.
/pytorch/aten/src/ATen/native/cuda/IndexKernel.cu:84: operator(): block: [111,0,0], thread: [124,0,0] Assertion `index >= -sizes[i] && index < sizes[i] && "index out of bounds"` failed.
/pytorch/aten/src/ATen/native/cuda/IndexKernel.cu:84: operator(): block: [111,0,0], thread: [125,0,0] Assertion `index >= -sizes[i] && index < sizes[i] && "index out of bounds"` failed.
/pytorch/aten/src/ATen/native/cuda/IndexKernel.cu:84: operator(): block: [111,0,0], thread: [126,0,0] Assertion `index >= -sizes[i] && index < sizes[i] && "index out of bounds"` failed.
/pytorch/aten/src/ATen/native/cuda/IndexKernel.cu:84: operator(): block: [111,0,0], thread: [127,0,0] Assertion `index >= -sizes[i] && index < sizes[i] && "index out of bounds"` failed.
/pytorch/aten/src/ATen/native/cuda/IndexKernel.cu:84: operator(): block: [113,0,0], thread: [32,0,0] Assertion `index >= -sizes[i] && index < sizes[i] && "index out of bounds"` failed.
/pytorch/aten/src/ATen/native/cuda/IndexKernel.cu:84: operator(): block: [113,0,0], thread: [33,0,0] Assertion `index >= -sizes[i] && index < sizes[i] && "index out of bounds"` failed.
/pytorch/aten/src/ATen/native/cuda/IndexKernel.cu:84: operator(): block: [113,0,0], thread: [34,0,0] Assertion `index >= -sizes[i] && index < sizes[i] && "index out of bounds"` failed.
/pytorch/aten/src/ATen/native/cuda/IndexKernel.cu:84: operator(): block: [113,0,0], thread: [35,0,0] Assertion `index >= -sizes[i] && index < sizes[i] && "index out of bounds"` failed.
/pytorch/aten/src/ATen/native/cuda/IndexKernel.cu:84: operator(): block: [113,0,0], thread: [36,0,0] Assertion `index >= -sizes[i] && index < sizes[i] && "index out of bounds"` failed.
/pytorch/aten/src/ATen/native/cuda/IndexKernel.cu:84: operator(): block: [113,0,0], thread: [37,0,0] Assertion `index >= -sizes[i] && index < sizes[i] && "index out of bounds"` failed.
/pytorch/aten/src/ATen/native/cuda/IndexKernel.cu:84: operator(): block: [113,0,0], thread: [38,0,0] Assertion `index >= -sizes[i] && index < sizes[i] && "index out of bounds"` failed.
/pytorch/aten/src/ATen/native/cuda/IndexKernel.cu:84: operator(): block: [113,0,0], thread: [39,0,0] Assertion `index >= -sizes[i] && index < sizes[i] && "index out of bounds"` failed.
/pytorch/aten/src/ATen/native/cuda/IndexKernel.cu:84: operator(): block: [113,0,0], thread: [40,0,0] Assertion `index >= -sizes[i] && index < sizes[i] && "index out of bounds"` failed.
/pytorch/aten/src/ATen/native/cuda/IndexKernel.cu:84: operator(): block: [113,0,0], thread: [41,0,0] Assertion `index >= -sizes[i] && index < sizes[i] && "index out of bounds"` failed.
/pytorch/aten/src/ATen/native/cuda/IndexKernel.cu:84: operator(): block: [113,0,0], thread: [42,0,0] Assertion `index >= -sizes[i] && index < sizes[i] && "index out of bounds"` failed.
/pytorch/aten/src/ATen/native/cuda/IndexKernel.cu:84: operator(): block: [113,0,0], thread: [43,0,0] Assertion `index >= -sizes[i] && index < sizes[i] && "index out of bounds"` failed.
/pytorch/aten/src/ATen/native/cuda/IndexKernel.cu:84: operator(): block: [113,0,0], thread: [44,0,0] Assertion `index >= -sizes[i] && index < sizes[i] && "index out of bounds"` failed.
/pytorch/aten/src/ATen/native/cuda/IndexKernel.cu:84: operator(): block: [113,0,0], thread: [45,0,0] Assertion `index >= -sizes[i] && index < sizes[i] && "index out of bounds"` failed.
/pytorch/aten/src/ATen/native/cuda/IndexKernel.cu:84: operator(): block: [113,0,0], thread: [46,0,0] Assertion `index >= -sizes[i] && index < sizes[i] && "index out of bounds"` failed.
/pytorch/aten/src/ATen/native/cuda/IndexKernel.cu:84: operator(): block: [113,0,0], thread: [47,0,0] Assertion `index >= -sizes[i] && index < sizes[i] && "index out of bounds"` failed.
/pytorch/aten/src/ATen/native/cuda/IndexKernel.cu:84: operator(): block: [113,0,0], thread: [48,0,0] Assertion `index >= -sizes[i] && index < sizes[i] && "index out of bounds"` failed.
/pytorch/aten/src/ATen/native/cuda/IndexKernel.cu:84: operator(): block: [113,0,0], thread: [49,0,0] Assertion `index >= -sizes[i] && index < sizes[i] && "index out of bounds"` failed.
/pytorch/aten/src/ATen/native/cuda/IndexKernel.cu:84: operator(): block: [113,0,0], thread: [50,0,0] Assertion `index >= -sizes[i] && index < sizes[i] && "index out of bounds"` failed.
/pytorch/aten/src/ATen/native/cuda/IndexKernel.cu:84: operator(): block: [113,0,0], thread: [51,0,0] Assertion `index >= -sizes[i] && index < sizes[i] && "index out of bounds"` failed.
/pytorch/aten/src/ATen/native/cuda/IndexKernel.cu:84: operator(): block: [113,0,0], thread: [52,0,0] Assertion `index >= -sizes[i] && index < sizes[i] && "index out of bounds"` failed.
/pytorch/aten/src/ATen/native/cuda/IndexKernel.cu:84: operator(): block: [113,0,0], thread: [53,0,0] Assertion `index >= -sizes[i] && index < sizes[i] && "index out of bounds"` failed.
/pytorch/aten/src/ATen/native/cuda/IndexKernel.cu:84: operator(): block: [113,0,0], thread: [54,0,0] Assertion `index >= -sizes[i] && index < sizes[i] && "index out of bounds"` failed.
/pytorch/aten/src/ATen/native/cuda/IndexKernel.cu:84: operator(): block: [113,0,0], thread: [55,0,0] Assertion `index >= -sizes[i] && index < sizes[i] && "index out of bounds"` failed.
/pytorch/aten/src/ATen/native/cuda/IndexKernel.cu:84: operator(): block: [113,0,0], thread: [56,0,0] Assertion `index >= -sizes[i] && index < sizes[i] && "index out of bounds"` failed.
/pytorch/aten/src/ATen/native/cuda/IndexKernel.cu:84: operator(): block: [113,0,0], thread: [57,0,0] Assertion `index >= -sizes[i] && index < sizes[i] && "index out of bounds"` failed.
/pytorch/aten/src/ATen/native/cuda/IndexKernel.cu:84: operator(): block: [113,0,0], thread: [58,0,0] Assertion `index >= -sizes[i] && index < sizes[i] && "index out of bounds"` failed.
/pytorch/aten/src/ATen/native/cuda/IndexKernel.cu:84: operator(): block: [113,0,0], thread: [59,0,0] Assertion `index >= -sizes[i] && index < sizes[i] && "index out of bounds"` failed.
/pytorch/aten/src/ATen/native/cuda/IndexKernel.cu:84: operator(): block: [113,0,0], thread: [60,0,0] Assertion `index >= -sizes[i] && index < sizes[i] && "index out of bounds"` failed.
/pytorch/aten/src/ATen/native/cuda/IndexKernel.cu:84: operator(): block: [113,0,0], thread: [61,0,0] Assertion `index >= -sizes[i] && index < sizes[i] && "index out of bounds"` failed.
/pytorch/aten/src/ATen/native/cuda/IndexKernel.cu:84: operator(): block: [113,0,0], thread: [62,0,0] Assertion `index >= -sizes[i] && index < sizes[i] && "index out of bounds"` failed.
/pytorch/aten/src/ATen/native/cuda/IndexKernel.cu:84: operator(): block: [113,0,0], thread: [63,0,0] Assertion `index >= -sizes[i] && index < sizes[i] && "index out of bounds"` failed.
/pytorch/aten/src/ATen/native/cuda/IndexKernel.cu:84: operator(): block: [113,0,0], thread: [96,0,0] Assertion `index >= -sizes[i] && index < sizes[i] && "index out of bounds"` failed.
/pytorch/aten/src/ATen/native/cuda/IndexKernel.cu:84: operator(): block: [113,0,0], thread: [97,0,0] Assertion `index >= -sizes[i] && index < sizes[i] && "index out of bounds"` failed.
/pytorch/aten/src/ATen/native/cuda/IndexKernel.cu:84: operator(): block: [113,0,0], thread: [98,0,0] Assertion `index >= -sizes[i] && index < sizes[i] && "index out of bounds"` failed.
/pytorch/aten/src/ATen/native/cuda/IndexKernel.cu:84: operator(): block: [113,0,0], thread: [99,0,0] Assertion `index >= -sizes[i] && index < sizes[i] && "index out of bounds"` failed.
/pytorch/aten/src/ATen/native/cuda/IndexKernel.cu:84: operator(): block: [113,0,0], thread: [100,0,0] Assertion `index >= -sizes[i] && index < sizes[i] && "index out of bounds"` failed.
/pytorch/aten/src/ATen/native/cuda/IndexKernel.cu:84: operator(): block: [113,0,0], thread: [101,0,0] Assertion `index >= -sizes[i] && index < sizes[i] && "index out of bounds"` failed.
/pytorch/aten/src/ATen/native/cuda/IndexKernel.cu:84: operator(): block: [113,0,0], thread: [102,0,0] Assertion `index >= -sizes[i] && index < sizes[i] && "index out of bounds"` failed.
/pytorch/aten/src/ATen/native/cuda/IndexKernel.cu:84: operator(): block: [113,0,0], thread: [103,0,0] Assertion `index >= -sizes[i] && index < sizes[i] && "index out of bounds"` failed.
/pytorch/aten/src/ATen/native/cuda/IndexKernel.cu:84: operator(): block: [113,0,0], thread: [104,0,0] Assertion `index >= -sizes[i] && index < sizes[i] && "index out of bounds"` failed.
/pytorch/aten/src/ATen/native/cuda/IndexKernel.cu:84: operator(): block: [113,0,0], thread: [105,0,0] Assertion `index >= -sizes[i] && index < sizes[i] && "index out of bounds"` failed.
/pytorch/aten/src/ATen/native/cuda/IndexKernel.cu:84: operator(): block: [113,0,0], thread: [106,0,0] Assertion `index >= -sizes[i] && index < sizes[i] && "index out of bounds"` failed.
/pytorch/aten/src/ATen/native/cuda/IndexKernel.cu:84: operator(): block: [113,0,0], thread: [107,0,0] Assertion `index >= -sizes[i] && index < sizes[i] && "index out of bounds"` failed.
/pytorch/aten/src/ATen/native/cuda/IndexKernel.cu:84: operator(): block: [113,0,0], thread: [108,0,0] Assertion `index >= -sizes[i] && index < sizes[i] && "index out of bounds"` failed.
/pytorch/aten/src/ATen/native/cuda/IndexKernel.cu:84: operator(): block: [113,0,0], thread: [109,0,0] Assertion `index >= -sizes[i] && index < sizes[i] && "index out of bounds"` failed.
/pytorch/aten/src/ATen/native/cuda/IndexKernel.cu:84: operator(): block: [113,0,0], thread: [110,0,0] Assertion `index >= -sizes[i] && index < sizes[i] && "index out of bounds"` failed.
/pytorch/aten/src/ATen/native/cuda/IndexKernel.cu:84: operator(): block: [113,0,0], thread: [111,0,0] Assertion `index >= -sizes[i] && index < sizes[i] && "index out of bounds"` failed.
/pytorch/aten/src/ATen/native/cuda/IndexKernel.cu:84: operator(): block: [113,0,0], thread: [112,0,0] Assertion `index >= -sizes[i] && index < sizes[i] && "index out of bounds"` failed.
/pytorch/aten/src/ATen/native/cuda/IndexKernel.cu:84: operator(): block: [113,0,0], thread: [113,0,0] Assertion `index >= -sizes[i] && index < sizes[i] && "index out of bounds"` failed.
/pytorch/aten/src/ATen/native/cuda/IndexKernel.cu:84: operator(): block: [113,0,0], thread: [114,0,0] Assertion `index >= -sizes[i] && index < sizes[i] && "index out of bounds"` failed.
/pytorch/aten/src/ATen/native/cuda/IndexKernel.cu:84: operator(): block: [113,0,0], thread: [115,0,0] Assertion `index >= -sizes[i] && index < sizes[i] && "index out of bounds"` failed.
/pytorch/aten/src/ATen/native/cuda/IndexKernel.cu:84: operator(): block: [113,0,0], thread: [116,0,0] Assertion `index >= -sizes[i] && index < sizes[i] && "index out of bounds"` failed.
/pytorch/aten/src/ATen/native/cuda/IndexKernel.cu:84: operator(): block: [113,0,0], thread: [117,0,0] Assertion `index >= -sizes[i] && index < sizes[i] && "index out of bounds"` failed.
/pytorch/aten/src/ATen/native/cuda/IndexKernel.cu:84: operator(): block: [113,0,0], thread: [118,0,0] Assertion `index >= -sizes[i] && index < sizes[i] && "index out of bounds"` failed.
/pytorch/aten/src/ATen/native/cuda/IndexKernel.cu:84: operator(): block: [113,0,0], thread: [119,0,0] Assertion `index >= -sizes[i] && index < sizes[i] && "index out of bounds"` failed.
/pytorch/aten/src/ATen/native/cuda/IndexKernel.cu:84: operator(): block: [113,0,0], thread: [120,0,0] Assertion `index >= -sizes[i] && index < sizes[i] && "index out of bounds"` failed.
/pytorch/aten/src/ATen/native/cuda/IndexKernel.cu:84: operator(): block: [113,0,0], thread: [121,0,0] Assertion `index >= -sizes[i] && index < sizes[i] && "index out of bounds"` failed.
/pytorch/aten/src/ATen/native/cuda/IndexKernel.cu:84: operator(): block: [113,0,0], thread: [122,0,0] Assertion `index >= -sizes[i] && index < sizes[i] && "index out of bounds"` failed.
/pytorch/aten/src/ATen/native/cuda/IndexKernel.cu:84: operator(): block: [113,0,0], thread: [123,0,0] Assertion `index >= -sizes[i] && index < sizes[i] && "index out of bounds"` failed.
/pytorch/aten/src/ATen/native/cuda/IndexKernel.cu:84: operator(): block: [113,0,0], thread: [124,0,0] Assertion `index >= -sizes[i] && index < sizes[i] && "index out of bounds"` failed.
/pytorch/aten/src/ATen/native/cuda/IndexKernel.cu:84: operator(): block: [113,0,0], thread: [125,0,0] Assertion `index >= -sizes[i] && index < sizes[i] && "index out of bounds"` failed.
/pytorch/aten/src/ATen/native/cuda/IndexKernel.cu:84: operator(): block: [113,0,0], thread: [126,0,0] Assertion `index >= -sizes[i] && index < sizes[i] && "index out of bounds"` failed.
/pytorch/aten/src/ATen/native/cuda/IndexKernel.cu:84: operator(): block: [113,0,0], thread: [127,0,0] Assertion `index >= -sizes[i] && index < sizes[i] && "index out of bounds"` failed.
/pytorch/aten/src/ATen/native/cuda/IndexKernel.cu:84: operator(): block: [113,0,0], thread: [64,0,0] Assertion `index >= -sizes[i] && index < sizes[i] && "index out of bounds"` failed.
/pytorch/aten/src/ATen/native/cuda/IndexKernel.cu:84: operator(): block: [113,0,0], thread: [65,0,0] Assertion `index >= -sizes[i] && index < sizes[i] && "index out of bounds"` failed.
/pytorch/aten/src/ATen/native/cuda/IndexKernel.cu:84: operator(): block: [113,0,0], thread: [66,0,0] Assertion `index >= -sizes[i] && index < sizes[i] && "index out of bounds"` failed.
/pytorch/aten/src/ATen/native/cuda/IndexKernel.cu:84: operator(): block: [113,0,0], thread: [67,0,0] Assertion `index >= -sizes[i] && index < sizes[i] && "index out of bounds"` failed.
/pytorch/aten/src/ATen/native/cuda/IndexKernel.cu:84: operator(): block: [113,0,0], thread: [68,0,0] Assertion `index >= -sizes[i] && index < sizes[i] && "index out of bounds"` failed.
/pytorch/aten/src/ATen/native/cuda/IndexKernel.cu:84: operator(): block: [113,0,0], thread: [69,0,0] Assertion `index >= -sizes[i] && index < sizes[i] && "index out of bounds"` failed.
/pytorch/aten/src/ATen/native/cuda/IndexKernel.cu:84: operator(): block: [113,0,0], thread: [70,0,0] Assertion `index >= -sizes[i] && index < sizes[i] && "index out of bounds"` failed.
/pytorch/aten/src/ATen/native/cuda/IndexKernel.cu:84: operator(): block: [113,0,0], thread: [71,0,0] Assertion `index >= -sizes[i] && index < sizes[i] && "index out of bounds"` failed.
/pytorch/aten/src/ATen/native/cuda/IndexKernel.cu:84: operator(): block: [113,0,0], thread: [72,0,0] Assertion `index >= -sizes[i] && index < sizes[i] && "index out of bounds"` failed.
/pytorch/aten/src/ATen/native/cuda/IndexKernel.cu:84: operator(): block: [113,0,0], thread: [73,0,0] Assertion `index >= -sizes[i] && index < sizes[i] && "index out of bounds"` failed.
/pytorch/aten/src/ATen/native/cuda/IndexKernel.cu:84: operator(): block: [113,0,0], thread: [74,0,0] Assertion `index >= -sizes[i] && index < sizes[i] && "index out of bounds"` failed.
/pytorch/aten/src/ATen/native/cuda/IndexKernel.cu:84: operator(): block: [113,0,0], thread: [75,0,0] Assertion `index >= -sizes[i] && index < sizes[i] && "index out of bounds"` failed.
/pytorch/aten/src/ATen/native/cuda/IndexKernel.cu:84: operator(): block: [113,0,0], thread: [76,0,0] Assertion `index >= -sizes[i] && index < sizes[i] && "index out of bounds"` failed.
/pytorch/aten/src/ATen/native/cuda/IndexKernel.cu:84: operator(): block: [113,0,0], thread: [77,0,0] Assertion `index >= -sizes[i] && index < sizes[i] && "index out of bounds"` failed.
/pytorch/aten/src/ATen/native/cuda/IndexKernel.cu:84: operator(): block: [113,0,0], thread: [78,0,0] Assertion `index >= -sizes[i] && index < sizes[i] && "index out of bounds"` failed.
/pytorch/aten/src/ATen/native/cuda/IndexKernel.cu:84: operator(): block: [113,0,0], thread: [79,0,0] Assertion `index >= -sizes[i] && index < sizes[i] && "index out of bounds"` failed.
/pytorch/aten/src/ATen/native/cuda/IndexKernel.cu:84: operator(): block: [113,0,0], thread: [80,0,0] Assertion `index >= -sizes[i] && index < sizes[i] && "index out of bounds"` failed.
/pytorch/aten/src/ATen/native/cuda/IndexKernel.cu:84: operator(): block: [113,0,0], thread: [81,0,0] Assertion `index >= -sizes[i] && index < sizes[i] && "index out of bounds"` failed.
/pytorch/aten/src/ATen/native/cuda/IndexKernel.cu:84: operator(): block: [113,0,0], thread: [82,0,0] Assertion `index >= -sizes[i] && index < sizes[i] && "index out of bounds"` failed.
/pytorch/aten/src/ATen/native/cuda/IndexKernel.cu:84: operator(): block: [113,0,0], thread: [83,0,0] Assertion `index >= -sizes[i] && index < sizes[i] && "index out of bounds"` failed.
/pytorch/aten/src/ATen/native/cuda/IndexKernel.cu:84: operator(): block: [113,0,0], thread: [84,0,0] Assertion `index >= -sizes[i] && index < sizes[i] && "index out of bounds"` failed.
/pytorch/aten/src/ATen/native/cuda/IndexKernel.cu:84: operator(): block: [113,0,0], thread: [85,0,0] Assertion `index >= -sizes[i] && index < sizes[i] && "index out of bounds"` failed.
/pytorch/aten/src/ATen/native/cuda/IndexKernel.cu:84: operator(): block: [113,0,0], thread: [86,0,0] Assertion `index >= -sizes[i] && index < sizes[i] && "index out of bounds"` failed.
/pytorch/aten/src/ATen/native/cuda/IndexKernel.cu:84: operator(): block: [113,0,0], thread: [87,0,0] Assertion `index >= -sizes[i] && index < sizes[i] && "index out of bounds"` failed.
/pytorch/aten/src/ATen/native/cuda/IndexKernel.cu:84: operator(): block: [113,0,0], thread: [88,0,0] Assertion `index >= -sizes[i] && index < sizes[i] && "index out of bounds"` failed.
/pytorch/aten/src/ATen/native/cuda/IndexKernel.cu:84: operator(): block: [113,0,0], thread: [89,0,0] Assertion `index >= -sizes[i] && index < sizes[i] && "index out of bounds"` failed.
/pytorch/aten/src/ATen/native/cuda/IndexKernel.cu:84: operator(): block: [113,0,0], thread: [90,0,0] Assertion `index >= -sizes[i] && index < sizes[i] && "index out of bounds"` failed.
/pytorch/aten/src/ATen/native/cuda/IndexKernel.cu:84: operator(): block: [113,0,0], thread: [91,0,0] Assertion `index >= -sizes[i] && index < sizes[i] && "index out of bounds"` failed.
/pytorch/aten/src/ATen/native/cuda/IndexKernel.cu:84: operator(): block: [113,0,0], thread: [92,0,0] Assertion `index >= -sizes[i] && index < sizes[i] && "index out of bounds"` failed.
/pytorch/aten/src/ATen/native/cuda/IndexKernel.cu:84: operator(): block: [113,0,0], thread: [93,0,0] Assertion `index >= -sizes[i] && index < sizes[i] && "index out of bounds"` failed.
/pytorch/aten/src/ATen/native/cuda/IndexKernel.cu:84: operator(): block: [113,0,0], thread: [94,0,0] Assertion `index >= -sizes[i] && index < sizes[i] && "index out of bounds"` failed.
/pytorch/aten/src/ATen/native/cuda/IndexKernel.cu:84: operator(): block: [113,0,0], thread: [95,0,0] Assertion `index >= -sizes[i] && index < sizes[i] && "index out of bounds"` failed.
/pytorch/aten/src/ATen/native/cuda/IndexKernel.cu:84: operator(): block: [113,0,0], thread: [0,0,0] Assertion `index >= -sizes[i] && index < sizes[i] && "index out of bounds"` failed.
/pytorch/aten/src/ATen/native/cuda/IndexKernel.cu:84: operator(): block: [113,0,0], thread: [1,0,0] Assertion `index >= -sizes[i] && index < sizes[i] && "index out of bounds"` failed.
/pytorch/aten/src/ATen/native/cuda/IndexKernel.cu:84: operator(): block: [113,0,0], thread: [2,0,0] Assertion `index >= -sizes[i] && index < sizes[i] && "index out of bounds"` failed.
/pytorch/aten/src/ATen/native/cuda/IndexKernel.cu:84: operator(): block: [113,0,0], thread: [3,0,0] Assertion `index >= -sizes[i] && index < sizes[i] && "index out of bounds"` failed.
/pytorch/aten/src/ATen/native/cuda/IndexKernel.cu:84: operator(): block: [113,0,0], thread: [4,0,0] Assertion `index >= -sizes[i] && index < sizes[i] && "index out of bounds"` failed.
/pytorch/aten/src/ATen/native/cuda/IndexKernel.cu:84: operator(): block: [113,0,0], thread: [5,0,0] Assertion `index >= -sizes[i] && index < sizes[i] && "index out of bounds"` failed.
/pytorch/aten/src/ATen/native/cuda/IndexKernel.cu:84: operator(): block: [113,0,0], thread: [6,0,0] Assertion `index >= -sizes[i] && index < sizes[i] && "index out of bounds"` failed.
/pytorch/aten/src/ATen/native/cuda/IndexKernel.cu:84: operator(): block: [113,0,0], thread: [7,0,0] Assertion `index >= -sizes[i] && index < sizes[i] && "index out of bounds"` failed.
/pytorch/aten/src/ATen/native/cuda/IndexKernel.cu:84: operator(): block: [113,0,0], thread: [8,0,0] Assertion `index >= -sizes[i] && index < sizes[i] && "index out of bounds"` failed.
/pytorch/aten/src/ATen/native/cuda/IndexKernel.cu:84: operator(): block: [113,0,0], thread: [9,0,0] Assertion `index >= -sizes[i] && index < sizes[i] && "index out of bounds"` failed.
/pytorch/aten/src/ATen/native/cuda/IndexKernel.cu:84: operator(): block: [113,0,0], thread: [10,0,0] Assertion `index >= -sizes[i] && index < sizes[i] && "index out of bounds"` failed.
/pytorch/aten/src/ATen/native/cuda/IndexKernel.cu:84: operator(): block: [113,0,0], thread: [11,0,0] Assertion `index >= -sizes[i] && index < sizes[i] && "index out of bounds"` failed.
/pytorch/aten/src/ATen/native/cuda/IndexKernel.cu:84: operator(): block: [113,0,0], thread: [12,0,0] Assertion `index >= -sizes[i] && index < sizes[i] && "index out of bounds"` failed.
/pytorch/aten/src/ATen/native/cuda/IndexKernel.cu:84: operator(): block: [113,0,0], thread: [13,0,0] Assertion `index >= -sizes[i] && index < sizes[i] && "index out of bounds"` failed.
/pytorch/aten/src/ATen/native/cuda/IndexKernel.cu:84: operator(): block: [113,0,0], thread: [14,0,0] Assertion `index >= -sizes[i] && index < sizes[i] && "index out of bounds"` failed.
/pytorch/aten/src/ATen/native/cuda/IndexKernel.cu:84: operator(): block: [113,0,0], thread: [15,0,0] Assertion `index >= -sizes[i] && index < sizes[i] && "index out of bounds"` failed.
/pytorch/aten/src/ATen/native/cuda/IndexKernel.cu:84: operator(): block: [113,0,0], thread: [16,0,0] Assertion `index >= -sizes[i] && index < sizes[i] && "index out of bounds"` failed.
/pytorch/aten/src/ATen/native/cuda/IndexKernel.cu:84: operator(): block: [113,0,0], thread: [17,0,0] Assertion `index >= -sizes[i] && index < sizes[i] && "index out of bounds"` failed.
/pytorch/aten/src/ATen/native/cuda/IndexKernel.cu:84: operator(): block: [113,0,0], thread: [18,0,0] Assertion `index >= -sizes[i] && index < sizes[i] && "index out of bounds"` failed.
/pytorch/aten/src/ATen/native/cuda/IndexKernel.cu:84: operator(): block: [113,0,0], thread: [19,0,0] Assertion `index >= -sizes[i] && index < sizes[i] && "index out of bounds"` failed.
/pytorch/aten/src/ATen/native/cuda/IndexKernel.cu:84: operator(): block: [113,0,0], thread: [20,0,0] Assertion `index >= -sizes[i] && index < sizes[i] && "index out of bounds"` failed.
/pytorch/aten/src/ATen/native/cuda/IndexKernel.cu:84: operator(): block: [113,0,0], thread: [21,0,0] Assertion `index >= -sizes[i] && index < sizes[i] && "index out of bounds"` failed.
/pytorch/aten/src/ATen/native/cuda/IndexKernel.cu:84: operator(): block: [113,0,0], thread: [22,0,0] Assertion `index >= -sizes[i] && index < sizes[i] && "index out of bounds"` failed.
/pytorch/aten/src/ATen/native/cuda/IndexKernel.cu:84: operator(): block: [113,0,0], thread: [23,0,0] Assertion `index >= -sizes[i] && index < sizes[i] && "index out of bounds"` failed.
/pytorch/aten/src/ATen/native/cuda/IndexKernel.cu:84: operator(): block: [113,0,0], thread: [24,0,0] Assertion `index >= -sizes[i] && index < sizes[i] && "index out of bounds"` failed.
/pytorch/aten/src/ATen/native/cuda/IndexKernel.cu:84: operator(): block: [113,0,0], thread: [25,0,0] Assertion `index >= -sizes[i] && index < sizes[i] && "index out of bounds"` failed.
/pytorch/aten/src/ATen/native/cuda/IndexKernel.cu:84: operator(): block: [113,0,0], thread: [26,0,0] Assertion `index >= -sizes[i] && index < sizes[i] && "index out of bounds"` failed.
/pytorch/aten/src/ATen/native/cuda/IndexKernel.cu:84: operator(): block: [113,0,0], thread: [27,0,0] Assertion `index >= -sizes[i] && index < sizes[i] && "index out of bounds"` failed.
/pytorch/aten/src/ATen/native/cuda/IndexKernel.cu:84: operator(): block: [113,0,0], thread: [28,0,0] Assertion `index >= -sizes[i] && index < sizes[i] && "index out of bounds"` failed.
/pytorch/aten/src/ATen/native/cuda/IndexKernel.cu:84: operator(): block: [113,0,0], thread: [29,0,0] Assertion `index >= -sizes[i] && index < sizes[i] && "index out of bounds"` failed.
/pytorch/aten/src/ATen/native/cuda/IndexKernel.cu:84: operator(): block: [113,0,0], thread: [30,0,0] Assertion `index >= -sizes[i] && index < sizes[i] && "index out of bounds"` failed.
/pytorch/aten/src/ATen/native/cuda/IndexKernel.cu:84: operator(): block: [113,0,0], thread: [31,0,0] Assertion `index >= -sizes[i] && index < sizes[i] && "index out of bounds"` failed.
/pytorch/aten/src/ATen/native/cuda/IndexKernel.cu:84: operator(): block: [112,0,0], thread: [32,0,0] Assertion `index >= -sizes[i] && index < sizes[i] && "index out of bounds"` failed.
/pytorch/aten/src/ATen/native/cuda/IndexKernel.cu:84: operator(): block: [112,0,0], thread: [33,0,0] Assertion `index >= -sizes[i] && index < sizes[i] && "index out of bounds"` failed.
/pytorch/aten/src/ATen/native/cuda/IndexKernel.cu:84: operator(): block: [112,0,0], thread: [34,0,0] Assertion `index >= -sizes[i] && index < sizes[i] && "index out of bounds"` failed.
/pytorch/aten/src/ATen/native/cuda/IndexKernel.cu:84: operator(): block: [112,0,0], thread: [35,0,0] Assertion `index >= -sizes[i] && index < sizes[i] && "index out of bounds"` failed.
/pytorch/aten/src/ATen/native/cuda/IndexKernel.cu:84: operator(): block: [112,0,0], thread: [36,0,0] Assertion `index >= -sizes[i] && index < sizes[i] && "index out of bounds"` failed.
/pytorch/aten/src/ATen/native/cuda/IndexKernel.cu:84: operator(): block: [112,0,0], thread: [37,0,0] Assertion `index >= -sizes[i] && index < sizes[i] && "index out of bounds"` failed.
/pytorch/aten/src/ATen/native/cuda/IndexKernel.cu:84: operator(): block: [112,0,0], thread: [38,0,0] Assertion `index >= -sizes[i] && index < sizes[i] && "index out of bounds"` failed.
/pytorch/aten/src/ATen/native/cuda/IndexKernel.cu:84: operator(): block: [112,0,0], thread: [39,0,0] Assertion `index >= -sizes[i] && index < sizes[i] && "index out of bounds"` failed.
/pytorch/aten/src/ATen/native/cuda/IndexKernel.cu:84: operator(): block: [112,0,0], thread: [40,0,0] Assertion `index >= -sizes[i] && index < sizes[i] && "index out of bounds"` failed.
/pytorch/aten/src/ATen/native/cuda/IndexKernel.cu:84: operator(): block: [112,0,0], thread: [41,0,0] Assertion `index >= -sizes[i] && index < sizes[i] && "index out of bounds"` failed.
/pytorch/aten/src/ATen/native/cuda/IndexKernel.cu:84: operator(): block: [112,0,0], thread: [42,0,0] Assertion `index >= -sizes[i] && index < sizes[i] && "index out of bounds"` failed.
/pytorch/aten/src/ATen/native/cuda/IndexKernel.cu:84: operator(): block: [112,0,0], thread: [43,0,0] Assertion `index >= -sizes[i] && index < sizes[i] && "index out of bounds"` failed.
/pytorch/aten/src/ATen/native/cuda/IndexKernel.cu:84: operator(): block: [112,0,0], thread: [44,0,0] Assertion `index >= -sizes[i] && index < sizes[i] && "index out of bounds"` failed.
/pytorch/aten/src/ATen/native/cuda/IndexKernel.cu:84: operator(): block: [112,0,0], thread: [45,0,0] Assertion `index >= -sizes[i] && index < sizes[i] && "index out of bounds"` failed.
/pytorch/aten/src/ATen/native/cuda/IndexKernel.cu:84: operator(): block: [112,0,0], thread: [46,0,0] Assertion `index >= -sizes[i] && index < sizes[i] && "index out of bounds"` failed.
/pytorch/aten/src/ATen/native/cuda/IndexKernel.cu:84: operator(): block: [112,0,0], thread: [47,0,0] Assertion `index >= -sizes[i] && index < sizes[i] && "index out of bounds"` failed.
/pytorch/aten/src/ATen/native/cuda/IndexKernel.cu:84: operator(): block: [112,0,0], thread: [48,0,0] Assertion `index >= -sizes[i] && index < sizes[i] && "index out of bounds"` failed.
/pytorch/aten/src/ATen/native/cuda/IndexKernel.cu:84: operator(): block: [112,0,0], thread: [49,0,0] Assertion `index >= -sizes[i] && index < sizes[i] && "index out of bounds"` failed.
/pytorch/aten/src/ATen/native/cuda/IndexKernel.cu:84: operator(): block: [112,0,0], thread: [50,0,0] Assertion `index >= -sizes[i] && index < sizes[i] && "index out of bounds"` failed.
/pytorch/aten/src/ATen/native/cuda/IndexKernel.cu:84: operator(): block: [112,0,0], thread: [51,0,0] Assertion `index >= -sizes[i] && index < sizes[i] && "index out of bounds"` failed.
/pytorch/aten/src/ATen/native/cuda/IndexKernel.cu:84: operator(): block: [112,0,0], thread: [52,0,0] Assertion `index >= -sizes[i] && index < sizes[i] && "index out of bounds"` failed.
/pytorch/aten/src/ATen/native/cuda/IndexKernel.cu:84: operator(): block: [112,0,0], thread: [53,0,0] Assertion `index >= -sizes[i] && index < sizes[i] && "index out of bounds"` failed.
/pytorch/aten/src/ATen/native/cuda/IndexKernel.cu:84: operator(): block: [112,0,0], thread: [54,0,0] Assertion `index >= -sizes[i] && index < sizes[i] && "index out of bounds"` failed.
/pytorch/aten/src/ATen/native/cuda/IndexKernel.cu:84: operator(): block: [112,0,0], thread: [55,0,0] Assertion `index >= -sizes[i] && index < sizes[i] && "index out of bounds"` failed.
/pytorch/aten/src/ATen/native/cuda/IndexKernel.cu:84: operator(): block: [112,0,0], thread: [56,0,0] Assertion `index >= -sizes[i] && index < sizes[i] && "index out of bounds"` failed.
/pytorch/aten/src/ATen/native/cuda/IndexKernel.cu:84: operator(): block: [112,0,0], thread: [57,0,0] Assertion `index >= -sizes[i] && index < sizes[i] && "index out of bounds"` failed.
/pytorch/aten/src/ATen/native/cuda/IndexKernel.cu:84: operator(): block: [112,0,0], thread: [58,0,0] Assertion `index >= -sizes[i] && index < sizes[i] && "index out of bounds"` failed.
/pytorch/aten/src/ATen/native/cuda/IndexKernel.cu:84: operator(): block: [112,0,0], thread: [59,0,0] Assertion `index >= -sizes[i] && index < sizes[i] && "index out of bounds"` failed.
/pytorch/aten/src/ATen/native/cuda/IndexKernel.cu:84: operator(): block: [112,0,0], thread: [60,0,0] Assertion `index >= -sizes[i] && index < sizes[i] && "index out of bounds"` failed.
/pytorch/aten/src/ATen/native/cuda/IndexKernel.cu:84: operator(): block: [112,0,0], thread: [61,0,0] Assertion `index >= -sizes[i] && index < sizes[i] && "index out of bounds"` failed.
/pytorch/aten/src/ATen/native/cuda/IndexKernel.cu:84: operator(): block: [112,0,0], thread: [62,0,0] Assertion `index >= -sizes[i] && index < sizes[i] && "index out of bounds"` failed.
/pytorch/aten/src/ATen/native/cuda/IndexKernel.cu:84: operator(): block: [112,0,0], thread: [63,0,0] Assertion `index >= -sizes[i] && index < sizes[i] && "index out of bounds"` failed.
/pytorch/aten/src/ATen/native/cuda/IndexKernel.cu:84: operator(): block: [112,0,0], thread: [96,0,0] Assertion `index >= -sizes[i] && index < sizes[i] && "index out of bounds"` failed.
/pytorch/aten/src/ATen/native/cuda/IndexKernel.cu:84: operator(): block: [112,0,0], thread: [97,0,0] Assertion `index >= -sizes[i] && index < sizes[i] && "index out of bounds"` failed.
/pytorch/aten/src/ATen/native/cuda/IndexKernel.cu:84: operator(): block: [112,0,0], thread: [98,0,0] Assertion `index >= -sizes[i] && index < sizes[i] && "index out of bounds"` failed.
/pytorch/aten/src/ATen/native/cuda/IndexKernel.cu:84: operator(): block: [112,0,0], thread: [99,0,0] Assertion `index >= -sizes[i] && index < sizes[i] && "index out of bounds"` failed.
/pytorch/aten/src/ATen/native/cuda/IndexKernel.cu:84: operator(): block: [112,0,0], thread: [100,0,0] Assertion `index >= -sizes[i] && index < sizes[i] && "index out of bounds"` failed.
/pytorch/aten/src/ATen/native/cuda/IndexKernel.cu:84: operator(): block: [112,0,0], thread: [101,0,0] Assertion `index >= -sizes[i] && index < sizes[i] && "index out of bounds"` failed.
/pytorch/aten/src/ATen/native/cuda/IndexKernel.cu:84: operator(): block: [112,0,0], thread: [102,0,0] Assertion `index >= -sizes[i] && index < sizes[i] && "index out of bounds"` failed.
/pytorch/aten/src/ATen/native/cuda/IndexKernel.cu:84: operator(): block: [112,0,0], thread: [103,0,0] Assertion `index >= -sizes[i] && index < sizes[i] && "index out of bounds"` failed.
/pytorch/aten/src/ATen/native/cuda/IndexKernel.cu:84: operator(): block: [112,0,0], thread: [104,0,0] Assertion `index >= -sizes[i] && index < sizes[i] && "index out of bounds"` failed.
/pytorch/aten/src/ATen/native/cuda/IndexKernel.cu:84: operator(): block: [112,0,0], thread: [105,0,0] Assertion `index >= -sizes[i] && index < sizes[i] && "index out of bounds"` failed.
/pytorch/aten/src/ATen/native/cuda/IndexKernel.cu:84: operator(): block: [112,0,0], thread: [106,0,0] Assertion `index >= -sizes[i] && index < sizes[i] && "index out of bounds"` failed.
/pytorch/aten/src/ATen/native/cuda/IndexKernel.cu:84: operator(): block: [112,0,0], thread: [107,0,0] Assertion `index >= -sizes[i] && index < sizes[i] && "index out of bounds"` failed.
/pytorch/aten/src/ATen/native/cuda/IndexKernel.cu:84: operator(): block: [112,0,0], thread: [108,0,0] Assertion `index >= -sizes[i] && index < sizes[i] && "index out of bounds"` failed.
/pytorch/aten/src/ATen/native/cuda/IndexKernel.cu:84: operator(): block: [112,0,0], thread: [109,0,0] Assertion `index >= -sizes[i] && index < sizes[i] && "index out of bounds"` failed.
/pytorch/aten/src/ATen/native/cuda/IndexKernel.cu:84: operator(): block: [112,0,0], thread: [110,0,0] Assertion `index >= -sizes[i] && index < sizes[i] && "index out of bounds"` failed.
/pytorch/aten/src/ATen/native/cuda/IndexKernel.cu:84: operator(): block: [112,0,0], thread: [111,0,0] Assertion `index >= -sizes[i] && index < sizes[i] && "index out of bounds"` failed.
/pytorch/aten/src/ATen/native/cuda/IndexKernel.cu:84: operator(): block: [112,0,0], thread: [112,0,0] Assertion `index >= -sizes[i] && index < sizes[i] && "index out of bounds"` failed.
/pytorch/aten/src/ATen/native/cuda/IndexKernel.cu:84: operator(): block: [112,0,0], thread: [113,0,0] Assertion `index >= -sizes[i] && index < sizes[i] && "index out of bounds"` failed.
/pytorch/aten/src/ATen/native/cuda/IndexKernel.cu:84: operator(): block: [112,0,0], thread: [114,0,0] Assertion `index >= -sizes[i] && index < sizes[i] && "index out of bounds"` failed.
/pytorch/aten/src/ATen/native/cuda/IndexKernel.cu:84: operator(): block: [112,0,0], thread: [115,0,0] Assertion `index >= -sizes[i] && index < sizes[i] && "index out of bounds"` failed.
/pytorch/aten/src/ATen/native/cuda/IndexKernel.cu:84: operator(): block: [112,0,0], thread: [116,0,0] Assertion `index >= -sizes[i] && index < sizes[i] && "index out of bounds"` failed.
/pytorch/aten/src/ATen/native/cuda/IndexKernel.cu:84: operator(): block: [112,0,0], thread: [117,0,0] Assertion `index >= -sizes[i] && index < sizes[i] && "index out of bounds"` failed.
/pytorch/aten/src/ATen/native/cuda/IndexKernel.cu:84: operator(): block: [112,0,0], thread: [118,0,0] Assertion `index >= -sizes[i] && index < sizes[i] && "index out of bounds"` failed.
/pytorch/aten/src/ATen/native/cuda/IndexKernel.cu:84: operator(): block: [112,0,0], thread: [119,0,0] Assertion `index >= -sizes[i] && index < sizes[i] && "index out of bounds"` failed.
/pytorch/aten/src/ATen/native/cuda/IndexKernel.cu:84: operator(): block: [112,0,0], thread: [120,0,0] Assertion `index >= -sizes[i] && index < sizes[i] && "index out of bounds"` failed.
/pytorch/aten/src/ATen/native/cuda/IndexKernel.cu:84: operator(): block: [112,0,0], thread: [121,0,0] Assertion `index >= -sizes[i] && index < sizes[i] && "index out of bounds"` failed.
/pytorch/aten/src/ATen/native/cuda/IndexKernel.cu:84: operator(): block: [112,0,0], thread: [122,0,0] Assertion `index >= -sizes[i] && index < sizes[i] && "index out of bounds"` failed.
/pytorch/aten/src/ATen/native/cuda/IndexKernel.cu:84: operator(): block: [112,0,0], thread: [123,0,0] Assertion `index >= -sizes[i] && index < sizes[i] && "index out of bounds"` failed.
/pytorch/aten/src/ATen/native/cuda/IndexKernel.cu:84: operator(): block: [112,0,0], thread: [124,0,0] Assertion `index >= -sizes[i] && index < sizes[i] && "index out of bounds"` failed.
/pytorch/aten/src/ATen/native/cuda/IndexKernel.cu:84: operator(): block: [112,0,0], thread: [125,0,0] Assertion `index >= -sizes[i] && index < sizes[i] && "index out of bounds"` failed.
/pytorch/aten/src/ATen/native/cuda/IndexKernel.cu:84: operator(): block: [112,0,0], thread: [126,0,0] Assertion `index >= -sizes[i] && index < sizes[i] && "index out of bounds"` failed.
/pytorch/aten/src/ATen/native/cuda/IndexKernel.cu:84: operator(): block: [112,0,0], thread: [127,0,0] Assertion `index >= -sizes[i] && index < sizes[i] && "index out of bounds"` failed.
/pytorch/aten/src/ATen/native/cuda/IndexKernel.cu:84: operator(): block: [112,0,0], thread: [64,0,0] Assertion `index >= -sizes[i] && index < sizes[i] && "index out of bounds"` failed.
/pytorch/aten/src/ATen/native/cuda/IndexKernel.cu:84: operator(): block: [112,0,0], thread: [65,0,0] Assertion `index >= -sizes[i] && index < sizes[i] && "index out of bounds"` failed.
/pytorch/aten/src/ATen/native/cuda/IndexKernel.cu:84: operator(): block: [112,0,0], thread: [66,0,0] Assertion `index >= -sizes[i] && index < sizes[i] && "index out of bounds"` failed.
/pytorch/aten/src/ATen/native/cuda/IndexKernel.cu:84: operator(): block: [112,0,0], thread: [67,0,0] Assertion `index >= -sizes[i] && index < sizes[i] && "index out of bounds"` failed.
/pytorch/aten/src/ATen/native/cuda/IndexKernel.cu:84: operator(): block: [112,0,0], thread: [68,0,0] Assertion `index >= -sizes[i] && index < sizes[i] && "index out of bounds"` failed.
/pytorch/aten/src/ATen/native/cuda/IndexKernel.cu:84: operator(): block: [112,0,0], thread: [69,0,0] Assertion `index >= -sizes[i] && index < sizes[i] && "index out of bounds"` failed.
/pytorch/aten/src/ATen/native/cuda/IndexKernel.cu:84: operator(): block: [112,0,0], thread: [70,0,0] Assertion `index >= -sizes[i] && index < sizes[i] && "index out of bounds"` failed.
/pytorch/aten/src/ATen/native/cuda/IndexKernel.cu:84: operator(): block: [112,0,0], thread: [71,0,0] Assertion `index >= -sizes[i] && index < sizes[i] && "index out of bounds"` failed.
/pytorch/aten/src/ATen/native/cuda/IndexKernel.cu:84: operator(): block: [112,0,0], thread: [72,0,0] Assertion `index >= -sizes[i] && index < sizes[i] && "index out of bounds"` failed.
/pytorch/aten/src/ATen/native/cuda/IndexKernel.cu:84: operator(): block: [112,0,0], thread: [73,0,0] Assertion `index >= -sizes[i] && index < sizes[i] && "index out of bounds"` failed.
/pytorch/aten/src/ATen/native/cuda/IndexKernel.cu:84: operator(): block: [112,0,0], thread: [74,0,0] Assertion `index >= -sizes[i] && index < sizes[i] && "index out of bounds"` failed.
/pytorch/aten/src/ATen/native/cuda/IndexKernel.cu:84: operator(): block: [112,0,0], thread: [75,0,0] Assertion `index >= -sizes[i] && index < sizes[i] && "index out of bounds"` failed.
/pytorch/aten/src/ATen/native/cuda/IndexKernel.cu:84: operator(): block: [112,0,0], thread: [76,0,0] Assertion `index >= -sizes[i] && index < sizes[i] && "index out of bounds"` failed.
/pytorch/aten/src/ATen/native/cuda/IndexKernel.cu:84: operator(): block: [112,0,0], thread: [77,0,0] Assertion `index >= -sizes[i] && index < sizes[i] && "index out of bounds"` failed.
/pytorch/aten/src/ATen/native/cuda/IndexKernel.cu:84: operator(): block: [112,0,0], thread: [78,0,0] Assertion `index >= -sizes[i] && index < sizes[i] && "index out of bounds"` failed.
/pytorch/aten/src/ATen/native/cuda/IndexKernel.cu:84: operator(): block: [112,0,0], thread: [79,0,0] Assertion `index >= -sizes[i] && index < sizes[i] && "index out of bounds"` failed.
/pytorch/aten/src/ATen/native/cuda/IndexKernel.cu:84: operator(): block: [112,0,0], thread: [80,0,0] Assertion `index >= -sizes[i] && index < sizes[i] && "index out of bounds"` failed.
/pytorch/aten/src/ATen/native/cuda/IndexKernel.cu:84: operator(): block: [112,0,0], thread: [81,0,0] Assertion `index >= -sizes[i] && index < sizes[i] && "index out of bounds"` failed.
/pytorch/aten/src/ATen/native/cuda/IndexKernel.cu:84: operator(): block: [112,0,0], thread: [82,0,0] Assertion `index >= -sizes[i] && index < sizes[i] && "index out of bounds"` failed.
/pytorch/aten/src/ATen/native/cuda/IndexKernel.cu:84: operator(): block: [112,0,0], thread: [83,0,0] Assertion `index >= -sizes[i] && index < sizes[i] && "index out of bounds"` failed.
/pytorch/aten/src/ATen/native/cuda/IndexKernel.cu:84: operator(): block: [112,0,0], thread: [84,0,0] Assertion `index >= -sizes[i] && index < sizes[i] && "index out of bounds"` failed.
/pytorch/aten/src/ATen/native/cuda/IndexKernel.cu:84: operator(): block: [112,0,0], thread: [85,0,0] Assertion `index >= -sizes[i] && index < sizes[i] && "index out of bounds"` failed.
/pytorch/aten/src/ATen/native/cuda/IndexKernel.cu:84: operator(): block: [112,0,0], thread: [86,0,0] Assertion `index >= -sizes[i] && index < sizes[i] && "index out of bounds"` failed.
/pytorch/aten/src/ATen/native/cuda/IndexKernel.cu:84: operator(): block: [112,0,0], thread: [87,0,0] Assertion `index >= -sizes[i] && index < sizes[i] && "index out of bounds"` failed.
/pytorch/aten/src/ATen/native/cuda/IndexKernel.cu:84: operator(): block: [112,0,0], thread: [88,0,0] Assertion `index >= -sizes[i] && index < sizes[i] && "index out of bounds"` failed.
/pytorch/aten/src/ATen/native/cuda/IndexKernel.cu:84: operator(): block: [112,0,0], thread: [89,0,0] Assertion `index >= -sizes[i] && index < sizes[i] && "index out of bounds"` failed.
/pytorch/aten/src/ATen/native/cuda/IndexKernel.cu:84: operator(): block: [112,0,0], thread: [90,0,0] Assertion `index >= -sizes[i] && index < sizes[i] && "index out of bounds"` failed.
/pytorch/aten/src/ATen/native/cuda/IndexKernel.cu:84: operator(): block: [112,0,0], thread: [91,0,0] Assertion `index >= -sizes[i] && index < sizes[i] && "index out of bounds"` failed.
/pytorch/aten/src/ATen/native/cuda/IndexKernel.cu:84: operator(): block: [112,0,0], thread: [92,0,0] Assertion `index >= -sizes[i] && index < sizes[i] && "index out of bounds"` failed.
/pytorch/aten/src/ATen/native/cuda/IndexKernel.cu:84: operator(): block: [112,0,0], thread: [93,0,0] Assertion `index >= -sizes[i] && index < sizes[i] && "index out of bounds"` failed.
/pytorch/aten/src/ATen/native/cuda/IndexKernel.cu:84: operator(): block: [112,0,0], thread: [94,0,0] Assertion `index >= -sizes[i] && index < sizes[i] && "index out of bounds"` failed.
/pytorch/aten/src/ATen/native/cuda/IndexKernel.cu:84: operator(): block: [112,0,0], thread: [95,0,0] Assertion `index >= -sizes[i] && index < sizes[i] && "index out of bounds"` failed.
/pytorch/aten/src/ATen/native/cuda/IndexKernel.cu:84: operator(): block: [112,0,0], thread: [0,0,0] Assertion `index >= -sizes[i] && index < sizes[i] && "index out of bounds"` failed.
/pytorch/aten/src/ATen/native/cuda/IndexKernel.cu:84: operator(): block: [112,0,0], thread: [1,0,0] Assertion `index >= -sizes[i] && index < sizes[i] && "index out of bounds"` failed.
/pytorch/aten/src/ATen/native/cuda/IndexKernel.cu:84: operator(): block: [112,0,0], thread: [2,0,0] Assertion `index >= -sizes[i] && index < sizes[i] && "index out of bounds"` failed.
/pytorch/aten/src/ATen/native/cuda/IndexKernel.cu:84: operator(): block: [112,0,0], thread: [3,0,0] Assertion `index >= -sizes[i] && index < sizes[i] && "index out of bounds"` failed.
/pytorch/aten/src/ATen/native/cuda/IndexKernel.cu:84: operator(): block: [112,0,0], thread: [4,0,0] Assertion `index >= -sizes[i] && index < sizes[i] && "index out of bounds"` failed.
/pytorch/aten/src/ATen/native/cuda/IndexKernel.cu:84: operator(): block: [112,0,0], thread: [5,0,0] Assertion `index >= -sizes[i] && index < sizes[i] && "index out of bounds"` failed.
/pytorch/aten/src/ATen/native/cuda/IndexKernel.cu:84: operator(): block: [112,0,0], thread: [6,0,0] Assertion `index >= -sizes[i] && index < sizes[i] && "index out of bounds"` failed.
/pytorch/aten/src/ATen/native/cuda/IndexKernel.cu:84: operator(): block: [112,0,0], thread: [7,0,0] Assertion `index >= -sizes[i] && index < sizes[i] && "index out of bounds"` failed.
/pytorch/aten/src/ATen/native/cuda/IndexKernel.cu:84: operator(): block: [112,0,0], thread: [8,0,0] Assertion `index >= -sizes[i] && index < sizes[i] && "index out of bounds"` failed.
/pytorch/aten/src/ATen/native/cuda/IndexKernel.cu:84: operator(): block: [112,0,0], thread: [9,0,0] Assertion `index >= -sizes[i] && index < sizes[i] && "index out of bounds"` failed.
/pytorch/aten/src/ATen/native/cuda/IndexKernel.cu:84: operator(): block: [112,0,0], thread: [10,0,0] Assertion `index >= -sizes[i] && index < sizes[i] && "index out of bounds"` failed.
/pytorch/aten/src/ATen/native/cuda/IndexKernel.cu:84: operator(): block: [112,0,0], thread: [11,0,0] Assertion `index >= -sizes[i] && index < sizes[i] && "index out of bounds"` failed.
/pytorch/aten/src/ATen/native/cuda/IndexKernel.cu:84: operator(): block: [112,0,0], thread: [12,0,0] Assertion `index >= -sizes[i] && index < sizes[i] && "index out of bounds"` failed.
/pytorch/aten/src/ATen/native/cuda/IndexKernel.cu:84: operator(): block: [112,0,0], thread: [13,0,0] Assertion `index >= -sizes[i] && index < sizes[i] && "index out of bounds"` failed.
/pytorch/aten/src/ATen/native/cuda/IndexKernel.cu:84: operator(): block: [112,0,0], thread: [14,0,0] Assertion `index >= -sizes[i] && index < sizes[i] && "index out of bounds"` failed.
/pytorch/aten/src/ATen/native/cuda/IndexKernel.cu:84: operator(): block: [112,0,0], thread: [15,0,0] Assertion `index >= -sizes[i] && index < sizes[i] && "index out of bounds"` failed.
/pytorch/aten/src/ATen/native/cuda/IndexKernel.cu:84: operator(): block: [112,0,0], thread: [16,0,0] Assertion `index >= -sizes[i] && index < sizes[i] && "index out of bounds"` failed.
/pytorch/aten/src/ATen/native/cuda/IndexKernel.cu:84: operator(): block: [112,0,0], thread: [17,0,0] Assertion `index >= -sizes[i] && index < sizes[i] && "index out of bounds"` failed.
/pytorch/aten/src/ATen/native/cuda/IndexKernel.cu:84: operator(): block: [112,0,0], thread: [18,0,0] Assertion `index >= -sizes[i] && index < sizes[i] && "index out of bounds"` failed.
/pytorch/aten/src/ATen/native/cuda/IndexKernel.cu:84: operator(): block: [112,0,0], thread: [19,0,0] Assertion `index >= -sizes[i] && index < sizes[i] && "index out of bounds"` failed.
/pytorch/aten/src/ATen/native/cuda/IndexKernel.cu:84: operator(): block: [112,0,0], thread: [20,0,0] Assertion `index >= -sizes[i] && index < sizes[i] && "index out of bounds"` failed.
/pytorch/aten/src/ATen/native/cuda/IndexKernel.cu:84: operator(): block: [112,0,0], thread: [21,0,0] Assertion `index >= -sizes[i] && index < sizes[i] && "index out of bounds"` failed.
/pytorch/aten/src/ATen/native/cuda/IndexKernel.cu:84: operator(): block: [112,0,0], thread: [22,0,0] Assertion `index >= -sizes[i] && index < sizes[i] && "index out of bounds"` failed.
/pytorch/aten/src/ATen/native/cuda/IndexKernel.cu:84: operator(): block: [112,0,0], thread: [23,0,0] Assertion `index >= -sizes[i] && index < sizes[i] && "index out of bounds"` failed.
/pytorch/aten/src/ATen/native/cuda/IndexKernel.cu:84: operator(): block: [112,0,0], thread: [24,0,0] Assertion `index >= -sizes[i] && index < sizes[i] && "index out of bounds"` failed.
/pytorch/aten/src/ATen/native/cuda/IndexKernel.cu:84: operator(): block: [112,0,0], thread: [25,0,0] Assertion `index >= -sizes[i] && index < sizes[i] && "index out of bounds"` failed.
/pytorch/aten/src/ATen/native/cuda/IndexKernel.cu:84: operator(): block: [112,0,0], thread: [26,0,0] Assertion `index >= -sizes[i] && index < sizes[i] && "index out of bounds"` failed.
/pytorch/aten/src/ATen/native/cuda/IndexKernel.cu:84: operator(): block: [112,0,0], thread: [27,0,0] Assertion `index >= -sizes[i] && index < sizes[i] && "index out of bounds"` failed.
/pytorch/aten/src/ATen/native/cuda/IndexKernel.cu:84: operator(): block: [112,0,0], thread: [28,0,0] Assertion `index >= -sizes[i] && index < sizes[i] && "index out of bounds"` failed.
/pytorch/aten/src/ATen/native/cuda/IndexKernel.cu:84: operator(): block: [112,0,0], thread: [29,0,0] Assertion `index >= -sizes[i] && index < sizes[i] && "index out of bounds"` failed.
/pytorch/aten/src/ATen/native/cuda/IndexKernel.cu:84: operator(): block: [112,0,0], thread: [30,0,0] Assertion `index >= -sizes[i] && index < sizes[i] && "index out of bounds"` failed.
/pytorch/aten/src/ATen/native/cuda/IndexKernel.cu:84: operator(): block: [112,0,0], thread: [31,0,0] Assertion `index >= -sizes[i] && index < sizes[i] && "index out of bounds"` failed.
Traceback (most recent call last):
  File "tools/train.py", line 188, in <module>
    main()
  File "tools/train.py", line 183, in main
    meta=meta)
  File "/projects/bw83/anley1/Swin-Transformer-Object-Detection/mmdet/apis/train.py", line 185, in train_detector
    runner.run(data_loaders, cfg.workflow)
  File "/projects/bw83/anley1/conda_envs/swinEnv/lib/python3.7/site-packages/mmcv/runner/epoch_based_runner.py", line 125, in run
    epoch_runner(data_loaders[i], **kwargs)
  File "/projects/bw83/anley1/conda_envs/swinEnv/lib/python3.7/site-packages/mmcv/runner/epoch_based_runner.py", line 50, in train
    self.run_iter(data_batch, train_mode=True)
  File "/projects/bw83/anley1/conda_envs/swinEnv/lib/python3.7/site-packages/mmcv/runner/epoch_based_runner.py", line 30, in run_iter
    **kwargs)
  File "/projects/bw83/anley1/conda_envs/swinEnv/lib/python3.7/site-packages/mmcv/parallel/data_parallel.py", line 67, in train_step
    return self.module.train_step(*inputs[0], **kwargs[0])
  File "/projects/bw83/anley1/Swin-Transformer-Object-Detection/mmdet/models/detectors/base.py", line 247, in train_step
    losses = self(**data)
  File "/projects/bw83/anley1/conda_envs/swinEnv/lib/python3.7/site-packages/torch/nn/modules/module.py", line 722, in _call_impl
    result = self.forward(*input, **kwargs)
  File "/projects/bw83/anley1/conda_envs/swinEnv/lib/python3.7/site-packages/mmcv/runner/fp16_utils.py", line 84, in new_func
    return old_func(*args, **kwargs)
  File "/projects/bw83/anley1/Swin-Transformer-Object-Detection/mmdet/models/detectors/base.py", line 181, in forward
    return self.forward_train(img, img_metas, **kwargs)
  File "/projects/bw83/anley1/Swin-Transformer-Object-Detection/mmdet/models/detectors/two_stage.py", line 164, in forward_train
    **kwargs)
  File "/projects/bw83/anley1/Swin-Transformer-Object-Detection/mmdet/models/roi_heads/cascade_roi_head.py", line 286, in forward_train
    bbox_results['bbox_pred'], pos_is_gts, img_metas)
  File "/projects/bw83/anley1/conda_envs/swinEnv/lib/python3.7/site-packages/mmcv/runner/fp16_utils.py", line 164, in new_func
    return old_func(*args, **kwargs)
  File "/projects/bw83/anley1/Swin-Transformer-Object-Detection/mmdet/models/roi_heads/bbox_heads/bbox_head.py", line 427, in refine_bboxes
    img_ids = rois[:, 0].long().unique(sorted=True)
  File "/projects/bw83/anley1/conda_envs/swinEnv/lib/python3.7/site-packages/torch/tensor.py", line 386, in unique
    return torch.unique(self, sorted=sorted, return_inverse=return_inverse, return_counts=return_counts, dim=dim)
  File "/projects/bw83/anley1/conda_envs/swinEnv/lib/python3.7/site-packages/torch/_jit_internal.py", line 247, in fn
    return if_false(*args, **kwargs)
  File "/projects/bw83/anley1/conda_envs/swinEnv/lib/python3.7/site-packages/torch/_jit_internal.py", line 247, in fn
    return if_false(*args, **kwargs)
  File "/projects/bw83/anley1/conda_envs/swinEnv/lib/python3.7/site-packages/torch/functional.py", line 695, in _return_output
    output, _, _ = _unique_impl(input, sorted, return_inverse, return_counts, dim)
  File "/projects/bw83/anley1/conda_envs/swinEnv/lib/python3.7/site-packages/torch/functional.py", line 612, in _unique_impl
    return_counts=return_counts,
RuntimeError: transform: failed to synchronize: cudaErrorAssert: device-side assert triggered
terminate called after throwing an instance of 'c10::Error'
  what():  CUDA error: device-side assert triggered
Exception raised from create_event_internal at /pytorch/c10/cuda/CUDACachingAllocator.cpp:687 (most recent call first):
frame #0: c10::Error::Error(c10::SourceLocation, std::string) + 0x42 (0x7f5babb291e2 in /projects/bw83/anley1/conda_envs/swinEnv/lib/python3.7/site-packages/torch/lib/libc10.so)
frame #1: c10::cuda::CUDACachingAllocator::raw_delete(void*) + 0xad2 (0x7f5babd77f92 in /projects/bw83/anley1/conda_envs/swinEnv/lib/python3.7/site-packages/torch/lib/libc10_cuda.so)
frame #2: c10::TensorImpl::release_resources() + 0x4d (0x7f5babb179cd in /projects/bw83/anley1/conda_envs/swinEnv/lib/python3.7/site-packages/torch/lib/libc10.so)
frame #3: <unknown function> + 0x5411c2 (0x7f5bf369c1c2 in /projects/bw83/anley1/conda_envs/swinEnv/lib/python3.7/site-packages/torch/lib/libtorch_python.so)
frame #4: <unknown function> + 0x541266 (0x7f5bf369c266 in /projects/bw83/anley1/conda_envs/swinEnv/lib/python3.7/site-packages/torch/lib/libtorch_python.so)
<omitting python frames>
frame #23: __libc_start_main + 0xf5 (0x7f5c02051555 in /lib64/libc.so.6)

/opt/slurm/var/spool/job20955517/slurm_script: line 24:   991 Aborted                 (core dumped) python tools/train.py configs/bead/cascade_mask_rcnn_x101_64x4d_fpn_1x_coco_type_6.py --work-dir freeze/type_6_x101_64d
