2021-05-23 10:33:16,641 - mmdet - INFO - Environment info:
------------------------------------------------------------
sys.platform: linux
Python: 3.7.10 (default, Feb 26 2021, 18:47:35) [GCC 7.3.0]
CUDA available: True
GPU 0: Tesla V100-PCIE-16GB
CUDA_HOME: /usr/local/cuda/10.1/
NVCC: Cuda compilation tools, release 10.1, V10.1.105
GCC: gcc (GCC) 5.4.0
PyTorch: 1.6.0+cu101
PyTorch compiling details: PyTorch built with:
  - GCC 7.3
  - C++ Version: 201402
  - Intel(R) Math Kernel Library Version 2019.0.5 Product Build 20190808 for Intel(R) 64 architecture applications
  - Intel(R) MKL-DNN v1.5.0 (Git Hash e2ac1fac44c5078ca927cb9b90e1b3066a0b2ed0)
  - OpenMP 201511 (a.k.a. OpenMP 4.5)
  - NNPACK is enabled
  - CPU capability usage: AVX2
  - CUDA Runtime 10.1
  - NVCC architecture flags: -gencode;arch=compute_37,code=sm_37;-gencode;arch=compute_50,code=sm_50;-gencode;arch=compute_60,code=sm_60;-gencode;arch=compute_70,code=sm_70;-gencode;arch=compute_75,code=sm_75
  - CuDNN 7.6.3
  - Magma 2.5.2
  - Build settings: BLAS=MKL, BUILD_TYPE=Release, CXX_FLAGS= -Wno-deprecated -fvisibility-inlines-hidden -DUSE_PTHREADPOOL -fopenmp -DNDEBUG -DUSE_FBGEMM -DUSE_QNNPACK -DUSE_PYTORCH_QNNPACK -DUSE_XNNPACK -DUSE_VULKAN_WRAPPER -O2 -fPIC -Wno-narrowing -Wall -Wextra -Werror=return-type -Wno-missing-field-initializers -Wno-type-limits -Wno-array-bounds -Wno-unknown-pragmas -Wno-sign-compare -Wno-unused-parameter -Wno-unused-variable -Wno-unused-function -Wno-unused-result -Wno-unused-local-typedefs -Wno-strict-overflow -Wno-strict-aliasing -Wno-error=deprecated-declarations -Wno-stringop-overflow -Wno-error=pedantic -Wno-error=redundant-decls -Wno-error=old-style-cast -fdiagnostics-color=always -faligned-new -Wno-unused-but-set-variable -Wno-maybe-uninitialized -fno-math-errno -fno-trapping-math -Werror=format -Wno-stringop-overflow, PERF_WITH_AVX=1, PERF_WITH_AVX2=1, PERF_WITH_AVX512=1, USE_CUDA=ON, USE_EXCEPTION_PTR=1, USE_GFLAGS=OFF, USE_GLOG=OFF, USE_MKL=ON, USE_MKLDNN=ON, USE_MPI=OFF, USE_NCCL=ON, USE_NNPACK=ON, USE_OPENMP=ON, USE_STATIC_DISPATCH=OFF, 

TorchVision: 0.7.0+cu101
OpenCV: 4.5.2
MMCV: 1.2.7
MMCV Compiler: GCC 7.3
MMCV CUDA Compiler: 10.1
MMDetection: 2.11.0+515b289
------------------------------------------------------------

2021-05-23 10:33:17,073 - mmdet - INFO - Distributed training: False
2021-05-23 10:33:17,457 - mmdet - INFO - Config:
model = dict(
    type='CascadeRCNN',
    pretrained='open-mmlab://resnext101_32x4d',
    backbone=dict(
        type='ResNeXt',
        depth=101,
        num_stages=4,
        out_indices=(0, 1, 2, 3),
        frozen_stages=1,
        norm_cfg=dict(type='BN', requires_grad=True),
        norm_eval=True,
        style='pytorch',
        groups=32,
        base_width=4),
    neck=dict(
        type='FPN',
        in_channels=[256, 512, 1024, 2048],
        out_channels=256,
        num_outs=5),
    rpn_head=dict(
        type='RPNHead',
        in_channels=256,
        feat_channels=256,
        anchor_generator=dict(
            type='AnchorGenerator',
            scales=[8],
            ratios=[0.5, 1.0, 2.0],
            strides=[4, 8, 16, 32, 64]),
        bbox_coder=dict(
            type='DeltaXYWHBBoxCoder',
            target_means=[0.0, 0.0, 0.0, 0.0],
            target_stds=[1.0, 1.0, 1.0, 1.0]),
        loss_cls=dict(
            type='CrossEntropyLoss', use_sigmoid=True, loss_weight=1.0),
        loss_bbox=dict(
            type='SmoothL1Loss', beta=0.1111111111111111, loss_weight=1.0)),
    roi_head=dict(
        type='CascadeRoIHead',
        num_stages=3,
        stage_loss_weights=[1, 0.5, 0.25],
        bbox_roi_extractor=dict(
            type='SingleRoIExtractor',
            roi_layer=dict(type='RoIAlign', output_size=7, sampling_ratio=0),
            out_channels=256,
            featmap_strides=[4, 8, 16, 32]),
        bbox_head=[
            dict(
                type='Shared2FCBBoxHead',
                in_channels=256,
                fc_out_channels=1024,
                roi_feat_size=7,
                num_classes=1,
                bbox_coder=dict(
                    type='DeltaXYWHBBoxCoder',
                    target_means=[0.0, 0.0, 0.0, 0.0],
                    target_stds=[0.1, 0.1, 0.2, 0.2]),
                reg_class_agnostic=True,
                loss_cls=dict(
                    type='CrossEntropyLoss',
                    use_sigmoid=False,
                    loss_weight=1.0),
                loss_bbox=dict(type='SmoothL1Loss', beta=1.0,
                               loss_weight=1.0)),
            dict(
                type='Shared2FCBBoxHead',
                in_channels=256,
                fc_out_channels=1024,
                roi_feat_size=7,
                num_classes=1,
                bbox_coder=dict(
                    type='DeltaXYWHBBoxCoder',
                    target_means=[0.0, 0.0, 0.0, 0.0],
                    target_stds=[0.05, 0.05, 0.1, 0.1]),
                reg_class_agnostic=True,
                loss_cls=dict(
                    type='CrossEntropyLoss',
                    use_sigmoid=False,
                    loss_weight=1.0),
                loss_bbox=dict(type='SmoothL1Loss', beta=1.0,
                               loss_weight=1.0)),
            dict(
                type='Shared2FCBBoxHead',
                in_channels=256,
                fc_out_channels=1024,
                roi_feat_size=7,
                num_classes=1,
                bbox_coder=dict(
                    type='DeltaXYWHBBoxCoder',
                    target_means=[0.0, 0.0, 0.0, 0.0],
                    target_stds=[0.033, 0.033, 0.067, 0.067]),
                reg_class_agnostic=True,
                loss_cls=dict(
                    type='CrossEntropyLoss',
                    use_sigmoid=False,
                    loss_weight=1.0),
                loss_bbox=dict(type='SmoothL1Loss', beta=1.0, loss_weight=1.0))
        ],
        mask_roi_extractor=dict(
            type='SingleRoIExtractor',
            roi_layer=dict(type='RoIAlign', output_size=14, sampling_ratio=0),
            out_channels=256,
            featmap_strides=[4, 8, 16, 32]),
        mask_head=dict(
            type='FCNMaskHead',
            num_convs=4,
            in_channels=256,
            conv_out_channels=256,
            num_classes=1,
            loss_mask=dict(
                type='CrossEntropyLoss', use_mask=True, loss_weight=1.0))),
    train_cfg=dict(
        rpn=dict(
            assigner=dict(
                type='MaxIoUAssigner',
                pos_iou_thr=0.7,
                neg_iou_thr=0.3,
                min_pos_iou=0.3,
                match_low_quality=True,
                ignore_iof_thr=-1),
            sampler=dict(
                type='RandomSampler',
                num=256,
                pos_fraction=0.5,
                neg_pos_ub=-1,
                add_gt_as_proposals=False),
            allowed_border=0,
            pos_weight=-1,
            debug=False),
        rpn_proposal=dict(
            nms_pre=2000,
            max_per_img=2000,
            nms=dict(type='nms', iou_threshold=0.7),
            min_bbox_size=0),
        rcnn=[
            dict(
                assigner=dict(
                    type='MaxIoUAssigner',
                    pos_iou_thr=0.5,
                    neg_iou_thr=0.5,
                    min_pos_iou=0.5,
                    match_low_quality=False,
                    ignore_iof_thr=-1),
                sampler=dict(
                    type='RandomSampler',
                    num=512,
                    pos_fraction=0.25,
                    neg_pos_ub=-1,
                    add_gt_as_proposals=True),
                mask_size=28,
                pos_weight=-1,
                debug=False),
            dict(
                assigner=dict(
                    type='MaxIoUAssigner',
                    pos_iou_thr=0.6,
                    neg_iou_thr=0.6,
                    min_pos_iou=0.6,
                    match_low_quality=False,
                    ignore_iof_thr=-1),
                sampler=dict(
                    type='RandomSampler',
                    num=512,
                    pos_fraction=0.25,
                    neg_pos_ub=-1,
                    add_gt_as_proposals=True),
                mask_size=28,
                pos_weight=-1,
                debug=False),
            dict(
                assigner=dict(
                    type='MaxIoUAssigner',
                    pos_iou_thr=0.7,
                    neg_iou_thr=0.7,
                    min_pos_iou=0.7,
                    match_low_quality=False,
                    ignore_iof_thr=-1),
                sampler=dict(
                    type='RandomSampler',
                    num=512,
                    pos_fraction=0.25,
                    neg_pos_ub=-1,
                    add_gt_as_proposals=True),
                mask_size=28,
                pos_weight=-1,
                debug=False)
        ]),
    test_cfg=dict(
        rpn=dict(
            nms_pre=1000,
            max_per_img=1000,
            nms=dict(type='nms', iou_threshold=0.7),
            min_bbox_size=0),
        rcnn=dict(
            score_thr=0.05,
            nms=dict(type='nms', iou_threshold=0.3),
            max_per_img=100,
            mask_thr_binary=0.5)))
dataset_type = 'CocoDataset'
classes = ('beading', )
data_root = 'data/bead_cropped_detection/'
img_norm_cfg = dict(
    mean=[123.675, 116.28, 103.53], std=[58.395, 57.12, 57.375], to_rgb=True)
train_pipeline = [
    dict(type='LoadImageFromFile'),
    dict(
        type='LoadAnnotations', with_bbox=True, with_mask=True,
        poly2mask=True),
    dict(type='Resize', img_scale=(1333, 800), keep_ratio=True),
    dict(type='RandomFlip', flip_ratio=0.5),
    dict(
        type='Normalize',
        mean=[123.675, 116.28, 103.53],
        std=[58.395, 57.12, 57.375],
        to_rgb=True),
    dict(type='Pad', size_divisor=32),
    dict(type='DefaultFormatBundle'),
    dict(type='Collect', keys=['img', 'gt_bboxes', 'gt_labels', 'gt_masks'])
]
test_pipeline = [
    dict(type='LoadImageFromFile'),
    dict(
        type='MultiScaleFlipAug',
        img_scale=(1333, 800),
        flip=False,
        transforms=[
            dict(type='Resize', keep_ratio=True),
            dict(type='RandomFlip'),
            dict(
                type='Normalize',
                mean=[123.675, 116.28, 103.53],
                std=[58.395, 57.12, 57.375],
                to_rgb=True),
            dict(type='Pad', size_divisor=32),
            dict(type='ImageToTensor', keys=['img']),
            dict(type='Collect', keys=['img'])
        ])
]
data = dict(
    samples_per_gpu=1,
    workers_per_gpu=1,
    train=dict(
        type='CocoDataset',
        classes=('beading', ),
        ann_file='data/bead_cropped_detection/traintype2lower.json',
        img_prefix='data/bead_cropped_detection/images/',
        pipeline=[
            dict(type='LoadImageFromFile'),
            dict(
                type='LoadAnnotations',
                with_bbox=True,
                with_mask=True,
                poly2mask=True),
            dict(type='Resize', img_scale=(1333, 800), keep_ratio=True),
            dict(type='RandomFlip', flip_ratio=0.5),
            dict(
                type='Normalize',
                mean=[123.675, 116.28, 103.53],
                std=[58.395, 57.12, 57.375],
                to_rgb=True),
            dict(type='Pad', size_divisor=32),
            dict(type='DefaultFormatBundle'),
            dict(
                type='Collect',
                keys=['img', 'gt_bboxes', 'gt_labels', 'gt_masks'])
        ]),
    val=dict(
        type='CocoDataset',
        classes=('beading', ),
        ann_file='data/bead_cropped_detection/testtype2lower.json',
        img_prefix='data/bead_cropped_detection/images/',
        pipeline=[
            dict(type='LoadImageFromFile'),
            dict(
                type='MultiScaleFlipAug',
                img_scale=(1333, 800),
                flip=False,
                transforms=[
                    dict(type='Resize', keep_ratio=True),
                    dict(type='RandomFlip'),
                    dict(
                        type='Normalize',
                        mean=[123.675, 116.28, 103.53],
                        std=[58.395, 57.12, 57.375],
                        to_rgb=True),
                    dict(type='Pad', size_divisor=32),
                    dict(type='ImageToTensor', keys=['img']),
                    dict(type='Collect', keys=['img'])
                ])
        ]),
    test=dict(
        type='CocoDataset',
        classes=('beading', ),
        ann_file='data/bead_cropped_detection/testtype2lower.json',
        img_prefix='data/bead_cropped_detection/images/',
        pipeline=[
            dict(type='LoadImageFromFile'),
            dict(
                type='MultiScaleFlipAug',
                img_scale=(1333, 800),
                flip=False,
                transforms=[
                    dict(type='Resize', keep_ratio=True),
                    dict(type='RandomFlip'),
                    dict(
                        type='Normalize',
                        mean=[123.675, 116.28, 103.53],
                        std=[58.395, 57.12, 57.375],
                        to_rgb=True),
                    dict(type='Pad', size_divisor=32),
                    dict(type='ImageToTensor', keys=['img']),
                    dict(type='Collect', keys=['img'])
                ])
        ]))
evaluation = dict(interval=1, metric=['bbox', 'segm'])
optimizer = dict(type='SGD', lr=0.02, momentum=0.9, weight_decay=0.0001)
optimizer_config = dict(grad_clip=dict(max_norm=35, norm_type=2))
lr_config = dict(
    policy='step',
    warmup='linear',
    warmup_iters=500,
    warmup_ratio=0.001,
    step=[8, 11])
runner = dict(type='EpochBasedRunner', max_epochs=30)
checkpoint_config = dict(interval=1, max_keep_ckpts=4)
log_config = dict(
    interval=2,
    hooks=[dict(type='TextLoggerHook'),
           dict(type='TensorboardLoggerHook')])
dist_params = dict(backend='nccl')
log_level = 'INFO'
load_from = None
resume_from = None
workflow = [('train', 1)]
work_dir = 'freeze/cascade_mask_rcnn_x101_32x4d_fpn_1x_coco'
gpu_ids = range(0, 1)

2021-05-23 10:33:18,525 - mmdet - INFO - load model from: open-mmlab://resnext101_32x4d
2021-05-23 10:33:18,525 - mmdet - INFO - Use load_from_openmmlab loader
2021-05-23 10:33:26,464 - mmdet - INFO - Start running, host: anley1@m3g003, work_dir: /projects/bw83/anley1/Swin-Transformer-Object-Detection/freeze/cascade_mask_rcnn_x101_32x4d_fpn_1x_coco
2021-05-23 10:33:26,464 - mmdet - INFO - workflow: [('train', 1)], max: 30 epochs
apex is not installed
apex is not installed
apex is not installed
apex is not installed
loading annotations into memory...
Done (t=0.02s)
creating index...
index created!
loading annotations into memory...
Done (t=0.02s)
creating index...
index created!
2021-05-23 10:33:34,445 - mmdet - INFO - Epoch [1][2/43]	lr: 5.996e-05, eta: 0:54:54, time: 2.558, data_time: 1.378, memory: 3874, loss_rpn_cls: 0.6954, loss_rpn_bbox: 0.2336, s0.loss_cls: 0.4994, s0.acc: 91.2109, s0.loss_bbox: 0.0455, s0.loss_mask: 1.7834, s1.loss_cls: 0.3929, s1.acc: 20.4102, s1.loss_bbox: 0.0074, s1.loss_mask: 0.8332, s2.loss_cls: 0.1974, s2.acc: 18.4570, s2.loss_bbox: 0.0017, s2.loss_mask: 0.5368, loss: 5.2266, grad_norm: 92.8379
2021-05-23 10:33:35,416 - mmdet - INFO - Epoch [1][4/43]	lr: 1.399e-04, eta: 0:32:37, time: 0.486, data_time: 0.054, memory: 3874, loss_rpn_cls: 0.6938, loss_rpn_bbox: 0.1537, s0.loss_cls: 0.4776, s0.acc: 92.9688, s0.loss_bbox: 0.0277, s0.loss_mask: 1.4451, s1.loss_cls: 0.3850, s1.acc: 21.7773, s1.loss_bbox: 0.0081, s1.loss_mask: 0.7580, s2.loss_cls: 0.1966, s2.acc: 23.1445, s2.loss_bbox: 0.0000, s2.loss_mask: 0.4937, loss: 4.6392, grad_norm: 77.5971
2021-05-23 10:33:36,461 - mmdet - INFO - Epoch [1][6/43]	lr: 2.198e-04, eta: 0:25:26, time: 0.523, data_time: 0.087, memory: 3874, loss_rpn_cls: 0.6948, loss_rpn_bbox: 0.2013, s0.loss_cls: 0.5057, s0.acc: 92.5781, s0.loss_bbox: 0.0414, s0.loss_mask: 1.1437, s1.loss_cls: 0.3569, s1.acc: 43.3594, s1.loss_bbox: 0.0046, s1.loss_mask: 0.5758, s2.loss_cls: 0.1800, s2.acc: 40.7227, s2.loss_bbox: 0.0000, s2.loss_mask: 0.2864, loss: 3.9905, grad_norm: 53.0352
2021-05-23 10:33:37,701 - mmdet - INFO - Epoch [1][8/43]	lr: 2.997e-04, eta: 0:22:21, time: 0.620, data_time: 0.160, memory: 3934, loss_rpn_cls: 0.6940, loss_rpn_bbox: 0.2283, s0.loss_cls: 0.5219, s0.acc: 90.9180, s0.loss_bbox: 0.0204, s0.loss_mask: 0.7674, s1.loss_cls: 0.3268, s1.acc: 75.7812, s1.loss_bbox: 0.0058, s1.loss_mask: 0.4517, s2.loss_cls: 0.1677, s2.acc: 70.6055, s2.loss_bbox: 0.0012, s2.loss_mask: 0.1998, loss: 3.3851, grad_norm: 20.3080
2021-05-23 10:33:38,865 - mmdet - INFO - Epoch [1][10/43]	lr: 3.796e-04, eta: 0:20:16, time: 0.568, data_time: 0.132, memory: 3934, loss_rpn_cls: 0.6940, loss_rpn_bbox: 0.1740, s0.loss_cls: 0.5197, s0.acc: 93.7500, s0.loss_bbox: 0.0000, s0.loss_mask: 0.6607, s1.loss_cls: 0.3156, s1.acc: 92.6758, s1.loss_bbox: 0.0000, s1.loss_mask: 0.3732, s2.loss_cls: 0.1606, s2.acc: 89.1602, s2.loss_bbox: 0.0000, s2.loss_mask: 0.1691, loss: 3.0670, grad_norm: 15.2683
2021-05-23 10:33:39,840 - mmdet - INFO - Epoch [1][12/43]	lr: 4.596e-04, eta: 0:18:39, time: 0.502, data_time: 0.084, memory: 3934, loss_rpn_cls: 0.6930, loss_rpn_bbox: 0.1280, s0.loss_cls: 0.4330, s0.acc: 94.7266, s0.loss_bbox: 0.0037, s0.loss_mask: 0.5935, s1.loss_cls: 0.2837, s1.acc: 94.8242, s1.loss_bbox: 0.0000, s1.loss_mask: 0.3135, s2.loss_cls: 0.1513, s2.acc: 94.1406, s2.loss_bbox: 0.0000, s2.loss_mask: 0.1604, loss: 2.7602, grad_norm: 11.7746
2021-05-23 10:33:40,837 - mmdet - INFO - Epoch [1][14/43]	lr: 5.395e-04, eta: 0:17:28, time: 0.499, data_time: 0.067, memory: 3934, loss_rpn_cls: 0.6939, loss_rpn_bbox: 0.1772, s0.loss_cls: 0.3442, s0.acc: 94.0430, s0.loss_bbox: 0.0000, s0.loss_mask: 0.5095, s1.loss_cls: 0.2494, s1.acc: 94.0430, s1.loss_bbox: 0.0000, s1.loss_mask: 0.3037, s2.loss_cls: 0.1422, s2.acc: 93.8477, s2.loss_bbox: 0.0000, s2.loss_mask: 0.1602, loss: 2.5803, grad_norm: 10.9862
2021-05-23 10:33:42,088 - mmdet - INFO - Epoch [1][16/43]	lr: 6.194e-04, eta: 0:16:55, time: 0.625, data_time: 0.196, memory: 3934, loss_rpn_cls: 0.6933, loss_rpn_bbox: 0.1675, s0.loss_cls: 0.2699, s0.acc: 92.8711, s0.loss_bbox: 0.0000, s0.loss_mask: 0.4856, s1.loss_cls: 0.2050, s1.acc: 92.8711, s1.loss_bbox: 0.0000, s1.loss_mask: 0.2839, s2.loss_cls: 0.1303, s2.acc: 92.8711, s2.loss_bbox: 0.0000, s2.loss_mask: 0.1607, loss: 2.3961, grad_norm: 10.4567
2021-05-23 10:33:43,252 - mmdet - INFO - Epoch [1][18/43]	lr: 6.993e-04, eta: 0:16:23, time: 0.582, data_time: 0.158, memory: 3934, loss_rpn_cls: 0.6930, loss_rpn_bbox: 0.1988, s0.loss_cls: 0.2025, s0.acc: 93.5547, s0.loss_bbox: 0.0000, s0.loss_mask: 0.4880, s1.loss_cls: 0.1395, s1.acc: 93.5547, s1.loss_bbox: 0.0000, s1.loss_mask: 0.2684, s2.loss_cls: 0.1028, s2.acc: 93.5547, s2.loss_bbox: 0.0000, s2.loss_mask: 0.1610, loss: 2.2540, grad_norm: 10.2980
2021-05-23 10:33:44,567 - mmdet - INFO - Epoch [1][20/43]	lr: 7.792e-04, eta: 0:16:06, time: 0.651, data_time: 0.201, memory: 3934, loss_rpn_cls: 0.6925, loss_rpn_bbox: 0.1964, s0.loss_cls: 0.2115, s0.acc: 92.1875, s0.loss_bbox: 0.0000, s0.loss_mask: 0.4445, s1.loss_cls: 0.1104, s1.acc: 92.1875, s1.loss_bbox: 0.0000, s1.loss_mask: 0.2462, s2.loss_cls: 0.0746, s2.acc: 92.1875, s2.loss_bbox: 0.0000, s2.loss_mask: 0.1389, loss: 2.1150, grad_norm: 7.9725
2021-05-23 10:33:45,720 - mmdet - INFO - Epoch [1][22/43]	lr: 8.592e-04, eta: 0:15:44, time: 0.583, data_time: 0.132, memory: 3934, loss_rpn_cls: 0.6911, loss_rpn_bbox: 0.2207, s0.loss_cls: 0.2040, s0.acc: 92.5781, s0.loss_bbox: 0.0000, s0.loss_mask: 0.4005, s1.loss_cls: 0.0941, s1.acc: 92.5781, s1.loss_bbox: 0.0000, s1.loss_mask: 0.2247, s2.loss_cls: 0.0533, s2.acc: 92.5781, s2.loss_bbox: 0.0000, s2.loss_mask: 0.1279, loss: 2.0164, grad_norm: 6.8295
2021-05-23 10:33:46,767 - mmdet - INFO - Epoch [1][24/43]	lr: 9.391e-04, eta: 0:15:19, time: 0.519, data_time: 0.109, memory: 3951, loss_rpn_cls: 0.6911, loss_rpn_bbox: 0.1936, s0.loss_cls: 0.1623, s0.acc: 93.5547, s0.loss_bbox: 0.0054, s0.loss_mask: 0.3979, s1.loss_cls: 0.0692, s1.acc: 93.6523, s1.loss_bbox: 0.0029, s1.loss_mask: 0.2164, s2.loss_cls: 0.0334, s2.acc: 93.7500, s2.loss_bbox: 0.0000, s2.loss_mask: 0.1251, loss: 1.8973, grad_norm: 6.1064
2021-05-23 10:33:47,740 - mmdet - INFO - Epoch [1][26/43]	lr: 1.019e-03, eta: 0:14:54, time: 0.485, data_time: 0.093, memory: 3951, loss_rpn_cls: 0.6889, loss_rpn_bbox: 0.1550, s0.loss_cls: 0.1449, s0.acc: 93.8477, s0.loss_bbox: 0.0000, s0.loss_mask: 0.3599, s1.loss_cls: 0.0620, s1.acc: 93.8477, s1.loss_bbox: 0.0000, s1.loss_mask: 0.1967, s2.loss_cls: 0.0275, s2.acc: 93.8477, s2.loss_bbox: 0.0000, s2.loss_mask: 0.1169, loss: 1.7518, grad_norm: 5.7474
2021-05-23 10:33:48,687 - mmdet - INFO - Epoch [1][28/43]	lr: 1.099e-03, eta: 0:14:32, time: 0.480, data_time: 0.089, memory: 3951, loss_rpn_cls: 0.6858, loss_rpn_bbox: 0.2201, s0.loss_cls: 0.1564, s0.acc: 93.7500, s0.loss_bbox: 0.0190, s0.loss_mask: 0.3885, s1.loss_cls: 0.0738, s1.acc: 94.1406, s1.loss_bbox: 0.0082, s1.loss_mask: 0.2103, s2.loss_cls: 0.0387, s2.acc: 94.3359, s2.loss_bbox: 0.0029, s2.loss_mask: 0.1131, loss: 1.9168, grad_norm: 3.6450
2021-05-23 10:33:49,721 - mmdet - INFO - Epoch [1][30/43]	lr: 1.179e-03, eta: 0:14:16, time: 0.517, data_time: 0.097, memory: 3951, loss_rpn_cls: 0.6830, loss_rpn_bbox: 0.1719, s0.loss_cls: 0.2185, s0.acc: 92.0898, s0.loss_bbox: 0.0573, s0.loss_mask: 0.4388, s1.loss_cls: 0.1003, s1.acc: 93.5547, s1.loss_bbox: 0.0215, s1.loss_mask: 0.2102, s2.loss_cls: 0.0576, s2.acc: 94.3359, s2.loss_bbox: 0.0048, s2.loss_mask: 0.1098, loss: 2.0737, grad_norm: 4.8754
2021-05-23 10:33:50,781 - mmdet - INFO - Epoch [1][32/43]	lr: 1.259e-03, eta: 0:14:03, time: 0.530, data_time: 0.095, memory: 3951, loss_rpn_cls: 0.6709, loss_rpn_bbox: 0.1878, s0.loss_cls: 0.3098, s0.acc: 88.1836, s0.loss_bbox: 0.1340, s0.loss_mask: 0.4462, s1.loss_cls: 0.1281, s1.acc: 91.5039, s1.loss_bbox: 0.0425, s1.loss_mask: 0.2190, s2.loss_cls: 0.0667, s2.acc: 92.9688, s2.loss_bbox: 0.0060, s2.loss_mask: 0.1115, loss: 2.3224, grad_norm: 4.0757
2021-05-23 10:33:51,811 - mmdet - INFO - Epoch [1][34/43]	lr: 1.339e-03, eta: 0:13:50, time: 0.515, data_time: 0.104, memory: 3951, loss_rpn_cls: 0.6655, loss_rpn_bbox: 0.1868, s0.loss_cls: 0.3100, s0.acc: 87.6953, s0.loss_bbox: 0.1437, s0.loss_mask: 0.4324, s1.loss_cls: 0.1251, s1.acc: 91.2109, s1.loss_bbox: 0.0461, s1.loss_mask: 0.2037, s2.loss_cls: 0.0621, s2.acc: 92.8711, s2.loss_bbox: 0.0050, s2.loss_mask: 0.1023, loss: 2.2828, grad_norm: 6.9147
2021-05-23 10:33:52,828 - mmdet - INFO - Epoch [1][36/43]	lr: 1.419e-03, eta: 0:13:38, time: 0.508, data_time: 0.067, memory: 3951, loss_rpn_cls: 0.6566, loss_rpn_bbox: 0.2366, s0.loss_cls: 0.3188, s0.acc: 87.9883, s0.loss_bbox: 0.1375, s0.loss_mask: 0.4980, s1.loss_cls: 0.1308, s1.acc: 91.5039, s1.loss_bbox: 0.0416, s1.loss_mask: 0.2212, s2.loss_cls: 0.0634, s2.acc: 93.0664, s2.loss_bbox: 0.0041, s2.loss_mask: 0.1131, loss: 2.4217, grad_norm: 18.9676
2021-05-23 10:33:53,860 - mmdet - INFO - Epoch [1][38/43]	lr: 1.499e-03, eta: 0:13:28, time: 0.516, data_time: 0.079, memory: 3951, loss_rpn_cls: 0.6672, loss_rpn_bbox: 0.1334, s0.loss_cls: 0.3577, s0.acc: 86.7188, s0.loss_bbox: 0.1575, s0.loss_mask: 0.4620, s1.loss_cls: 0.1564, s1.acc: 90.5273, s1.loss_bbox: 0.0632, s1.loss_mask: 0.2172, s2.loss_cls: 0.0792, s2.acc: 92.3828, s2.loss_bbox: 0.0152, s2.loss_mask: 0.1066, loss: 2.4154, grad_norm: 8.5367
2021-05-23 10:33:54,868 - mmdet - INFO - Epoch [1][40/43]	lr: 1.578e-03, eta: 0:13:18, time: 0.504, data_time: 0.051, memory: 3951, loss_rpn_cls: 0.6610, loss_rpn_bbox: 0.1809, s0.loss_cls: 0.3197, s0.acc: 88.8672, s0.loss_bbox: 0.1378, s0.loss_mask: 0.5593, s1.loss_cls: 0.1356, s1.acc: 92.3828, s1.loss_bbox: 0.0407, s1.loss_mask: 0.2203, s2.loss_cls: 0.0702, s2.acc: 93.9453, s2.loss_bbox: 0.0032, s2.loss_mask: 0.1029, loss: 2.4316, grad_norm: 27.4738
2021-05-23 10:33:56,033 - mmdet - INFO - Epoch [1][42/43]	lr: 1.658e-03, eta: 0:13:13, time: 0.576, data_time: 0.099, memory: 3951, loss_rpn_cls: 0.6600, loss_rpn_bbox: 0.1880, s0.loss_cls: 0.4280, s0.acc: 82.3242, s0.loss_bbox: 0.2606, s0.loss_mask: 0.4994, s1.loss_cls: 0.1614, s1.acc: 89.5508, s1.loss_bbox: 0.0739, s1.loss_mask: 0.2300, s2.loss_cls: 0.0709, s2.acc: 92.0898, s2.loss_bbox: 0.0097, s2.loss_mask: 0.1092, loss: 2.6909, grad_norm: 9.8318
2021-05-23 10:33:56,472 - mmdet - INFO - Saving checkpoint at 1 epochs
[                                                  ] 0/8, elapsed: 0s, ETA:[>>>>                               ] 1/8, 1.3 task/s, elapsed: 1s, ETA:     5s[>>>>>>>>                           ] 2/8, 1.6 task/s, elapsed: 1s, ETA:     4s[>>>>>>>>>>>>>                      ] 3/8, 1.8 task/s, elapsed: 2s, ETA:     3s[>>>>>>>>>>>>>>>>>                  ] 4/8, 1.9 task/s, elapsed: 2s, ETA:     2s[>>>>>>>>>>>>>>>>>>>>>              ] 5/8, 1.9 task/s, elapsed: 3s, ETA:     2s[>>>>>>>>>>>>>>>>>>>>>>>>>>         ] 6/8, 2.0 task/s, elapsed: 3s, ETA:     1s[>>>>>>>>>>>>>>>>>>>>>>>>>>>>>>     ] 7/8, 2.1 task/s, elapsed: 3s, ETA:     0s[>>>>>>>>>>>>>>>>>>>>>>>>>>>>>>>>>>>] 8/8, 2.1 task/s, elapsed: 4s, ETA:     0s2021-05-23 10:34:02,375 - mmdet - INFO - Evaluating bbox...
2021-05-23 10:34:02,986 - mmdet - INFO - Evaluating segm...
2021-05-23 10:34:03,592 - mmdet - INFO - Exp name: cascade_mask_rcnn_x101_32x4d_fpn_1x_coco.py
2021-05-23 10:34:03,592 - mmdet - INFO - Epoch(val) [1][43]	bbox_mAP: 0.0220, bbox_mAP_30: 0.0940, bbox_mAP_50: 0.0240, bbox_mAP_75: 0.0020, bbox_mAP_s: 0.1070, bbox_mAP_m: 0.0310, bbox_mAP_l: -1.0000, bbox_mAP_copypaste: 0.022 0.094 0.024 0.002 0.107 0.031 -1.000, segm_mAP: 0.0210, segm_mAP_30: 0.0870, segm_mAP_50: 0.0240, segm_mAP_75: 0.0010, segm_mAP_s: 0.1160, segm_mAP_m: 0.0270, segm_mAP_l: -1.0000, segm_mAP_copypaste: 0.021 0.087 0.024 0.001 0.116 0.027 -1.000
Loading and preparing results...
DONE (t=0.00s)
creating index...
index created!
Running per image evaluation...
Evaluate annotation type *bbox*
DONE (t=0.59s).
Accumulating evaluation results...
DONE (t=0.02s).
Average Precision  (AP) @[ IoU=0.30:0.95 | area=   all | maxDets=100 ] = 0.022
Average Precision  (AP) @[ IoU=0.30      | area=   all | maxDets=1000 ] = 0.094
Average Precision  (AP) @[ IoU=0.50      | area=   all | maxDets=1000 ] = 0.024
Average Precision  (AP) @[ IoU=0.75      | area=   all | maxDets=1000 ] = 0.002
Average Precision  (AP) @[ IoU=0.30:0.95 | area= small | maxDets=1000 ] = 0.107
Average Precision  (AP) @[ IoU=0.30:0.95 | area=medium | maxDets=1000 ] = 0.031
Average Precision  (AP) @[ IoU=0.30:0.95 | area= large | maxDets=1000 ] = -1.000
Average Recall     (AR) @[ IoU=0.30:0.95 | area=   all | maxDets=100 ] = 0.165
Average Recall     (AR) @[ IoU=0.30:0.95 | area=   all | maxDets=300 ] = 0.165
Average Recall     (AR) @[ IoU=0.30:0.95 | area=   all | maxDets=1000 ] = 0.165
Average Recall     (AR) @[ IoU=0.30:0.95 | area= small | maxDets=1000 ] = 0.121
Average Recall     (AR) @[ IoU=0.30:0.95 | area=medium | maxDets=1000 ] = 0.182
Average Recall     (AR) @[ IoU=0.30:0.95 | area= large | maxDets=1000 ] = -1.000
Loading and preparing results...
DONE (t=0.01s)
creating index...
index created!
Running per image evaluation...
Evaluate annotation type *segm*
DONE (t=0.58s).
Accumulating evaluation results...
DONE (t=0.02s).
Average Precision  (AP) @[ IoU=0.30:0.95 | area=   all | maxDets=100 ] = 0.021
Average Precision  (AP) @[ IoU=0.30      | area=   all | maxDets=1000 ] = 0.087
Average Precision  (AP) @[ IoU=0.50      | area=   all | maxDets=1000 ] = 0.024
Average Precision  (AP) @[ IoU=0.75      | area=   all | maxDets=1000 ] = 0.001
Average Precision  (AP) @[ IoU=0.30:0.95 | area= small | maxDets=1000 ] = 0.116
Average Precision  (AP) @[ IoU=0.30:0.95 | area=medium | maxDets=1000 ] = 0.027
Average Precision  (AP) @[ IoU=0.30:0.95 | area= large | maxDets=1000 ] = -1.000
Average Recall     (AR) @[ IoU=0.30:0.95 | area=   all | maxDets=100 ] = 0.154
Average Recall     (AR) @[ IoU=0.30:0.95 | area=   all | maxDets=300 ] = 0.154
Average Recall     (AR) @[ IoU=0.30:0.95 | area=   all | maxDets=1000 ] = 0.154
Average Recall     (AR) @[ IoU=0.30:0.95 | area= small | maxDets=1000 ] = 0.131
Average Recall     (AR) @[ IoU=0.30:0.95 | area=medium | maxDets=1000 ] = 0.163
Average Recall     (AR) @[ IoU=0.30:0.95 | area= large | maxDets=1000 ] = -1.000
2021-05-23 10:34:07,096 - mmdet - INFO - Epoch [2][2/43]	lr: 1.778e-03, eta: 0:13:55, time: 1.747, data_time: 1.257, memory: 3952, loss_rpn_cls: 0.6059, loss_rpn_bbox: 0.1705, s0.loss_cls: 0.4136, s0.acc: 83.3984, s0.loss_bbox: 0.2541, s0.loss_mask: 0.4747, s1.loss_cls: 0.1533, s1.acc: 90.3320, s1.loss_bbox: 0.0819, s1.loss_mask: 0.2166, s2.loss_cls: 0.0652, s2.acc: 92.6758, s2.loss_bbox: 0.0191, s2.loss_mask: 0.1124, loss: 2.5674, grad_norm: 7.4122
2021-05-23 10:34:08,161 - mmdet - INFO - Epoch [2][4/43]	lr: 1.858e-03, eta: 0:13:46, time: 0.532, data_time: 0.090, memory: 3952, loss_rpn_cls: 0.5187, loss_rpn_bbox: 0.1621, s0.loss_cls: 0.4392, s0.acc: 83.0078, s0.loss_bbox: 0.2775, s0.loss_mask: 0.5083, s1.loss_cls: 0.1616, s1.acc: 90.8203, s1.loss_bbox: 0.0866, s1.loss_mask: 0.2411, s2.loss_cls: 0.0637, s2.acc: 93.5547, s2.loss_bbox: 0.0150, s2.loss_mask: 0.1175, loss: 2.5911, grad_norm: 13.9110
2021-05-23 10:34:09,175 - mmdet - INFO - Epoch [2][6/43]	lr: 1.938e-03, eta: 0:13:37, time: 0.507, data_time: 0.047, memory: 3952, loss_rpn_cls: 0.5657, loss_rpn_bbox: 0.1876, s0.loss_cls: 0.4244, s0.acc: 82.1289, s0.loss_bbox: 0.3014, s0.loss_mask: 0.4703, s1.loss_cls: 0.1559, s1.acc: 90.1367, s1.loss_bbox: 0.0896, s1.loss_mask: 0.1920, s2.loss_cls: 0.0626, s2.acc: 93.1641, s2.loss_bbox: 0.0139, s2.loss_mask: 0.0891, loss: 2.5522, grad_norm: 8.7249
2021-05-23 10:34:10,388 - mmdet - INFO - Epoch [2][8/43]	lr: 2.018e-03, eta: 0:13:33, time: 0.606, data_time: 0.118, memory: 3958, loss_rpn_cls: 0.5517, loss_rpn_bbox: 0.1871, s0.loss_cls: 0.7462, s0.acc: 79.4922, s0.loss_bbox: 0.3386, s0.loss_mask: 0.5166, s1.loss_cls: 0.3098, s1.acc: 87.6953, s1.loss_bbox: 0.1251, s1.loss_mask: 0.2686, s2.loss_cls: 0.1220, s2.acc: 92.0898, s2.loss_bbox: 0.0171, s2.loss_mask: 0.1863, loss: 3.3689, grad_norm: 96.9447
2021-05-23 10:34:11,551 - mmdet - INFO - Epoch [2][10/43]	lr: 2.098e-03, eta: 0:13:28, time: 0.581, data_time: 0.112, memory: 4124, loss_rpn_cls: 0.6222, loss_rpn_bbox: 0.1667, s0.loss_cls: 0.5036, s0.acc: 75.9766, s0.loss_bbox: 0.4115, s0.loss_mask: 0.4381, s1.loss_cls: 0.1934, s1.acc: 86.7188, s1.loss_bbox: 0.1490, s1.loss_mask: 0.2124, s2.loss_cls: 0.0763, s2.acc: 91.2109, s2.loss_bbox: 0.0285, s2.loss_mask: 0.1042, loss: 2.9059, grad_norm: 5.6331
2021-05-23 10:34:12,688 - mmdet - INFO - Epoch [2][12/43]	lr: 2.178e-03, eta: 0:13:23, time: 0.567, data_time: 0.096, memory: 4124, loss_rpn_cls: 0.6491, loss_rpn_bbox: 0.1546, s0.loss_cls: 0.4777, s0.acc: 76.9531, s0.loss_bbox: 0.3595, s0.loss_mask: 0.4312, s1.loss_cls: 0.2088, s1.acc: 85.3516, s1.loss_bbox: 0.1580, s1.loss_mask: 0.2011, s2.loss_cls: 0.0839, s2.acc: 90.7227, s2.loss_bbox: 0.0217, s2.loss_mask: 0.0929, loss: 2.8386, grad_norm: 7.0749
2021-05-23 10:34:13,727 - mmdet - INFO - Epoch [2][14/43]	lr: 2.258e-03, eta: 0:13:16, time: 0.515, data_time: 0.062, memory: 4124, loss_rpn_cls: 0.6453, loss_rpn_bbox: 0.1324, s0.loss_cls: 0.3758, s0.acc: 81.9336, s0.loss_bbox: 0.2866, s0.loss_mask: 0.4284, s1.loss_cls: 0.1706, s1.acc: 89.0625, s1.loss_bbox: 0.1190, s1.loss_mask: 0.1914, s2.loss_cls: 0.0720, s2.acc: 92.9688, s2.loss_bbox: 0.0195, s2.loss_mask: 0.0916, loss: 2.5328, grad_norm: 10.2199
2021-05-23 10:34:14,956 - mmdet - INFO - Epoch [2][16/43]	lr: 2.338e-03, eta: 0:13:13, time: 0.621, data_time: 0.124, memory: 4124, loss_rpn_cls: 0.6372, loss_rpn_bbox: 0.1619, s0.loss_cls: 0.4326, s0.acc: 75.0000, s0.loss_bbox: 0.4069, s0.loss_mask: 0.5250, s1.loss_cls: 0.2108, s1.acc: 83.7891, s1.loss_bbox: 0.1857, s1.loss_mask: 0.2175, s2.loss_cls: 0.0888, s2.acc: 89.9414, s2.loss_bbox: 0.0304, s2.loss_mask: 0.0933, loss: 2.9901, grad_norm: 18.2038
2021-05-23 10:34:16,187 - mmdet - INFO - Epoch [2][18/43]	lr: 2.418e-03, eta: 0:13:11, time: 0.616, data_time: 0.131, memory: 4219, loss_rpn_cls: 0.6272, loss_rpn_bbox: 0.1962, s0.loss_cls: 0.4179, s0.acc: 75.0000, s0.loss_bbox: 0.4378, s0.loss_mask: 0.4381, s1.loss_cls: 0.2000, s1.acc: 83.9844, s1.loss_bbox: 0.1882, s1.loss_mask: 0.2139, s2.loss_cls: 0.0853, s2.acc: 89.6484, s2.loss_bbox: 0.0348, s2.loss_mask: 0.0965, loss: 2.9360, grad_norm: 9.5890
2021-05-23 10:34:17,443 - mmdet - INFO - Epoch [2][20/43]	lr: 2.498e-03, eta: 0:13:09, time: 0.622, data_time: 0.130, memory: 4219, loss_rpn_cls: 0.5873, loss_rpn_bbox: 0.1526, s0.loss_cls: 0.4093, s0.acc: 75.3906, s0.loss_bbox: 0.3710, s0.loss_mask: 0.4477, s1.loss_cls: 0.1944, s1.acc: 84.5703, s1.loss_bbox: 0.1598, s1.loss_mask: 0.2139, s2.loss_cls: 0.0841, s2.acc: 90.0391, s2.loss_bbox: 0.0309, s2.loss_mask: 0.1037, loss: 2.7548, grad_norm: 12.0962
2021-05-23 10:34:18,520 - mmdet - INFO - Epoch [2][22/43]	lr: 2.577e-03, eta: 0:13:04, time: 0.545, data_time: 0.085, memory: 4219, loss_rpn_cls: 0.5852, loss_rpn_bbox: 0.1558, s0.loss_cls: 0.4255, s0.acc: 78.7109, s0.loss_bbox: 0.4089, s0.loss_mask: 0.4042, s1.loss_cls: 0.1546, s1.acc: 89.9414, s1.loss_bbox: 0.1096, s1.loss_mask: 0.1960, s2.loss_cls: 0.0571, s2.acc: 93.6523, s2.loss_bbox: 0.0145, s2.loss_mask: 0.0944, loss: 2.6058, grad_norm: 5.6808
2021-05-23 10:34:19,609 - mmdet - INFO - Epoch [2][24/43]	lr: 2.657e-03, eta: 0:12:59, time: 0.544, data_time: 0.060, memory: 4219, loss_rpn_cls: 0.5809, loss_rpn_bbox: 0.1764, s0.loss_cls: 0.4268, s0.acc: 77.6367, s0.loss_bbox: 0.3970, s0.loss_mask: 0.4582, s1.loss_cls: 0.1779, s1.acc: 85.9375, s1.loss_bbox: 0.1573, s1.loss_mask: 0.1899, s2.loss_cls: 0.0680, s2.acc: 91.5039, s2.loss_bbox: 0.0179, s2.loss_mask: 0.0881, loss: 2.7383, grad_norm: 12.5096
2021-05-23 10:34:20,829 - mmdet - INFO - Epoch [2][26/43]	lr: 2.737e-03, eta: 0:12:56, time: 0.604, data_time: 0.118, memory: 4265, loss_rpn_cls: 0.5324, loss_rpn_bbox: 0.1600, s0.loss_cls: 0.4244, s0.acc: 75.0000, s0.loss_bbox: 0.4534, s0.loss_mask: 0.4395, s1.loss_cls: 0.1950, s1.acc: 84.4727, s1.loss_bbox: 0.1930, s1.loss_mask: 0.1997, s2.loss_cls: 0.0792, s2.acc: 91.1133, s2.loss_bbox: 0.0198, s2.loss_mask: 0.1035, loss: 2.7998, grad_norm: 14.5863
2021-05-23 10:34:22,100 - mmdet - INFO - Epoch [2][28/43]	lr: 2.817e-03, eta: 0:12:55, time: 0.631, data_time: 0.125, memory: 4265, loss_rpn_cls: 0.5630, loss_rpn_bbox: 0.1372, s0.loss_cls: 0.4777, s0.acc: 75.2930, s0.loss_bbox: 0.4392, s0.loss_mask: 0.4374, s1.loss_cls: 0.1906, s1.acc: 84.5703, s1.loss_bbox: 0.1781, s1.loss_mask: 0.1996, s2.loss_cls: 0.0765, s2.acc: 90.9180, s2.loss_bbox: 0.0280, s2.loss_mask: 0.1018, loss: 2.8290, grad_norm: 10.0004
2021-05-23 10:34:23,168 - mmdet - INFO - Epoch [2][30/43]	lr: 2.897e-03, eta: 0:12:51, time: 0.545, data_time: 0.081, memory: 4265, loss_rpn_cls: 0.5872, loss_rpn_bbox: 0.1588, s0.loss_cls: 0.3691, s0.acc: 77.4414, s0.loss_bbox: 0.4565, s0.loss_mask: 0.3909, s1.loss_cls: 0.1651, s1.acc: 85.8398, s1.loss_bbox: 0.1694, s1.loss_mask: 0.1830, s2.loss_cls: 0.0672, s2.acc: 91.1133, s2.loss_bbox: 0.0307, s2.loss_mask: 0.0940, loss: 2.6720, grad_norm: 8.8295
2021-05-23 10:34:24,153 - mmdet - INFO - Epoch [2][32/43]	lr: 2.977e-03, eta: 0:12:45, time: 0.492, data_time: 0.042, memory: 4265, loss_rpn_cls: 0.5796, loss_rpn_bbox: 0.1413, s0.loss_cls: 0.3331, s0.acc: 84.0820, s0.loss_bbox: 0.3861, s0.loss_mask: 0.3505, s1.loss_cls: 0.1485, s1.acc: 87.2070, s1.loss_bbox: 0.1487, s1.loss_mask: 0.1759, s2.loss_cls: 0.0601, s2.acc: 92.1875, s2.loss_bbox: 0.0244, s2.loss_mask: 0.0953, loss: 2.4435, grad_norm: 7.7680
2021-05-23 10:34:25,236 - mmdet - INFO - Epoch [2][34/43]	lr: 3.057e-03, eta: 0:12:41, time: 0.535, data_time: 0.060, memory: 4265, loss_rpn_cls: 0.5465, loss_rpn_bbox: 0.1918, s0.loss_cls: 0.3320, s0.acc: 82.6172, s0.loss_bbox: 0.4586, s0.loss_mask: 0.5648, s1.loss_cls: 0.1525, s1.acc: 86.1328, s1.loss_bbox: 0.1696, s1.loss_mask: 0.2469, s2.loss_cls: 0.0616, s2.acc: 91.6992, s2.loss_bbox: 0.0244, s2.loss_mask: 0.0949, loss: 2.8435, grad_norm: 22.8495
2021-05-23 10:34:26,330 - mmdet - INFO - Epoch [2][36/43]	lr: 3.137e-03, eta: 0:12:37, time: 0.553, data_time: 0.082, memory: 4265, loss_rpn_cls: 0.5226, loss_rpn_bbox: 0.1708, s0.loss_cls: 0.3299, s0.acc: 81.5430, s0.loss_bbox: 0.4570, s0.loss_mask: 0.4812, s1.loss_cls: 0.1531, s1.acc: 85.7422, s1.loss_bbox: 0.1622, s1.loss_mask: 0.2033, s2.loss_cls: 0.0649, s2.acc: 90.9180, s2.loss_bbox: 0.0323, s2.loss_mask: 0.0969, loss: 2.6741, grad_norm: 11.6100
2021-05-23 10:34:27,417 - mmdet - INFO - Epoch [2][38/43]	lr: 3.217e-03, eta: 0:12:33, time: 0.537, data_time: 0.085, memory: 4265, loss_rpn_cls: 0.4878, loss_rpn_bbox: 0.1960, s0.loss_cls: 0.3692, s0.acc: 83.9844, s0.loss_bbox: 0.4870, s0.loss_mask: 0.4341, s1.loss_cls: 0.1625, s1.acc: 86.2305, s1.loss_bbox: 0.1688, s1.loss_mask: 0.1988, s2.loss_cls: 0.0657, s2.acc: 91.5039, s2.loss_bbox: 0.0287, s2.loss_mask: 0.1075, loss: 2.7061, grad_norm: 8.9751
2021-05-23 10:34:28,556 - mmdet - INFO - Epoch [2][40/43]	lr: 3.297e-03, eta: 0:12:31, time: 0.576, data_time: 0.105, memory: 4265, loss_rpn_cls: 0.4860, loss_rpn_bbox: 0.1653, s0.loss_cls: 0.4002, s0.acc: 86.1328, s0.loss_bbox: 0.4848, s0.loss_mask: 0.4240, s1.loss_cls: 0.1841, s1.acc: 84.8633, s1.loss_bbox: 0.1699, s1.loss_mask: 0.1868, s2.loss_cls: 0.0737, s2.acc: 90.3320, s2.loss_bbox: 0.0289, s2.loss_mask: 0.0958, loss: 2.6994, grad_norm: 6.9775
2021-05-23 10:34:29,667 - mmdet - INFO - Epoch [2][42/43]	lr: 3.377e-03, eta: 0:12:27, time: 0.556, data_time: 0.113, memory: 4265, loss_rpn_cls: 0.4348, loss_rpn_bbox: 0.1708, s0.loss_cls: 0.3948, s0.acc: 76.7578, s0.loss_bbox: 0.4867, s0.loss_mask: 0.3866, s1.loss_cls: 0.1878, s1.acc: 84.0820, s1.loss_bbox: 0.2046, s1.loss_mask: 0.1939, s2.loss_cls: 0.0736, s2.acc: 90.2344, s2.loss_bbox: 0.0377, s2.loss_mask: 0.0948, loss: 2.6661, grad_norm: 9.4662
2021-05-23 10:34:30,095 - mmdet - INFO - Saving checkpoint at 2 epochs
[                                                  ] 0/8, elapsed: 0s, ETA:[>>>>                               ] 1/8, 1.3 task/s, elapsed: 1s, ETA:     5s[>>>>>>>>                           ] 2/8, 1.6 task/s, elapsed: 1s, ETA:     4s[>>>>>>>>>>>>>                      ] 3/8, 1.8 task/s, elapsed: 2s, ETA:     3s[>>>>>>>>>>>>>>>>>                  ] 4/8, 1.9 task/s, elapsed: 2s, ETA:     2s[>>>>>>>>>>>>>>>>>>>>>              ] 5/8, 2.0 task/s, elapsed: 3s, ETA:     2s[>>>>>>>>>>>>>>>>>>>>>>>>>>         ] 6/8, 2.1 task/s, elapsed: 3s, ETA:     1s[>>>>>>>>>>>>>>>>>>>>>>>>>>>>>>     ] 7/8, 2.1 task/s, elapsed: 3s, ETA:     0s[>>>>>>>>>>>>>>>>>>>>>>>>>>>>>>>>>>>] 8/8, 2.2 task/s, elapsed: 4s, ETA:     0s2021-05-23 10:34:35,862 - mmdet - INFO - Evaluating bbox...
2021-05-23 10:34:36,437 - mmdet - INFO - Evaluating segm...
2021-05-23 10:34:36,996 - mmdet - INFO - Exp name: cascade_mask_rcnn_x101_32x4d_fpn_1x_coco.py
2021-05-23 10:34:36,996 - mmdet - INFO - Epoch(val) [2][43]	bbox_mAP: 0.3260, bbox_mAP_30: 0.7810, bbox_mAP_50: 0.5170, bbox_mAP_75: 0.0550, bbox_mAP_s: 0.3400, bbox_mAP_m: 0.3460, bbox_mAP_l: -1.0000, bbox_mAP_copypaste: 0.326 0.781 0.517 0.055 0.340 0.346 -1.000, segm_mAP: 0.3730, segm_mAP_30: 0.7920, segm_mAP_50: 0.6200, segm_mAP_75: 0.0910, segm_mAP_s: 0.4320, segm_mAP_m: 0.3820, segm_mAP_l: -1.0000, segm_mAP_copypaste: 0.373 0.792 0.620 0.091 0.432 0.382 -1.000
Loading and preparing results...
DONE (t=0.02s)
creating index...
index created!
Running per image evaluation...
Evaluate annotation type *bbox*
DONE (t=0.53s).
Accumulating evaluation results...
DONE (t=0.02s).
Average Precision  (AP) @[ IoU=0.30:0.95 | area=   all | maxDets=100 ] = 0.326
Average Precision  (AP) @[ IoU=0.30      | area=   all | maxDets=1000 ] = 0.781
Average Precision  (AP) @[ IoU=0.50      | area=   all | maxDets=1000 ] = 0.517
Average Precision  (AP) @[ IoU=0.75      | area=   all | maxDets=1000 ] = 0.055
Average Precision  (AP) @[ IoU=0.30:0.95 | area= small | maxDets=1000 ] = 0.340
Average Precision  (AP) @[ IoU=0.30:0.95 | area=medium | maxDets=1000 ] = 0.346
Average Precision  (AP) @[ IoU=0.30:0.95 | area= large | maxDets=1000 ] = -1.000
Average Recall     (AR) @[ IoU=0.30:0.95 | area=   all | maxDets=100 ] = 0.444
Average Recall     (AR) @[ IoU=0.30:0.95 | area=   all | maxDets=300 ] = 0.444
Average Recall     (AR) @[ IoU=0.30:0.95 | area=   all | maxDets=1000 ] = 0.444
Average Recall     (AR) @[ IoU=0.30:0.95 | area= small | maxDets=1000 ] = 0.341
Average Recall     (AR) @[ IoU=0.30:0.95 | area=medium | maxDets=1000 ] = 0.487
Average Recall     (AR) @[ IoU=0.30:0.95 | area= large | maxDets=1000 ] = -1.000
Loading and preparing results...
DONE (t=0.00s)
creating index...
index created!
Running per image evaluation...
Evaluate annotation type *segm*
DONE (t=0.53s).
Accumulating evaluation results...
DONE (t=0.02s).
Average Precision  (AP) @[ IoU=0.30:0.95 | area=   all | maxDets=100 ] = 0.373
Average Precision  (AP) @[ IoU=0.30      | area=   all | maxDets=1000 ] = 0.792
Average Precision  (AP) @[ IoU=0.50      | area=   all | maxDets=1000 ] = 0.620
Average Precision  (AP) @[ IoU=0.75      | area=   all | maxDets=1000 ] = 0.091
Average Precision  (AP) @[ IoU=0.30:0.95 | area= small | maxDets=1000 ] = 0.432
Average Precision  (AP) @[ IoU=0.30:0.95 | area=medium | maxDets=1000 ] = 0.382
Average Precision  (AP) @[ IoU=0.30:0.95 | area= large | maxDets=1000 ] = -1.000
Average Recall     (AR) @[ IoU=0.30:0.95 | area=   all | maxDets=100 ] = 0.488
Average Recall     (AR) @[ IoU=0.30:0.95 | area=   all | maxDets=300 ] = 0.488
Average Recall     (AR) @[ IoU=0.30:0.95 | area=   all | maxDets=1000 ] = 0.488
Average Recall     (AR) @[ IoU=0.30:0.95 | area= small | maxDets=1000 ] = 0.434
Average Recall     (AR) @[ IoU=0.30:0.95 | area=medium | maxDets=1000 ] = 0.510
Average Recall     (AR) @[ IoU=0.30:0.95 | area= large | maxDets=1000 ] = -1.000
2021-05-23 10:34:40,608 - mmdet - INFO - Epoch [3][2/43]	lr: 3.497e-03, eta: 0:12:49, time: 1.801, data_time: 1.290, memory: 4349, loss_rpn_cls: 0.4601, loss_rpn_bbox: 0.1532, s0.loss_cls: 0.3729, s0.acc: 85.6445, s0.loss_bbox: 0.4728, s0.loss_mask: 0.3765, s1.loss_cls: 0.1884, s1.acc: 83.8867, s1.loss_bbox: 0.2003, s1.loss_mask: 0.1820, s2.loss_cls: 0.0735, s2.acc: 90.3320, s2.loss_bbox: 0.0375, s2.loss_mask: 0.0875, loss: 2.6047, grad_norm: 6.6415
2021-05-23 10:34:41,778 - mmdet - INFO - Epoch [3][4/43]	lr: 3.576e-03, eta: 0:12:46, time: 0.579, data_time: 0.085, memory: 4349, loss_rpn_cls: 0.3707, loss_rpn_bbox: 0.1366, s0.loss_cls: 0.3617, s0.acc: 80.1758, s0.loss_bbox: 0.4570, s0.loss_mask: 0.3460, s1.loss_cls: 0.1854, s1.acc: 83.5938, s1.loss_bbox: 0.2003, s1.loss_mask: 0.1725, s2.loss_cls: 0.0761, s2.acc: 89.6484, s2.loss_bbox: 0.0456, s2.loss_mask: 0.0780, loss: 2.4300, grad_norm: 6.7173
2021-05-23 10:34:43,115 - mmdet - INFO - Epoch [3][6/43]	lr: 3.656e-03, eta: 0:12:46, time: 0.672, data_time: 0.166, memory: 4349, loss_rpn_cls: 0.3576, loss_rpn_bbox: 0.1622, s0.loss_cls: 0.3422, s0.acc: 86.0352, s0.loss_bbox: 0.4796, s0.loss_mask: 0.3860, s1.loss_cls: 0.1906, s1.acc: 83.0078, s1.loss_bbox: 0.1879, s1.loss_mask: 0.1755, s2.loss_cls: 0.0835, s2.acc: 88.9648, s2.loss_bbox: 0.0415, s2.loss_mask: 0.0911, loss: 2.4977, grad_norm: 10.2168
2021-05-23 10:34:44,170 - mmdet - INFO - Epoch [3][8/43]	lr: 3.736e-03, eta: 0:12:42, time: 0.522, data_time: 0.051, memory: 4349, loss_rpn_cls: 0.3813, loss_rpn_bbox: 0.1415, s0.loss_cls: 0.3288, s0.acc: 84.0820, s0.loss_bbox: 0.5137, s0.loss_mask: 0.4308, s1.loss_cls: 0.1767, s1.acc: 83.4961, s1.loss_bbox: 0.2249, s1.loss_mask: 0.1812, s2.loss_cls: 0.0664, s2.acc: 91.1133, s2.loss_bbox: 0.0334, s2.loss_mask: 0.0836, loss: 2.5624, grad_norm: 10.3671
2021-05-23 10:34:45,346 - mmdet - INFO - Epoch [3][10/43]	lr: 3.816e-03, eta: 0:12:39, time: 0.590, data_time: 0.102, memory: 4349, loss_rpn_cls: 0.3745, loss_rpn_bbox: 0.1680, s0.loss_cls: 0.3084, s0.acc: 85.6445, s0.loss_bbox: 0.4574, s0.loss_mask: 0.3758, s1.loss_cls: 0.1755, s1.acc: 82.8125, s1.loss_bbox: 0.2054, s1.loss_mask: 0.1917, s2.loss_cls: 0.0741, s2.acc: 89.5508, s2.loss_bbox: 0.0410, s2.loss_mask: 0.0797, loss: 2.4514, grad_norm: 9.3042
2021-05-23 10:34:46,584 - mmdet - INFO - Epoch [3][12/43]	lr: 3.896e-03, eta: 0:12:38, time: 0.625, data_time: 0.113, memory: 4349, loss_rpn_cls: 0.2568, loss_rpn_bbox: 0.1552, s0.loss_cls: 0.3551, s0.acc: 83.3984, s0.loss_bbox: 0.4679, s0.loss_mask: 0.3428, s1.loss_cls: 0.1763, s1.acc: 81.7383, s1.loss_bbox: 0.2312, s1.loss_mask: 0.1762, s2.loss_cls: 0.0781, s2.acc: 88.7695, s2.loss_bbox: 0.0494, s2.loss_mask: 0.0862, loss: 2.3752, grad_norm: 9.5134
2021-05-23 10:34:47,579 - mmdet - INFO - Epoch [3][14/43]	lr: 3.976e-03, eta: 0:12:33, time: 0.497, data_time: 0.042, memory: 4349, loss_rpn_cls: 0.2163, loss_rpn_bbox: 0.0950, s0.loss_cls: 0.3424, s0.acc: 84.0820, s0.loss_bbox: 0.4795, s0.loss_mask: 0.3445, s1.loss_cls: 0.1685, s1.acc: 84.8633, s1.loss_bbox: 0.2588, s1.loss_mask: 0.1681, s2.loss_cls: 0.0644, s2.acc: 91.3086, s2.loss_bbox: 0.0358, s2.loss_mask: 0.0802, loss: 2.2535, grad_norm: 7.3461
2021-05-23 10:34:48,667 - mmdet - INFO - Epoch [3][16/43]	lr: 4.056e-03, eta: 0:12:30, time: 0.544, data_time: 0.094, memory: 4349, loss_rpn_cls: 0.2057, loss_rpn_bbox: 0.1298, s0.loss_cls: 0.2480, s0.acc: 88.0859, s0.loss_bbox: 0.4414, s0.loss_mask: 0.3100, s1.loss_cls: 0.1515, s1.acc: 85.0586, s1.loss_bbox: 0.2294, s1.loss_mask: 0.1619, s2.loss_cls: 0.0673, s2.acc: 90.0391, s2.loss_bbox: 0.0457, s2.loss_mask: 0.0775, loss: 2.0682, grad_norm: 6.5487
2021-05-23 10:34:49,893 - mmdet - INFO - Epoch [3][18/43]	lr: 4.136e-03, eta: 0:12:28, time: 0.607, data_time: 0.100, memory: 4349, loss_rpn_cls: 0.2094, loss_rpn_bbox: 0.1974, s0.loss_cls: 0.3401, s0.acc: 84.8633, s0.loss_bbox: 0.4728, s0.loss_mask: 0.2990, s1.loss_cls: 0.1624, s1.acc: 83.5938, s1.loss_bbox: 0.2897, s1.loss_mask: 0.1555, s2.loss_cls: 0.0716, s2.acc: 88.5742, s2.loss_bbox: 0.0556, s2.loss_mask: 0.0795, loss: 2.3330, grad_norm: 7.3974
2021-05-23 10:34:50,948 - mmdet - INFO - Epoch [3][20/43]	lr: 4.216e-03, eta: 0:12:24, time: 0.527, data_time: 0.060, memory: 4349, loss_rpn_cls: 0.2461, loss_rpn_bbox: 0.1494, s0.loss_cls: 0.2857, s0.acc: 84.6680, s0.loss_bbox: 0.4564, s0.loss_mask: 0.3195, s1.loss_cls: 0.1592, s1.acc: 87.7930, s1.loss_bbox: 0.2652, s1.loss_mask: 0.1585, s2.loss_cls: 0.0697, s2.acc: 89.1602, s2.loss_bbox: 0.0535, s2.loss_mask: 0.0747, loss: 2.2377, grad_norm: 5.5389
2021-05-23 10:34:52,084 - mmdet - INFO - Epoch [3][22/43]	lr: 4.296e-03, eta: 0:12:22, time: 0.574, data_time: 0.096, memory: 4455, loss_rpn_cls: 0.1625, loss_rpn_bbox: 0.1987, s0.loss_cls: 0.3633, s0.acc: 81.4453, s0.loss_bbox: 0.4200, s0.loss_mask: 0.2860, s1.loss_cls: 0.1726, s1.acc: 86.1328, s1.loss_bbox: 0.2820, s1.loss_mask: 0.1409, s2.loss_cls: 0.0751, s2.acc: 87.7930, s2.loss_bbox: 0.0611, s2.loss_mask: 0.0741, loss: 2.2362, grad_norm: 7.2274
2021-05-23 10:34:53,176 - mmdet - INFO - Epoch [3][24/43]	lr: 4.376e-03, eta: 0:12:19, time: 0.536, data_time: 0.057, memory: 4455, loss_rpn_cls: 0.1609, loss_rpn_bbox: 0.1631, s0.loss_cls: 0.3624, s0.acc: 83.9844, s0.loss_bbox: 0.4106, s0.loss_mask: 0.2960, s1.loss_cls: 0.1723, s1.acc: 83.1055, s1.loss_bbox: 0.2994, s1.loss_mask: 0.1576, s2.loss_cls: 0.0713, s2.acc: 88.7695, s2.loss_bbox: 0.0662, s2.loss_mask: 0.0745, loss: 2.2344, grad_norm: 14.0043
2021-05-23 10:34:54,537 - mmdet - INFO - Epoch [3][26/43]	lr: 4.456e-03, eta: 0:12:19, time: 0.691, data_time: 0.155, memory: 4455, loss_rpn_cls: 0.2166, loss_rpn_bbox: 0.1944, s0.loss_cls: 0.3390, s0.acc: 85.0586, s0.loss_bbox: 0.3742, s0.loss_mask: 0.3553, s1.loss_cls: 0.1586, s1.acc: 87.0117, s1.loss_bbox: 0.2477, s1.loss_mask: 0.1895, s2.loss_cls: 0.0810, s2.acc: 85.7422, s2.loss_bbox: 0.0705, s2.loss_mask: 0.1034, loss: 2.3302, grad_norm: 10.9732
2021-05-23 10:34:55,603 - mmdet - INFO - Epoch [3][28/43]	lr: 4.535e-03, eta: 0:12:16, time: 0.533, data_time: 0.066, memory: 4455, loss_rpn_cls: 0.2394, loss_rpn_bbox: 0.1713, s0.loss_cls: 0.3538, s0.acc: 81.4453, s0.loss_bbox: 0.3591, s0.loss_mask: 0.4300, s1.loss_cls: 0.1757, s1.acc: 82.5195, s1.loss_bbox: 0.3310, s1.loss_mask: 0.2189, s2.loss_cls: 0.0816, s2.acc: 86.0352, s2.loss_bbox: 0.0878, s2.loss_mask: 0.0855, loss: 2.5341, grad_norm: 14.3091
2021-05-23 10:34:56,618 - mmdet - INFO - Epoch [3][30/43]	lr: 4.615e-03, eta: 0:12:12, time: 0.507, data_time: 0.042, memory: 4455, loss_rpn_cls: 0.2014, loss_rpn_bbox: 0.1778, s0.loss_cls: 0.3094, s0.acc: 84.8633, s0.loss_bbox: 0.3286, s0.loss_mask: 0.3693, s1.loss_cls: 0.1582, s1.acc: 84.8633, s1.loss_bbox: 0.2954, s1.loss_mask: 0.1774, s2.loss_cls: 0.0824, s2.acc: 84.3750, s2.loss_bbox: 0.1072, s2.loss_mask: 0.0702, loss: 2.2774, grad_norm: 10.0147
2021-05-23 10:34:57,711 - mmdet - INFO - Epoch [3][32/43]	lr: 4.695e-03, eta: 0:12:09, time: 0.542, data_time: 0.044, memory: 4455, loss_rpn_cls: 0.1943, loss_rpn_bbox: 0.1530, s0.loss_cls: 0.2526, s0.acc: 88.9648, s0.loss_bbox: 0.3013, s0.loss_mask: 0.3292, s1.loss_cls: 0.1589, s1.acc: 84.6680, s1.loss_bbox: 0.3214, s1.loss_mask: 0.1647, s2.loss_cls: 0.0838, s2.acc: 83.4961, s2.loss_bbox: 0.1108, s2.loss_mask: 0.0855, loss: 2.1555, grad_norm: 7.7351
2021-05-23 10:34:58,846 - mmdet - INFO - Epoch [3][34/43]	lr: 4.775e-03, eta: 0:12:07, time: 0.561, data_time: 0.058, memory: 4485, loss_rpn_cls: 0.1733, loss_rpn_bbox: 0.2093, s0.loss_cls: 0.2929, s0.acc: 87.4023, s0.loss_bbox: 0.3603, s0.loss_mask: 0.3146, s1.loss_cls: 0.1654, s1.acc: 84.2773, s1.loss_bbox: 0.3398, s1.loss_mask: 0.1687, s2.loss_cls: 0.0768, s2.acc: 86.8164, s2.loss_bbox: 0.0800, s2.loss_mask: 0.0802, loss: 2.2612, grad_norm: 7.9829
2021-05-23 10:35:00,033 - mmdet - INFO - Epoch [3][36/43]	lr: 4.855e-03, eta: 0:12:05, time: 0.605, data_time: 0.090, memory: 4485, loss_rpn_cls: 0.1940, loss_rpn_bbox: 0.1795, s0.loss_cls: 0.3538, s0.acc: 83.7891, s0.loss_bbox: 0.3320, s0.loss_mask: 0.3167, s1.loss_cls: 0.2235, s1.acc: 75.9548, s1.loss_bbox: 0.3415, s1.loss_mask: 0.1648, s2.loss_cls: 0.0923, s2.acc: 83.9844, s2.loss_bbox: 0.1056, s2.loss_mask: 0.0832, loss: 2.3870, grad_norm: 7.6173
2021-05-23 10:35:01,269 - mmdet - INFO - Epoch [3][38/43]	lr: 4.935e-03, eta: 0:12:04, time: 0.618, data_time: 0.096, memory: 4485, loss_rpn_cls: 0.1310, loss_rpn_bbox: 0.1771, s0.loss_cls: 0.3573, s0.acc: 83.1055, s0.loss_bbox: 0.3245, s0.loss_mask: 0.3414, s1.loss_cls: 0.1739, s1.acc: 82.1529, s1.loss_bbox: 0.3335, s1.loss_mask: 0.1623, s2.loss_cls: 0.0865, s2.acc: 82.8610, s2.loss_bbox: 0.1057, s2.loss_mask: 0.0864, loss: 2.2795, grad_norm: 7.9419
2021-05-23 10:35:02,441 - mmdet - INFO - Epoch [3][40/43]	lr: 5.015e-03, eta: 0:12:02, time: 0.579, data_time: 0.089, memory: 4485, loss_rpn_cls: 0.1720, loss_rpn_bbox: 0.2067, s0.loss_cls: 0.2664, s0.acc: 88.8672, s0.loss_bbox: 0.2925, s0.loss_mask: 0.3083, s1.loss_cls: 0.1720, s1.acc: 81.3909, s1.loss_bbox: 0.3502, s1.loss_mask: 0.1648, s2.loss_cls: 0.0832, s2.acc: 83.7582, s2.loss_bbox: 0.1058, s2.loss_mask: 0.0835, loss: 2.2055, grad_norm: 6.1870
2021-05-23 10:35:03,529 - mmdet - INFO - Epoch [3][42/43]	lr: 5.095e-03, eta: 0:11:59, time: 0.550, data_time: 0.118, memory: 4485, loss_rpn_cls: 0.1678, loss_rpn_bbox: 0.1270, s0.loss_cls: 0.3733, s0.acc: 81.9336, s0.loss_bbox: 0.3034, s0.loss_mask: 0.2974, s1.loss_cls: 0.1653, s1.acc: 84.8931, s1.loss_bbox: 0.3282, s1.loss_mask: 0.1505, s2.loss_cls: 0.0872, s2.acc: 84.6780, s2.loss_bbox: 0.1151, s2.loss_mask: 0.0720, loss: 2.1872, grad_norm: 6.3914
2021-05-23 10:35:03,952 - mmdet - INFO - Saving checkpoint at 3 epochs
[                                                  ] 0/8, elapsed: 0s, ETA:[>>>>                               ] 1/8, 1.8 task/s, elapsed: 1s, ETA:     4s[>>>>>>>>                           ] 2/8, 2.3 task/s, elapsed: 1s, ETA:     3s[>>>>>>>>>>>>>                      ] 3/8, 2.6 task/s, elapsed: 1s, ETA:     2s[>>>>>>>>>>>>>>>>>                  ] 4/8, 2.8 task/s, elapsed: 1s, ETA:     1s[>>>>>>>>>>>>>>>>>>>>>              ] 5/8, 2.9 task/s, elapsed: 2s, ETA:     1s[>>>>>>>>>>>>>>>>>>>>>>>>>>         ] 6/8, 3.0 task/s, elapsed: 2s, ETA:     1s[>>>>>>>>>>>>>>>>>>>>>>>>>>>>>>     ] 7/8, 3.1 task/s, elapsed: 2s, ETA:     0s[>>>>>>>>>>>>>>>>>>>>>>>>>>>>>>>>>>>] 8/8, 3.2 task/s, elapsed: 3s, ETA:     0s2021-05-23 10:35:08,701 - mmdet - INFO - Evaluating bbox...
2021-05-23 10:35:09,015 - mmdet - INFO - Evaluating segm...
2021-05-23 10:35:09,328 - mmdet - INFO - Exp name: cascade_mask_rcnn_x101_32x4d_fpn_1x_coco.py
2021-05-23 10:35:09,328 - mmdet - INFO - Epoch(val) [3][43]	bbox_mAP: 0.5010, bbox_mAP_30: 0.8660, bbox_mAP_50: 0.7920, bbox_mAP_75: 0.2770, bbox_mAP_s: 0.4790, bbox_mAP_m: 0.5130, bbox_mAP_l: -1.0000, bbox_mAP_copypaste: 0.501 0.866 0.792 0.277 0.479 0.513 -1.000, segm_mAP: 0.5230, segm_mAP_30: 0.8610, segm_mAP_50: 0.8040, segm_mAP_75: 0.3640, segm_mAP_s: 0.4870, segm_mAP_m: 0.5420, segm_mAP_l: -1.0000, segm_mAP_copypaste: 0.523 0.861 0.804 0.364 0.487 0.542 -1.000
Loading and preparing results...
DONE (t=0.00s)
creating index...
index created!
Running per image evaluation...
Evaluate annotation type *bbox*
DONE (t=0.30s).
Accumulating evaluation results...
DONE (t=0.01s).
Average Precision  (AP) @[ IoU=0.30:0.95 | area=   all | maxDets=100 ] = 0.501
Average Precision  (AP) @[ IoU=0.30      | area=   all | maxDets=1000 ] = 0.866
Average Precision  (AP) @[ IoU=0.50      | area=   all | maxDets=1000 ] = 0.792
Average Precision  (AP) @[ IoU=0.75      | area=   all | maxDets=1000 ] = 0.277
Average Precision  (AP) @[ IoU=0.30:0.95 | area= small | maxDets=1000 ] = 0.479
Average Precision  (AP) @[ IoU=0.30:0.95 | area=medium | maxDets=1000 ] = 0.513
Average Precision  (AP) @[ IoU=0.30:0.95 | area= large | maxDets=1000 ] = -1.000
Average Recall     (AR) @[ IoU=0.30:0.95 | area=   all | maxDets=100 ] = 0.579
Average Recall     (AR) @[ IoU=0.30:0.95 | area=   all | maxDets=300 ] = 0.579
Average Recall     (AR) @[ IoU=0.30:0.95 | area=   all | maxDets=1000 ] = 0.579
Average Recall     (AR) @[ IoU=0.30:0.95 | area= small | maxDets=1000 ] = 0.595
Average Recall     (AR) @[ IoU=0.30:0.95 | area=medium | maxDets=1000 ] = 0.572
Average Recall     (AR) @[ IoU=0.30:0.95 | area= large | maxDets=1000 ] = -1.000
Loading and preparing results...
DONE (t=0.00s)
creating index...
index created!
Running per image evaluation...
Evaluate annotation type *segm*
DONE (t=0.30s).
Accumulating evaluation results...
DONE (t=0.01s).
Average Precision  (AP) @[ IoU=0.30:0.95 | area=   all | maxDets=100 ] = 0.523
Average Precision  (AP) @[ IoU=0.30      | area=   all | maxDets=1000 ] = 0.861
Average Precision  (AP) @[ IoU=0.50      | area=   all | maxDets=1000 ] = 0.804
Average Precision  (AP) @[ IoU=0.75      | area=   all | maxDets=1000 ] = 0.364
Average Precision  (AP) @[ IoU=0.30:0.95 | area= small | maxDets=1000 ] = 0.487
Average Precision  (AP) @[ IoU=0.30:0.95 | area=medium | maxDets=1000 ] = 0.542
Average Precision  (AP) @[ IoU=0.30:0.95 | area= large | maxDets=1000 ] = -1.000
Average Recall     (AR) @[ IoU=0.30:0.95 | area=   all | maxDets=100 ] = 0.593
Average Recall     (AR) @[ IoU=0.30:0.95 | area=   all | maxDets=300 ] = 0.593
Average Recall     (AR) @[ IoU=0.30:0.95 | area=   all | maxDets=1000 ] = 0.593
Average Recall     (AR) @[ IoU=0.30:0.95 | area= small | maxDets=1000 ] = 0.594
Average Recall     (AR) @[ IoU=0.30:0.95 | area=medium | maxDets=1000 ] = 0.593
Average Recall     (AR) @[ IoU=0.30:0.95 | area= large | maxDets=1000 ] = -1.000
2021-05-23 10:35:12,966 - mmdet - INFO - Epoch [4][2/43]	lr: 5.215e-03, eta: 0:12:13, time: 1.814, data_time: 1.289, memory: 4518, loss_rpn_cls: 0.1308, loss_rpn_bbox: 0.1409, s0.loss_cls: 0.3669, s0.acc: 81.9336, s0.loss_bbox: 0.3099, s0.loss_mask: 0.2917, s1.loss_cls: 0.1485, s1.acc: 87.0334, s1.loss_bbox: 0.3458, s1.loss_mask: 0.1469, s2.loss_cls: 0.0797, s2.acc: 84.3462, s2.loss_bbox: 0.0980, s2.loss_mask: 0.0677, loss: 2.1269, grad_norm: 8.0991
2021-05-23 10:35:14,145 - mmdet - INFO - Epoch [4][4/43]	lr: 5.295e-03, eta: 0:12:11, time: 0.590, data_time: 0.076, memory: 4520, loss_rpn_cls: 0.0834, loss_rpn_bbox: 0.1181, s0.loss_cls: 0.2917, s0.acc: 86.5234, s0.loss_bbox: 0.2486, s0.loss_mask: 0.3075, s1.loss_cls: 0.1339, s1.acc: 89.5839, s1.loss_bbox: 0.3275, s1.loss_mask: 0.1554, s2.loss_cls: 0.0755, s2.acc: 85.0684, s2.loss_bbox: 0.1245, s2.loss_mask: 0.0787, loss: 1.9449, grad_norm: 6.8944
2021-05-23 10:35:15,333 - mmdet - INFO - Epoch [4][6/43]	lr: 5.375e-03, eta: 0:12:09, time: 0.594, data_time: 0.078, memory: 4520, loss_rpn_cls: 0.1326, loss_rpn_bbox: 0.1204, s0.loss_cls: 0.3538, s0.acc: 83.6914, s0.loss_bbox: 0.2720, s0.loss_mask: 0.2918, s1.loss_cls: 0.1607, s1.acc: 84.4339, s1.loss_bbox: 0.2918, s1.loss_mask: 0.1489, s2.loss_cls: 0.0814, s2.acc: 86.5454, s2.loss_bbox: 0.1147, s2.loss_mask: 0.0777, loss: 2.0458, grad_norm: 9.7950
2021-05-23 10:35:16,565 - mmdet - INFO - Epoch [4][8/43]	lr: 5.455e-03, eta: 0:12:07, time: 0.610, data_time: 0.110, memory: 4520, loss_rpn_cls: 0.1399, loss_rpn_bbox: 0.1649, s0.loss_cls: 0.4407, s0.acc: 75.7812, s0.loss_bbox: 0.2554, s0.loss_mask: 0.2848, s1.loss_cls: 0.1691, s1.acc: 84.0337, s1.loss_bbox: 0.3203, s1.loss_mask: 0.1619, s2.loss_cls: 0.0905, s2.acc: 83.8962, s2.loss_bbox: 0.1254, s2.loss_mask: 0.0767, loss: 2.2296, grad_norm: 9.2034
2021-05-23 10:35:17,761 - mmdet - INFO - Epoch [4][10/43]	lr: 5.534e-03, eta: 0:12:06, time: 0.605, data_time: 0.120, memory: 4520, loss_rpn_cls: 0.1195, loss_rpn_bbox: 0.1264, s0.loss_cls: 0.3032, s0.acc: 83.3008, s0.loss_bbox: 0.2918, s0.loss_mask: 0.2883, s1.loss_cls: 0.1732, s1.acc: 80.1544, s1.loss_bbox: 0.3210, s1.loss_mask: 0.1509, s2.loss_cls: 0.0871, s2.acc: 82.2927, s2.loss_bbox: 0.1199, s2.loss_mask: 0.0694, loss: 2.0508, grad_norm: 10.5811
2021-05-23 10:35:18,887 - mmdet - INFO - Epoch [4][12/43]	lr: 5.614e-03, eta: 0:12:03, time: 0.563, data_time: 0.058, memory: 4520, loss_rpn_cls: 0.0716, loss_rpn_bbox: 0.1351, s0.loss_cls: 0.3040, s0.acc: 85.0586, s0.loss_bbox: 0.2656, s0.loss_mask: 0.3097, s1.loss_cls: 0.1187, s1.acc: 89.4921, s1.loss_bbox: 0.3152, s1.loss_mask: 0.1547, s2.loss_cls: 0.0728, s2.acc: 87.4830, s2.loss_bbox: 0.1233, s2.loss_mask: 0.0752, loss: 1.9459, grad_norm: 10.4859
2021-05-23 10:35:19,950 - mmdet - INFO - Epoch [4][14/43]	lr: 5.694e-03, eta: 0:12:01, time: 0.532, data_time: 0.047, memory: 4520, loss_rpn_cls: 0.0949, loss_rpn_bbox: 0.1296, s0.loss_cls: 0.2645, s0.acc: 88.0859, s0.loss_bbox: 0.2779, s0.loss_mask: 0.2924, s1.loss_cls: 0.1369, s1.acc: 87.2073, s1.loss_bbox: 0.3045, s1.loss_mask: 0.1439, s2.loss_cls: 0.0732, s2.acc: 86.5370, s2.loss_bbox: 0.1150, s2.loss_mask: 0.0740, loss: 1.9069, grad_norm: 7.7136
2021-05-23 10:35:21,034 - mmdet - INFO - Epoch [4][16/43]	lr: 5.774e-03, eta: 0:11:58, time: 0.542, data_time: 0.051, memory: 4520, loss_rpn_cls: 0.0492, loss_rpn_bbox: 0.1307, s0.loss_cls: 0.2605, s0.acc: 87.8906, s0.loss_bbox: 0.2376, s0.loss_mask: 0.2579, s1.loss_cls: 0.1274, s1.acc: 87.6344, s1.loss_bbox: 0.2928, s1.loss_mask: 0.1471, s2.loss_cls: 0.0697, s2.acc: 88.6904, s2.loss_bbox: 0.1376, s2.loss_mask: 0.0718, loss: 1.7822, grad_norm: 6.8906
2021-05-23 10:35:22,178 - mmdet - INFO - Epoch [4][18/43]	lr: 5.854e-03, eta: 0:11:56, time: 0.572, data_time: 0.090, memory: 4520, loss_rpn_cls: 0.1538, loss_rpn_bbox: 0.1026, s0.loss_cls: 0.2550, s0.acc: 87.5000, s0.loss_bbox: 0.2313, s0.loss_mask: 0.2779, s1.loss_cls: 0.1415, s1.acc: 87.5752, s1.loss_bbox: 0.2704, s1.loss_mask: 0.1498, s2.loss_cls: 0.0798, s2.acc: 84.1498, s2.loss_bbox: 0.1301, s2.loss_mask: 0.0713, loss: 1.8636, grad_norm: 9.6052
2021-05-23 10:35:23,396 - mmdet - INFO - Epoch [4][20/43]	lr: 5.934e-03, eta: 0:11:54, time: 0.609, data_time: 0.114, memory: 4520, loss_rpn_cls: 0.0904, loss_rpn_bbox: 0.1447, s0.loss_cls: 0.2842, s0.acc: 86.0352, s0.loss_bbox: 0.2556, s0.loss_mask: 0.3024, s1.loss_cls: 0.1483, s1.acc: 86.2348, s1.loss_bbox: 0.2706, s1.loss_mask: 0.1589, s2.loss_cls: 0.0732, s2.acc: 87.0429, s2.loss_bbox: 0.1178, s2.loss_mask: 0.0768, loss: 1.9229, grad_norm: 8.6579
2021-05-23 10:35:24,476 - mmdet - INFO - Epoch [4][22/43]	lr: 6.014e-03, eta: 0:11:52, time: 0.534, data_time: 0.044, memory: 4520, loss_rpn_cls: 0.0553, loss_rpn_bbox: 0.1211, s0.loss_cls: 0.2356, s0.acc: 89.9414, s0.loss_bbox: 0.2094, s0.loss_mask: 0.2432, s1.loss_cls: 0.1113, s1.acc: 90.8631, s1.loss_bbox: 0.2676, s1.loss_mask: 0.1266, s2.loss_cls: 0.0695, s2.acc: 87.2190, s2.loss_bbox: 0.1514, s2.loss_mask: 0.0676, loss: 1.6586, grad_norm: 6.6480
2021-05-23 10:35:25,596 - mmdet - INFO - Epoch [4][24/43]	lr: 6.094e-03, eta: 0:11:49, time: 0.564, data_time: 0.060, memory: 4520, loss_rpn_cls: 0.0623, loss_rpn_bbox: 0.1075, s0.loss_cls: 0.2506, s0.acc: 88.2812, s0.loss_bbox: 0.1994, s0.loss_mask: 0.2691, s1.loss_cls: 0.1257, s1.acc: 89.1189, s1.loss_bbox: 0.2524, s1.loss_mask: 0.1340, s2.loss_cls: 0.0681, s2.acc: 88.7353, s2.loss_bbox: 0.1250, s2.loss_mask: 0.0659, loss: 1.6601, grad_norm: 5.6377
2021-05-23 10:35:26,885 - mmdet - INFO - Epoch [4][26/43]	lr: 6.174e-03, eta: 0:11:49, time: 0.647, data_time: 0.106, memory: 4662, loss_rpn_cls: 0.0832, loss_rpn_bbox: 0.1016, s0.loss_cls: 0.2871, s0.acc: 87.0117, s0.loss_bbox: 0.2751, s0.loss_mask: 0.2900, s1.loss_cls: 0.1416, s1.acc: 88.0788, s1.loss_bbox: 0.2562, s1.loss_mask: 0.1510, s2.loss_cls: 0.0713, s2.acc: 87.0826, s2.loss_bbox: 0.1134, s2.loss_mask: 0.0722, loss: 1.8430, grad_norm: 6.1536
2021-05-23 10:35:28,005 - mmdet - INFO - Epoch [4][28/43]	lr: 6.254e-03, eta: 0:11:46, time: 0.561, data_time: 0.045, memory: 4662, loss_rpn_cls: 0.0780, loss_rpn_bbox: 0.0737, s0.loss_cls: 0.2531, s0.acc: 87.6953, s0.loss_bbox: 0.1906, s0.loss_mask: 0.2295, s1.loss_cls: 0.1113, s1.acc: 89.9022, s1.loss_bbox: 0.2420, s1.loss_mask: 0.1273, s2.loss_cls: 0.0629, s2.acc: 88.8670, s2.loss_bbox: 0.1473, s2.loss_mask: 0.0635, loss: 1.5791, grad_norm: 6.1252
2021-05-23 10:35:29,234 - mmdet - INFO - Epoch [4][30/43]	lr: 6.334e-03, eta: 0:11:45, time: 0.608, data_time: 0.104, memory: 4662, loss_rpn_cls: 0.0583, loss_rpn_bbox: 0.0930, s0.loss_cls: 0.2401, s0.acc: 88.6719, s0.loss_bbox: 0.2331, s0.loss_mask: 0.3230, s1.loss_cls: 0.1105, s1.acc: 89.9115, s1.loss_bbox: 0.2625, s1.loss_mask: 0.1658, s2.loss_cls: 0.0684, s2.acc: 86.2837, s2.loss_bbox: 0.1189, s2.loss_mask: 0.0756, loss: 1.7491, grad_norm: 9.0018
2021-05-23 10:35:30,349 - mmdet - INFO - Epoch [4][32/43]	lr: 6.414e-03, eta: 0:11:43, time: 0.564, data_time: 0.067, memory: 4662, loss_rpn_cls: 0.1099, loss_rpn_bbox: 0.0988, s0.loss_cls: 0.2007, s0.acc: 90.6250, s0.loss_bbox: 0.2414, s0.loss_mask: 0.3408, s1.loss_cls: 0.0927, s1.acc: 92.9632, s1.loss_bbox: 0.2315, s1.loss_mask: 0.1580, s2.loss_cls: 0.0525, s2.acc: 91.1133, s2.loss_bbox: 0.1342, s2.loss_mask: 0.0723, loss: 1.7327, grad_norm: 9.0651
2021-05-23 10:35:31,777 - mmdet - INFO - Epoch [4][34/43]	lr: 6.494e-03, eta: 0:11:43, time: 0.714, data_time: 0.162, memory: 4757, loss_rpn_cls: 0.1209, loss_rpn_bbox: 0.1064, s0.loss_cls: 0.2678, s0.acc: 87.6953, s0.loss_bbox: 0.2230, s0.loss_mask: 0.2691, s1.loss_cls: 0.1328, s1.acc: 86.6784, s1.loss_bbox: 0.2845, s1.loss_mask: 0.1432, s2.loss_cls: 0.0759, s2.acc: 86.1195, s2.loss_bbox: 0.1294, s2.loss_mask: 0.0684, loss: 1.8213, grad_norm: 9.1541
2021-05-23 10:35:32,849 - mmdet - INFO - Epoch [4][36/43]	lr: 6.573e-03, eta: 0:11:40, time: 0.532, data_time: 0.046, memory: 4757, loss_rpn_cls: 0.0750, loss_rpn_bbox: 0.0705, s0.loss_cls: 0.2189, s0.acc: 90.1367, s0.loss_bbox: 0.1931, s0.loss_mask: 0.2843, s1.loss_cls: 0.0995, s1.acc: 91.5885, s1.loss_bbox: 0.2344, s1.loss_mask: 0.1450, s2.loss_cls: 0.0560, s2.acc: 90.2869, s2.loss_bbox: 0.1373, s2.loss_mask: 0.0781, loss: 1.5921, grad_norm: 6.5721
2021-05-23 10:35:34,079 - mmdet - INFO - Epoch [4][38/43]	lr: 6.653e-03, eta: 0:11:39, time: 0.613, data_time: 0.118, memory: 4757, loss_rpn_cls: 0.0919, loss_rpn_bbox: 0.1281, s0.loss_cls: 0.2586, s0.acc: 88.6719, s0.loss_bbox: 0.2635, s0.loss_mask: 0.2720, s1.loss_cls: 0.1138, s1.acc: 90.2908, s1.loss_bbox: 0.2761, s1.loss_mask: 0.1391, s2.loss_cls: 0.0630, s2.acc: 89.1434, s2.loss_bbox: 0.1193, s2.loss_mask: 0.0676, loss: 1.7930, grad_norm: 7.5204
2021-05-23 10:35:35,208 - mmdet - INFO - Epoch [4][40/43]	lr: 6.733e-03, eta: 0:11:37, time: 0.571, data_time: 0.097, memory: 4757, loss_rpn_cls: 0.0484, loss_rpn_bbox: 0.1269, s0.loss_cls: 0.2229, s0.acc: 90.5273, s0.loss_bbox: 0.2590, s0.loss_mask: 0.2936, s1.loss_cls: 0.1132, s1.acc: 89.3924, s1.loss_bbox: 0.2633, s1.loss_mask: 0.1422, s2.loss_cls: 0.0678, s2.acc: 86.9454, s2.loss_bbox: 0.1467, s2.loss_mask: 0.0734, loss: 1.7574, grad_norm: 6.5235
2021-05-23 10:35:36,148 - mmdet - INFO - Epoch [4][42/43]	lr: 6.813e-03, eta: 0:11:34, time: 0.470, data_time: 0.048, memory: 4757, loss_rpn_cls: 0.0738, loss_rpn_bbox: 0.0851, s0.loss_cls: 0.2138, s0.acc: 89.8438, s0.loss_bbox: 0.2084, s0.loss_mask: 0.2723, s1.loss_cls: 0.1099, s1.acc: 89.1567, s1.loss_bbox: 0.2407, s1.loss_mask: 0.1490, s2.loss_cls: 0.0613, s2.acc: 89.2449, s2.loss_bbox: 0.1319, s2.loss_mask: 0.0721, loss: 1.6182, grad_norm: 4.9716
2021-05-23 10:35:36,570 - mmdet - INFO - Saving checkpoint at 4 epochs
[                                                  ] 0/8, elapsed: 0s, ETA:[>>>>                               ] 1/8, 1.6 task/s, elapsed: 1s, ETA:     4s[>>>>>>>>                           ] 2/8, 2.1 task/s, elapsed: 1s, ETA:     3s[>>>>>>>>>>>>>                      ] 3/8, 2.4 task/s, elapsed: 1s, ETA:     2s[>>>>>>>>>>>>>>>>>                  ] 4/8, 2.5 task/s, elapsed: 2s, ETA:     2s[>>>>>>>>>>>>>>>>>>>>>              ] 5/8, 2.6 task/s, elapsed: 2s, ETA:     1s[>>>>>>>>>>>>>>>>>>>>>>>>>>         ] 6/8, 2.7 task/s, elapsed: 2s, ETA:     1s[>>>>>>>>>>>>>>>>>>>>>>>>>>>>>>     ] 7/8, 2.8 task/s, elapsed: 2s, ETA:     0s[>>>>>>>>>>>>>>>>>>>>>>>>>>>>>>>>>>>] 8/8, 2.9 task/s, elapsed: 3s, ETA:     0s2021-05-23 10:35:41,445 - mmdet - INFO - Evaluating bbox...
2021-05-23 10:35:41,807 - mmdet - INFO - Evaluating segm...
2021-05-23 10:35:42,169 - mmdet - INFO - Exp name: cascade_mask_rcnn_x101_32x4d_fpn_1x_coco.py
2021-05-23 10:35:42,169 - mmdet - INFO - Epoch(val) [4][43]	bbox_mAP: 0.6140, bbox_mAP_30: 0.9180, bbox_mAP_50: 0.8800, bbox_mAP_75: 0.5490, bbox_mAP_s: 0.6310, bbox_mAP_m: 0.6100, bbox_mAP_l: -1.0000, bbox_mAP_copypaste: 0.614 0.918 0.880 0.549 0.631 0.610 -1.000, segm_mAP: 0.6380, segm_mAP_30: 0.9180, segm_mAP_50: 0.8910, segm_mAP_75: 0.5930, segm_mAP_s: 0.6430, segm_mAP_m: 0.6370, segm_mAP_l: -1.0000, segm_mAP_copypaste: 0.638 0.918 0.891 0.593 0.643 0.637 -1.000
Loading and preparing results...
DONE (t=0.00s)
creating index...
index created!
Running per image evaluation...
Evaluate annotation type *bbox*
DONE (t=0.34s).
Accumulating evaluation results...
DONE (t=0.02s).
Average Precision  (AP) @[ IoU=0.30:0.95 | area=   all | maxDets=100 ] = 0.614
Average Precision  (AP) @[ IoU=0.30      | area=   all | maxDets=1000 ] = 0.918
Average Precision  (AP) @[ IoU=0.50      | area=   all | maxDets=1000 ] = 0.880
Average Precision  (AP) @[ IoU=0.75      | area=   all | maxDets=1000 ] = 0.549
Average Precision  (AP) @[ IoU=0.30:0.95 | area= small | maxDets=1000 ] = 0.631
Average Precision  (AP) @[ IoU=0.30:0.95 | area=medium | maxDets=1000 ] = 0.610
Average Precision  (AP) @[ IoU=0.30:0.95 | area= large | maxDets=1000 ] = -1.000
Average Recall     (AR) @[ IoU=0.30:0.95 | area=   all | maxDets=100 ] = 0.692
Average Recall     (AR) @[ IoU=0.30:0.95 | area=   all | maxDets=300 ] = 0.692
Average Recall     (AR) @[ IoU=0.30:0.95 | area=   all | maxDets=1000 ] = 0.692
Average Recall     (AR) @[ IoU=0.30:0.95 | area= small | maxDets=1000 ] = 0.739
Average Recall     (AR) @[ IoU=0.30:0.95 | area=medium | maxDets=1000 ] = 0.672
Average Recall     (AR) @[ IoU=0.30:0.95 | area= large | maxDets=1000 ] = -1.000
Loading and preparing results...
DONE (t=0.00s)
creating index...
index created!
Running per image evaluation...
Evaluate annotation type *segm*
DONE (t=0.34s).
Accumulating evaluation results...
DONE (t=0.01s).
Average Precision  (AP) @[ IoU=0.30:0.95 | area=   all | maxDets=100 ] = 0.638
Average Precision  (AP) @[ IoU=0.30      | area=   all | maxDets=1000 ] = 0.918
Average Precision  (AP) @[ IoU=0.50      | area=   all | maxDets=1000 ] = 0.891
Average Precision  (AP) @[ IoU=0.75      | area=   all | maxDets=1000 ] = 0.593
Average Precision  (AP) @[ IoU=0.30:0.95 | area= small | maxDets=1000 ] = 0.643
Average Precision  (AP) @[ IoU=0.30:0.95 | area=medium | maxDets=1000 ] = 0.637
Average Precision  (AP) @[ IoU=0.30:0.95 | area= large | maxDets=1000 ] = -1.000
Average Recall     (AR) @[ IoU=0.30:0.95 | area=   all | maxDets=100 ] = 0.706
Average Recall     (AR) @[ IoU=0.30:0.95 | area=   all | maxDets=300 ] = 0.706
Average Recall     (AR) @[ IoU=0.30:0.95 | area=   all | maxDets=1000 ] = 0.706
Average Recall     (AR) @[ IoU=0.30:0.95 | area= small | maxDets=1000 ] = 0.741
Average Recall     (AR) @[ IoU=0.30:0.95 | area=medium | maxDets=1000 ] = 0.691
Average Recall     (AR) @[ IoU=0.30:0.95 | area= large | maxDets=1000 ] = -1.000
2021-05-23 10:35:45,667 - mmdet - INFO - Epoch [5][2/43]	lr: 6.933e-03, eta: 0:11:42, time: 1.744, data_time: 1.230, memory: 4757, loss_rpn_cls: 0.0715, loss_rpn_bbox: 0.1174, s0.loss_cls: 0.2536, s0.acc: 87.7930, s0.loss_bbox: 0.2133, s0.loss_mask: 0.2330, s1.loss_cls: 0.1051, s1.acc: 90.9140, s1.loss_bbox: 0.2708, s1.loss_mask: 0.1172, s2.loss_cls: 0.0599, s2.acc: 90.6313, s2.loss_bbox: 0.1403, s2.loss_mask: 0.0566, loss: 1.6388, grad_norm: 6.1841
2021-05-23 10:35:46,868 - mmdet - INFO - Epoch [5][4/43]	lr: 7.013e-03, eta: 0:11:41, time: 0.601, data_time: 0.106, memory: 4757, loss_rpn_cls: 0.0519, loss_rpn_bbox: 0.1161, s0.loss_cls: 0.2287, s0.acc: 89.3555, s0.loss_bbox: 0.2073, s0.loss_mask: 0.2637, s1.loss_cls: 0.1032, s1.acc: 90.8054, s1.loss_bbox: 0.2491, s1.loss_mask: 0.1642, s2.loss_cls: 0.0624, s2.acc: 88.7522, s2.loss_bbox: 0.1393, s2.loss_mask: 0.0881, loss: 1.6740, grad_norm: 7.6086
2021-05-23 10:35:48,205 - mmdet - INFO - Epoch [5][6/43]	lr: 7.093e-03, eta: 0:11:40, time: 0.668, data_time: 0.109, memory: 4757, loss_rpn_cls: 0.0735, loss_rpn_bbox: 0.1080, s0.loss_cls: 0.2232, s0.acc: 90.0391, s0.loss_bbox: 0.2362, s0.loss_mask: 0.2922, s1.loss_cls: 0.1062, s1.acc: 90.0363, s1.loss_bbox: 0.2178, s1.loss_mask: 0.1479, s2.loss_cls: 0.0667, s2.acc: 89.1061, s2.loss_bbox: 0.1297, s2.loss_mask: 0.0663, loss: 1.6676, grad_norm: 7.6977
2021-05-23 10:35:49,308 - mmdet - INFO - Epoch [5][8/43]	lr: 7.173e-03, eta: 0:11:38, time: 0.545, data_time: 0.052, memory: 4757, loss_rpn_cls: 0.0664, loss_rpn_bbox: 0.1227, s0.loss_cls: 0.2054, s0.acc: 91.5039, s0.loss_bbox: 0.1592, s0.loss_mask: 0.2573, s1.loss_cls: 0.1064, s1.acc: 90.2765, s1.loss_bbox: 0.1962, s1.loss_mask: 0.1251, s2.loss_cls: 0.0564, s2.acc: 89.9456, s2.loss_bbox: 0.1424, s2.loss_mask: 0.0637, loss: 1.5011, grad_norm: 6.0162
2021-05-23 10:35:50,536 - mmdet - INFO - Epoch [5][10/43]	lr: 7.253e-03, eta: 0:11:36, time: 0.614, data_time: 0.105, memory: 4757, loss_rpn_cls: 0.1063, loss_rpn_bbox: 0.1194, s0.loss_cls: 0.2770, s0.acc: 86.5234, s0.loss_bbox: 0.2398, s0.loss_mask: 0.2919, s1.loss_cls: 0.1351, s1.acc: 87.9771, s1.loss_bbox: 0.2572, s1.loss_mask: 0.1334, s2.loss_cls: 0.0760, s2.acc: 84.8106, s2.loss_bbox: 0.1556, s2.loss_mask: 0.0611, loss: 1.8529, grad_norm: 6.7834
2021-05-23 10:35:51,779 - mmdet - INFO - Epoch [5][12/43]	lr: 7.333e-03, eta: 0:11:35, time: 0.621, data_time: 0.096, memory: 4757, loss_rpn_cls: 0.0698, loss_rpn_bbox: 0.1314, s0.loss_cls: 0.2312, s0.acc: 88.5742, s0.loss_bbox: 0.2079, s0.loss_mask: 0.2760, s1.loss_cls: 0.1046, s1.acc: 89.2894, s1.loss_bbox: 0.2722, s1.loss_mask: 0.1550, s2.loss_cls: 0.0620, s2.acc: 87.5701, s2.loss_bbox: 0.1493, s2.loss_mask: 0.0722, loss: 1.7315, grad_norm: 7.0622
2021-05-23 10:35:53,040 - mmdet - INFO - Epoch [5][14/43]	lr: 7.413e-03, eta: 0:11:34, time: 0.637, data_time: 0.130, memory: 4757, loss_rpn_cls: 0.0696, loss_rpn_bbox: 0.1016, s0.loss_cls: 0.2280, s0.acc: 89.7461, s0.loss_bbox: 0.2051, s0.loss_mask: 0.3059, s1.loss_cls: 0.1203, s1.acc: 88.3980, s1.loss_bbox: 0.2578, s1.loss_mask: 0.1509, s2.loss_cls: 0.0729, s2.acc: 86.9327, s2.loss_bbox: 0.1271, s2.loss_mask: 0.0697, loss: 1.7090, grad_norm: 6.7197
2021-05-23 10:35:54,183 - mmdet - INFO - Epoch [5][16/43]	lr: 7.493e-03, eta: 0:11:32, time: 0.572, data_time: 0.049, memory: 4757, loss_rpn_cls: 0.0480, loss_rpn_bbox: 0.0755, s0.loss_cls: 0.2028, s0.acc: 91.1133, s0.loss_bbox: 0.2008, s0.loss_mask: 0.2759, s1.loss_cls: 0.0987, s1.acc: 89.1208, s1.loss_bbox: 0.2182, s1.loss_mask: 0.1387, s2.loss_cls: 0.0560, s2.acc: 91.4633, s2.loss_bbox: 0.1354, s2.loss_mask: 0.0647, loss: 1.5146, grad_norm: 6.2263
2021-05-23 10:35:55,490 - mmdet - INFO - Epoch [5][18/43]	lr: 7.572e-03, eta: 0:11:31, time: 0.644, data_time: 0.110, memory: 4757, loss_rpn_cls: 0.0768, loss_rpn_bbox: 0.0947, s0.loss_cls: 0.2235, s0.acc: 90.6250, s0.loss_bbox: 0.2278, s0.loss_mask: 0.3226, s1.loss_cls: 0.1131, s1.acc: 89.3776, s1.loss_bbox: 0.2647, s1.loss_mask: 0.1513, s2.loss_cls: 0.0711, s2.acc: 86.2830, s2.loss_bbox: 0.1249, s2.loss_mask: 0.0733, loss: 1.7436, grad_norm: 9.1692
2021-05-23 10:35:56,697 - mmdet - INFO - Epoch [5][20/43]	lr: 7.652e-03, eta: 0:11:29, time: 0.612, data_time: 0.089, memory: 4757, loss_rpn_cls: 0.0459, loss_rpn_bbox: 0.0602, s0.loss_cls: 0.1893, s0.acc: 90.8203, s0.loss_bbox: 0.1785, s0.loss_mask: 0.2572, s1.loss_cls: 0.0871, s1.acc: 91.6613, s1.loss_bbox: 0.2015, s1.loss_mask: 0.1308, s2.loss_cls: 0.0480, s2.acc: 92.3317, s2.loss_bbox: 0.1217, s2.loss_mask: 0.0595, loss: 1.3798, grad_norm: 5.9549
2021-05-23 10:35:57,956 - mmdet - INFO - Epoch [5][22/43]	lr: 7.732e-03, eta: 0:11:28, time: 0.629, data_time: 0.118, memory: 4757, loss_rpn_cls: 0.0466, loss_rpn_bbox: 0.1024, s0.loss_cls: 0.2178, s0.acc: 90.2344, s0.loss_bbox: 0.2002, s0.loss_mask: 0.2605, s1.loss_cls: 0.0966, s1.acc: 91.9220, s1.loss_bbox: 0.2755, s1.loss_mask: 0.1544, s2.loss_cls: 0.0580, s2.acc: 90.2808, s2.loss_bbox: 0.1458, s2.loss_mask: 0.0736, loss: 1.6315, grad_norm: 6.2741
2021-05-23 10:35:59,052 - mmdet - INFO - Epoch [5][24/43]	lr: 7.812e-03, eta: 0:11:26, time: 0.548, data_time: 0.050, memory: 4847, loss_rpn_cls: 0.0574, loss_rpn_bbox: 0.1093, s0.loss_cls: 0.2395, s0.acc: 88.9648, s0.loss_bbox: 0.1762, s0.loss_mask: 0.2221, s1.loss_cls: 0.0910, s1.acc: 92.7315, s1.loss_bbox: 0.2128, s1.loss_mask: 0.1206, s2.loss_cls: 0.0503, s2.acc: 91.8132, s2.loss_bbox: 0.1328, s2.loss_mask: 0.0574, loss: 1.4694, grad_norm: 7.7083
2021-05-23 10:36:00,189 - mmdet - INFO - Epoch [5][26/43]	lr: 7.892e-03, eta: 0:11:24, time: 0.568, data_time: 0.045, memory: 4847, loss_rpn_cls: 0.0608, loss_rpn_bbox: 0.0917, s0.loss_cls: 0.2074, s0.acc: 91.1133, s0.loss_bbox: 0.2028, s0.loss_mask: 0.2784, s1.loss_cls: 0.1001, s1.acc: 90.7800, s1.loss_bbox: 0.2711, s1.loss_mask: 0.1369, s2.loss_cls: 0.0652, s2.acc: 87.4646, s2.loss_bbox: 0.1584, s2.loss_mask: 0.0653, loss: 1.6381, grad_norm: 12.9195
2021-05-23 10:36:01,316 - mmdet - INFO - Epoch [5][28/43]	lr: 7.972e-03, eta: 0:11:22, time: 0.553, data_time: 0.073, memory: 4847, loss_rpn_cls: 0.0650, loss_rpn_bbox: 0.1276, s0.loss_cls: 0.1810, s0.acc: 91.8945, s0.loss_bbox: 0.1408, s0.loss_mask: 0.2131, s1.loss_cls: 0.0825, s1.acc: 93.6124, s1.loss_bbox: 0.1827, s1.loss_mask: 0.1198, s2.loss_cls: 0.0479, s2.acc: 92.4116, s2.loss_bbox: 0.1267, s2.loss_mask: 0.0582, loss: 1.3452, grad_norm: 5.7829
2021-05-23 10:36:02,414 - mmdet - INFO - Epoch [5][30/43]	lr: 8.052e-03, eta: 0:11:20, time: 0.560, data_time: 0.090, memory: 4847, loss_rpn_cls: 0.1074, loss_rpn_bbox: 0.0962, s0.loss_cls: 0.2247, s0.acc: 89.9414, s0.loss_bbox: 0.1638, s0.loss_mask: 0.2333, s1.loss_cls: 0.0905, s1.acc: 92.3574, s1.loss_bbox: 0.1821, s1.loss_mask: 0.1202, s2.loss_cls: 0.0523, s2.acc: 91.1960, s2.loss_bbox: 0.1236, s2.loss_mask: 0.0591, loss: 1.4534, grad_norm: 4.9207
2021-05-23 10:36:03,493 - mmdet - INFO - Epoch [5][32/43]	lr: 8.132e-03, eta: 0:11:18, time: 0.540, data_time: 0.043, memory: 4847, loss_rpn_cls: 0.0514, loss_rpn_bbox: 0.0799, s0.loss_cls: 0.1972, s0.acc: 91.3086, s0.loss_bbox: 0.1680, s0.loss_mask: 0.2171, s1.loss_cls: 0.0791, s1.acc: 93.9854, s1.loss_bbox: 0.1637, s1.loss_mask: 0.1010, s2.loss_cls: 0.0531, s2.acc: 91.1045, s2.loss_bbox: 0.1107, s2.loss_mask: 0.0489, loss: 1.2701, grad_norm: 4.9518
2021-05-23 10:36:04,826 - mmdet - INFO - Epoch [5][34/43]	lr: 8.212e-03, eta: 0:11:17, time: 0.666, data_time: 0.118, memory: 4847, loss_rpn_cls: 0.0707, loss_rpn_bbox: 0.0964, s0.loss_cls: 0.2475, s0.acc: 89.6484, s0.loss_bbox: 0.1947, s0.loss_mask: 0.2875, s1.loss_cls: 0.1056, s1.acc: 90.5027, s1.loss_bbox: 0.2120, s1.loss_mask: 0.1356, s2.loss_cls: 0.0640, s2.acc: 88.5587, s2.loss_bbox: 0.1206, s2.loss_mask: 0.0650, loss: 1.5997, grad_norm: 5.6292
2021-05-23 10:36:05,996 - mmdet - INFO - Epoch [5][36/43]	lr: 8.292e-03, eta: 0:11:15, time: 0.585, data_time: 0.054, memory: 4847, loss_rpn_cls: 0.0433, loss_rpn_bbox: 0.0914, s0.loss_cls: 0.1756, s0.acc: 91.9922, s0.loss_bbox: 0.1531, s0.loss_mask: 0.2289, s1.loss_cls: 0.0971, s1.acc: 91.4761, s1.loss_bbox: 0.1833, s1.loss_mask: 0.1296, s2.loss_cls: 0.0470, s2.acc: 93.6269, s2.loss_bbox: 0.1455, s2.loss_mask: 0.0667, loss: 1.3615, grad_norm: 4.9186
2021-05-23 10:36:07,156 - mmdet - INFO - Epoch [5][38/43]	lr: 8.372e-03, eta: 0:11:13, time: 0.569, data_time: 0.089, memory: 4847, loss_rpn_cls: 0.0720, loss_rpn_bbox: 0.0794, s0.loss_cls: 0.1997, s0.acc: 90.4297, s0.loss_bbox: 0.1628, s0.loss_mask: 0.2671, s1.loss_cls: 0.1176, s1.acc: 89.6498, s1.loss_bbox: 0.2376, s1.loss_mask: 0.1396, s2.loss_cls: 0.0640, s2.acc: 86.2801, s2.loss_bbox: 0.1424, s2.loss_mask: 0.0637, loss: 1.5460, grad_norm: 6.9239
2021-05-23 10:36:08,322 - mmdet - INFO - Epoch [5][40/43]	lr: 8.452e-03, eta: 0:11:12, time: 0.594, data_time: 0.090, memory: 4847, loss_rpn_cls: 0.0678, loss_rpn_bbox: 0.0837, s0.loss_cls: 0.2298, s0.acc: 90.0391, s0.loss_bbox: 0.1863, s0.loss_mask: 0.2488, s1.loss_cls: 0.1187, s1.acc: 89.6116, s1.loss_bbox: 0.2134, s1.loss_mask: 0.1279, s2.loss_cls: 0.0646, s2.acc: 88.4381, s2.loss_bbox: 0.1410, s2.loss_mask: 0.0613, loss: 1.5432, grad_norm: 6.3610
2021-05-23 10:36:09,258 - mmdet - INFO - Epoch [5][42/43]	lr: 8.531e-03, eta: 0:11:09, time: 0.468, data_time: 0.039, memory: 4847, loss_rpn_cls: 0.0331, loss_rpn_bbox: 0.0678, s0.loss_cls: 0.1613, s0.acc: 91.9922, s0.loss_bbox: 0.1821, s0.loss_mask: 0.2794, s1.loss_cls: 0.0760, s1.acc: 94.2968, s1.loss_bbox: 0.2265, s1.loss_mask: 0.1487, s2.loss_cls: 0.0455, s2.acc: 93.0146, s2.loss_bbox: 0.1585, s2.loss_mask: 0.0648, loss: 1.4438, grad_norm: 8.1179
2021-05-23 10:36:09,678 - mmdet - INFO - Saving checkpoint at 5 epochs
[                                                  ] 0/8, elapsed: 0s, ETA:[>>>>                               ] 1/8, 1.9 task/s, elapsed: 1s, ETA:     4s[>>>>>>>>                           ] 2/8, 2.3 task/s, elapsed: 1s, ETA:     3s[>>>>>>>>>>>>>                      ] 3/8, 2.6 task/s, elapsed: 1s, ETA:     2s[>>>>>>>>>>>>>>>>>                  ] 4/8, 2.8 task/s, elapsed: 1s, ETA:     1s[>>>>>>>>>>>>>>>>>>>>>              ] 5/8, 2.9 task/s, elapsed: 2s, ETA:     1s[>>>>>>>>>>>>>>>>>>>>>>>>>>         ] 6/8, 3.0 task/s, elapsed: 2s, ETA:     1s[>>>>>>>>>>>>>>>>>>>>>>>>>>>>>>     ] 7/8, 3.0 task/s, elapsed: 2s, ETA:     0s[>>>>>>>>>>>>>>>>>>>>>>>>>>>>>>>>>>>] 8/8, 3.1 task/s, elapsed: 3s, ETA:     0s2021-05-23 10:36:14,373 - mmdet - INFO - Evaluating bbox...
2021-05-23 10:36:14,660 - mmdet - INFO - Evaluating segm...
2021-05-23 10:36:14,952 - mmdet - INFO - Exp name: cascade_mask_rcnn_x101_32x4d_fpn_1x_coco.py
2021-05-23 10:36:14,952 - mmdet - INFO - Epoch(val) [5][43]	bbox_mAP: 0.6770, bbox_mAP_30: 0.9380, bbox_mAP_50: 0.9270, bbox_mAP_75: 0.6480, bbox_mAP_s: 0.6770, bbox_mAP_m: 0.6780, bbox_mAP_l: -1.0000, bbox_mAP_copypaste: 0.677 0.938 0.927 0.648 0.677 0.678 -1.000, segm_mAP: 0.6660, segm_mAP_30: 0.9380, segm_mAP_50: 0.9280, segm_mAP_75: 0.5940, segm_mAP_s: 0.6720, segm_mAP_m: 0.6650, segm_mAP_l: -1.0000, segm_mAP_copypaste: 0.666 0.938 0.928 0.594 0.672 0.665 -1.000
Loading and preparing results...
DONE (t=0.00s)
creating index...
index created!
Running per image evaluation...
Evaluate annotation type *bbox*
DONE (t=0.27s).
Accumulating evaluation results...
DONE (t=0.01s).
Average Precision  (AP) @[ IoU=0.30:0.95 | area=   all | maxDets=100 ] = 0.677
Average Precision  (AP) @[ IoU=0.30      | area=   all | maxDets=1000 ] = 0.938
Average Precision  (AP) @[ IoU=0.50      | area=   all | maxDets=1000 ] = 0.927
Average Precision  (AP) @[ IoU=0.75      | area=   all | maxDets=1000 ] = 0.648
Average Precision  (AP) @[ IoU=0.30:0.95 | area= small | maxDets=1000 ] = 0.677
Average Precision  (AP) @[ IoU=0.30:0.95 | area=medium | maxDets=1000 ] = 0.678
Average Precision  (AP) @[ IoU=0.30:0.95 | area= large | maxDets=1000 ] = -1.000
Average Recall     (AR) @[ IoU=0.30:0.95 | area=   all | maxDets=100 ] = 0.730
Average Recall     (AR) @[ IoU=0.30:0.95 | area=   all | maxDets=300 ] = 0.730
Average Recall     (AR) @[ IoU=0.30:0.95 | area=   all | maxDets=1000 ] = 0.730
Average Recall     (AR) @[ IoU=0.30:0.95 | area= small | maxDets=1000 ] = 0.754
Average Recall     (AR) @[ IoU=0.30:0.95 | area=medium | maxDets=1000 ] = 0.720
Average Recall     (AR) @[ IoU=0.30:0.95 | area= large | maxDets=1000 ] = -1.000
Loading and preparing results...
DONE (t=0.00s)
creating index...
index created!
Running per image evaluation...
Evaluate annotation type *segm*
DONE (t=0.28s).
Accumulating evaluation results...
DONE (t=0.01s).
Average Precision  (AP) @[ IoU=0.30:0.95 | area=   all | maxDets=100 ] = 0.666
Average Precision  (AP) @[ IoU=0.30      | area=   all | maxDets=1000 ] = 0.938
Average Precision  (AP) @[ IoU=0.50      | area=   all | maxDets=1000 ] = 0.928
Average Precision  (AP) @[ IoU=0.75      | area=   all | maxDets=1000 ] = 0.594
Average Precision  (AP) @[ IoU=0.30:0.95 | area= small | maxDets=1000 ] = 0.672
Average Precision  (AP) @[ IoU=0.30:0.95 | area=medium | maxDets=1000 ] = 0.665
Average Precision  (AP) @[ IoU=0.30:0.95 | area= large | maxDets=1000 ] = -1.000
Average Recall     (AR) @[ IoU=0.30:0.95 | area=   all | maxDets=100 ] = 0.715
Average Recall     (AR) @[ IoU=0.30:0.95 | area=   all | maxDets=300 ] = 0.715
Average Recall     (AR) @[ IoU=0.30:0.95 | area=   all | maxDets=1000 ] = 0.715
Average Recall     (AR) @[ IoU=0.30:0.95 | area= small | maxDets=1000 ] = 0.743
Average Recall     (AR) @[ IoU=0.30:0.95 | area=medium | maxDets=1000 ] = 0.703
Average Recall     (AR) @[ IoU=0.30:0.95 | area= large | maxDets=1000 ] = -1.000
2021-05-23 10:36:18,627 - mmdet - INFO - Epoch [6][2/43]	lr: 8.651e-03, eta: 0:11:16, time: 1.832, data_time: 1.289, memory: 4847, loss_rpn_cls: 0.0504, loss_rpn_bbox: 0.0614, s0.loss_cls: 0.1895, s0.acc: 91.1133, s0.loss_bbox: 0.1540, s0.loss_mask: 0.2357, s1.loss_cls: 0.0932, s1.acc: 92.1714, s1.loss_bbox: 0.1869, s1.loss_mask: 0.1228, s2.loss_cls: 0.0488, s2.acc: 91.3589, s2.loss_bbox: 0.1343, s2.loss_mask: 0.0602, loss: 1.3371, grad_norm: 5.1764
2021-05-23 10:36:19,719 - mmdet - INFO - Epoch [6][4/43]	lr: 8.731e-03, eta: 0:11:14, time: 0.546, data_time: 0.038, memory: 4847, loss_rpn_cls: 0.0312, loss_rpn_bbox: 0.0522, s0.loss_cls: 0.1869, s0.acc: 92.1875, s0.loss_bbox: 0.1264, s0.loss_mask: 0.1949, s1.loss_cls: 0.0849, s1.acc: 92.5634, s1.loss_bbox: 0.1577, s1.loss_mask: 0.1053, s2.loss_cls: 0.0521, s2.acc: 90.3712, s2.loss_bbox: 0.1255, s2.loss_mask: 0.0528, loss: 1.1699, grad_norm: 8.1736
2021-05-23 10:36:20,984 - mmdet - INFO - Epoch [6][6/43]	lr: 8.811e-03, eta: 0:11:13, time: 0.632, data_time: 0.099, memory: 4847, loss_rpn_cls: 0.0479, loss_rpn_bbox: 0.0843, s0.loss_cls: 0.1804, s0.acc: 92.8711, s0.loss_bbox: 0.2079, s0.loss_mask: 0.2818, s1.loss_cls: 0.0879, s1.acc: 91.5619, s1.loss_bbox: 0.2163, s1.loss_mask: 0.1422, s2.loss_cls: 0.0551, s2.acc: 90.8589, s2.loss_bbox: 0.1299, s2.loss_mask: 0.0646, loss: 1.4981, grad_norm: 7.6435
2021-05-23 10:36:22,153 - mmdet - INFO - Epoch [6][8/43]	lr: 8.891e-03, eta: 0:11:11, time: 0.579, data_time: 0.066, memory: 4847, loss_rpn_cls: 0.0311, loss_rpn_bbox: 0.0623, s0.loss_cls: 0.2033, s0.acc: 90.4297, s0.loss_bbox: 0.1401, s0.loss_mask: 0.2239, s1.loss_cls: 0.1054, s1.acc: 89.4765, s1.loss_bbox: 0.1726, s1.loss_mask: 0.1222, s2.loss_cls: 0.0564, s2.acc: 89.6785, s2.loss_bbox: 0.1368, s2.loss_mask: 0.0594, loss: 1.3135, grad_norm: 6.1918
slurmstepd: error: *** JOB 18656469 ON m3g003 CANCELLED AT 2021-05-23T10:36:22 ***
